[     125ms] [LOG] [Fast Refresh] rebuilding @ http://localhost:3000/_next/static/chunks/node_modules_next_dist_115brz8._.js:2431
[     336ms] [LOG] [Fast Refresh] done in 324ms @ http://localhost:3000/_next/static/chunks/node_modules_next_dist_115brz8._.js:2431
[     479ms] [INFO] %cDownload the React DevTools for a better development experience: https://react.dev/link/react-devtools font-weight:bold @ http://localhost:3000/_next/static/chunks/node_modules_next_dist_115brz8._.js:2431
[     513ms] [LOG] [HMR] connected @ http://localhost:3000/_next/static/chunks/node_modules_next_dist_115brz8._.js:2431
[     531ms] [WARNING] %c%s%c [33m[1m⚠[22m[39m metadataBase property in metadata export is not set for resolving social open graph or twitter images, using "http://localhost:3000". See https://nextjs.org/docs/app/api-reference/functions/generate-metadata#metadatabase background: #e6e6e6;background: light-dark(rgba(0,0,0,0.1), rgba(255,255,255,0.25));color: #000000;color: light-dark(#000000, #ffffff);border-radius: 2px  Server   @ http://localhost:3000/_next/static/chunks/node_modules_next_dist_115brz8._.js:2431
[     784ms] [LOG] [Fast Refresh] rebuilding @ http://localhost:3000/_next/static/chunks/node_modules_next_dist_115brz8._.js:2431
[     879ms] [LOG] [Fast Refresh] done in 245ms @ http://localhost:3000/_next/static/chunks/node_modules_next_dist_115brz8._.js:2431
[    5658ms] [LOG] [Fast Refresh] rebuilding @ http://localhost:3000/_next/static/chunks/node_modules_next_dist_115brz8._.js:2431
[    5792ms] [LOG] [Fast Refresh] done in 235ms @ http://localhost:3000/_next/static/chunks/node_modules_next_dist_115brz8._.js:2431
[    5931ms] [INFO] %cDownload the React DevTools for a better development experience: https://react.dev/link/react-devtools font-weight:bold @ http://localhost:3000/_next/static/chunks/node_modules_next_dist_115brz8._.js:2431
[    5973ms] [LOG] [HMR] connected @ http://localhost:3000/_next/static/chunks/node_modules_next_dist_115brz8._.js:2431
[    5983ms] [WARNING] %c%s%c [33m[1m⚠[22m[39m metadataBase property in metadata export is not set for resolving social open graph or twitter images, using "http://localhost:3000". See https://nextjs.org/docs/app/api-reference/functions/generate-metadata#metadatabase background: #e6e6e6;background: light-dark(rgba(0,0,0,0.1), rgba(255,255,255,0.25));color: #000000;color: light-dark(#000000, #ffffff);border-radius: 2px  Server   @ http://localhost:3000/_next/static/chunks/node_modules_next_dist_115brz8._.js:2431
[    6353ms] [INFO] %cDownload the React DevTools for a better development experience: https://react.dev/link/react-devtools font-weight:bold @ http://localhost:3000/_next/static/chunks/node_modules_next_dist_115brz8._.js:2431
[    6401ms] [LOG] [HMR] connected @ http://localhost:3000/_next/static/chunks/node_modules_next_dist_115brz8._.js:2431
[   14641ms] [LOG] [Fast Refresh] rebuilding @ http://localhost:3000/_next/static/chunks/node_modules_next_dist_115brz8._.js:2431
[   14733ms] Error: Internal Next.js error: Router action dispatched before initialization.
    at dispatchAppRouterAction (http://localhost:3000/_next/static/chunks/node_modules_next_dist_client_0fhqo1d._.js:916:37)
    at http://localhost:3000/_next/static/chunks/node_modules_next_dist_client_0fhqo1d._.js:11800:61
    at startTransition (http://localhost:3000/_next/static/chunks/node_modules_next_dist_compiled_0rpq4pf._.js:1279:31)
    at Object.hmrRefresh (http://localhost:3000/_next/static/chunks/node_modules_next_dist_client_0fhqo1d._.js:11799:40)
    at http://localhost:3000/_next/static/chunks/node_modules_next_dist_client_0fhqo1d._.js:13967:64
    at startTransition (http://localhost:3000/_next/static/chunks/node_modules_next_dist_compiled_0rpq4pf._.js:1279:31)
    at processMessage (http://localhost:3000/_next/static/chunks/node_modules_next_dist_client_0fhqo1d._.js:13966:44)
    at WebSocket.handleMessage (http://localhost:3000/_next/static/chunks/node_modules_next_dist_client_0fhqo1d._.js:13335:52)
[   14773ms] Error: Internal Next.js error: Router action dispatched before initialization.
    at dispatchAppRouterAction (http://localhost:3000/_next/static/chunks/node_modules_next_dist_client_0fhqo1d._.js:916:37)
    at http://localhost:3000/_next/static/chunks/node_modules_next_dist_client_0fhqo1d._.js:11800:61
    at startTransition (http://localhost:3000/_next/static/chunks/node_modules_next_dist_compiled_0rpq4pf._.js:1279:31)
    at Object.hmrRefresh (http://localhost:3000/_next/static/chunks/node_modules_next_dist_client_0fhqo1d._.js:11799:40)
    at http://localhost:3000/_next/static/chunks/node_modules_next_dist_client_0fhqo1d._.js:13967:64
    at startTransition (http://localhost:3000/_next/static/chunks/node_modules_next_dist_compiled_0rpq4pf._.js:1279:31)
    at processMessage (http://localhost:3000/_next/static/chunks/node_modules_next_dist_client_0fhqo1d._.js:13966:44)
    at WebSocket.handleMessage (http://localhost:3000/_next/static/chunks/node_modules_next_dist_client_0fhqo1d._.js:13335:52)
[   14810ms] Error: Internal Next.js error: Router action dispatched before initialization.
    at dispatchAppRouterAction (http://localhost:3000/_next/static/chunks/node_modules_next_dist_client_0fhqo1d._.js:916:37)
    at http://localhost:3000/_next/static/chunks/node_modules_next_dist_client_0fhqo1d._.js:11800:61
    at startTransition (http://localhost:3000/_next/static/chunks/node_modules_next_dist_compiled_0rpq4pf._.js:1279:31)
    at Object.hmrRefresh (http://localhost:3000/_next/static/chunks/node_modules_next_dist_client_0fhqo1d._.js:11799:40)
    at http://localhost:3000/_next/static/chunks/node_modules_next_dist_client_0fhqo1d._.js:13967:64
    at startTransition (http://localhost:3000/_next/static/chunks/node_modules_next_dist_compiled_0rpq4pf._.js:1279:31)
    at processMessage (http://localhost:3000/_next/static/chunks/node_modules_next_dist_client_0fhqo1d._.js:13966:44)
    at WebSocket.handleMessage (http://localhost:3000/_next/static/chunks/node_modules_next_dist_client_0fhqo1d._.js:13335:52)
[   14853ms] Error: Internal Next.js error: Router action dispatched before initialization.
    at dispatchAppRouterAction (http://localhost:3000/_next/static/chunks/node_modules_next_dist_client_0fhqo1d._.js:916:37)
    at http://localhost:3000/_next/static/chunks/node_modules_next_dist_client_0fhqo1d._.js:11800:61
    at startTransition (http://localhost:3000/_next/static/chunks/node_modules_next_dist_compiled_0rpq4pf._.js:1279:31)
    at Object.hmrRefresh (http://localhost:3000/_next/static/chunks/node_modules_next_dist_client_0fhqo1d._.js:11799:40)
    at http://localhost:3000/_next/static/chunks/node_modules_next_dist_client_0fhqo1d._.js:13967:64
    at startTransition (http://localhost:3000/_next/static/chunks/node_modules_next_dist_compiled_0rpq4pf._.js:1279:31)
    at processMessage (http://localhost:3000/_next/static/chunks/node_modules_next_dist_client_0fhqo1d._.js:13966:44)
    at WebSocket.handleMessage (http://localhost:3000/_next/static/chunks/node_modules_next_dist_client_0fhqo1d._.js:13335:52)
[   14892ms] Error: Internal Next.js error: Router action dispatched before initialization.
    at dispatchAppRouterAction (http://localhost:3000/_next/static/chunks/node_modules_next_dist_client_0fhqo1d._.js:916:37)
    at http://localhost:3000/_next/static/chunks/node_modules_next_dist_client_0fhqo1d._.js:11800:61
    at startTransition (http://localhost:3000/_next/static/chunks/node_modules_next_dist_compiled_0rpq4pf._.js:1279:31)
    at Object.hmrRefresh (http://localhost:3000/_next/static/chunks/node_modules_next_dist_client_0fhqo1d._.js:11799:40)
    at http://localhost:3000/_next/static/chunks/node_modules_next_dist_client_0fhqo1d._.js:13967:64
    at startTransition (http://localhost:3000/_next/static/chunks/node_modules_next_dist_compiled_0rpq4pf._.js:1279:31)
    at processMessage (http://localhost:3000/_next/static/chunks/node_modules_next_dist_client_0fhqo1d._.js:13966:44)
    at WebSocket.handleMessage (http://localhost:3000/_next/static/chunks/node_modules_next_dist_client_0fhqo1d._.js:13335:52)
[   14935ms] Error: Internal Next.js error: Router action dispatched before initialization.
    at dispatchAppRouterAction (http://localhost:3000/_next/static/chunks/node_modules_next_dist_client_0fhqo1d._.js:916:37)
    at http://localhost:3000/_next/static/chunks/node_modules_next_dist_client_0fhqo1d._.js:11800:61
    at startTransition (http://localhost:3000/_next/static/chunks/node_modules_next_dist_compiled_0rpq4pf._.js:1279:31)
    at Object.hmrRefresh (http://localhost:3000/_next/static/chunks/node_modules_next_dist_client_0fhqo1d._.js:11799:40)
    at http://localhost:3000/_next/static/chunks/node_modules_next_dist_client_0fhqo1d._.js:13967:64
    at startTransition (http://localhost:3000/_next/static/chunks/node_modules_next_dist_compiled_0rpq4pf._.js:1279:31)
    at processMessage (http://localhost:3000/_next/static/chunks/node_modules_next_dist_client_0fhqo1d._.js:13966:44)
    at WebSocket.handleMessage (http://localhost:3000/_next/static/chunks/node_modules_next_dist_client_0fhqo1d._.js:13335:52)
[   15102ms] Error: Internal Next.js error: Router action dispatched before initialization.
    at dispatchAppRouterAction (http://localhost:3000/_next/static/chunks/node_modules_next_dist_client_0fhqo1d._.js:916:37)
    at http://localhost:3000/_next/static/chunks/node_modules_next_dist_client_0fhqo1d._.js:11800:61
    at startTransition (http://localhost:3000/_next/static/chunks/node_modules_next_dist_compiled_0rpq4pf._.js:1279:31)
    at Object.hmrRefresh (http://localhost:3000/_next/static/chunks/node_modules_next_dist_client_0fhqo1d._.js:11799:40)
    at http://localhost:3000/_next/static/chunks/node_modules_next_dist_client_0fhqo1d._.js:13967:64
    at startTransition (http://localhost:3000/_next/static/chunks/node_modules_next_dist_compiled_0rpq4pf._.js:1279:31)
    at processMessage (http://localhost:3000/_next/static/chunks/node_modules_next_dist_client_0fhqo1d._.js:13966:44)
    at WebSocket.handleMessage (http://localhost:3000/_next/static/chunks/node_modules_next_dist_client_0fhqo1d._.js:13335:52)
[   15196ms] Error: Internal Next.js error: Router action dispatched before initialization.
    at dispatchAppRouterAction (http://localhost:3000/_next/static/chunks/node_modules_next_dist_client_0fhqo1d._.js:916:37)
    at http://localhost:3000/_next/static/chunks/node_modules_next_dist_client_0fhqo1d._.js:11800:61
    at startTransition (http://localhost:3000/_next/static/chunks/node_modules_next_dist_compiled_0rpq4pf._.js:1279:31)
    at Object.hmrRefresh (http://localhost:3000/_next/static/chunks/node_modules_next_dist_client_0fhqo1d._.js:11799:40)
    at http://localhost:3000/_next/static/chunks/node_modules_next_dist_client_0fhqo1d._.js:13967:64
    at startTransition (http://localhost:3000/_next/static/chunks/node_modules_next_dist_compiled_0rpq4pf._.js:1279:31)
    at processMessage (http://localhost:3000/_next/static/chunks/node_modules_next_dist_client_0fhqo1d._.js:13966:44)
    at WebSocket.handleMessage (http://localhost:3000/_next/static/chunks/node_modules_next_dist_client_0fhqo1d._.js:13335:52)
[   15265ms] Error: Internal Next.js error: Router action dispatched before initialization.
    at dispatchAppRouterAction (http://localhost:3000/_next/static/chunks/node_modules_next_dist_client_0fhqo1d._.js:916:37)
    at http://localhost:3000/_next/static/chunks/node_modules_next_dist_client_0fhqo1d._.js:11800:61
    at startTransition (http://localhost:3000/_next/static/chunks/node_modules_next_dist_compiled_0rpq4pf._.js:1279:31)
    at Object.hmrRefresh (http://localhost:3000/_next/static/chunks/node_modules_next_dist_client_0fhqo1d._.js:11799:40)
    at http://localhost:3000/_next/static/chunks/node_modules_next_dist_client_0fhqo1d._.js:13967:64
    at startTransition (http://localhost:3000/_next/static/chunks/node_modules_next_dist_compiled_0rpq4pf._.js:1279:31)
    at processMessage (http://localhost:3000/_next/static/chunks/node_modules_next_dist_client_0fhqo1d._.js:13966:44)
    at WebSocket.handleMessage (http://localhost:3000/_next/static/chunks/node_modules_next_dist_client_0fhqo1d._.js:13335:52)
[   15313ms] Error: Internal Next.js error: Router action dispatched before initialization.
    at dispatchAppRouterAction (http://localhost:3000/_next/static/chunks/node_modules_next_dist_client_0fhqo1d._.js:916:37)
    at http://localhost:3000/_next/static/chunks/node_modules_next_dist_client_0fhqo1d._.js:11800:61
    at startTransition (http://localhost:3000/_next/static/chunks/node_modules_next_dist_compiled_0rpq4pf._.js:1279:31)
    at Object.hmrRefresh (http://localhost:3000/_next/static/chunks/node_modules_next_dist_client_0fhqo1d._.js:11799:40)
    at http://localhost:3000/_next/static/chunks/node_modules_next_dist_client_0fhqo1d._.js:13967:64
    at startTransition (http://localhost:3000/_next/static/chunks/node_modules_next_dist_compiled_0rpq4pf._.js:1279:31)
    at processMessage (http://localhost:3000/_next/static/chunks/node_modules_next_dist_client_0fhqo1d._.js:13966:44)
    at WebSocket.handleMessage (http://localhost:3000/_next/static/chunks/node_modules_next_dist_client_0fhqo1d._.js:13335:52)
[   15355ms] Error: Internal Next.js error: Router action dispatched before initialization.
    at dispatchAppRouterAction (http://localhost:3000/_next/static/chunks/node_modules_next_dist_client_0fhqo1d._.js:916:37)
    at http://localhost:3000/_next/static/chunks/node_modules_next_dist_client_0fhqo1d._.js:11800:61
    at startTransition (http://localhost:3000/_next/static/chunks/node_modules_next_dist_compiled_0rpq4pf._.js:1279:31)
    at Object.hmrRefresh (http://localhost:3000/_next/static/chunks/node_modules_next_dist_client_0fhqo1d._.js:11799:40)
    at http://localhost:3000/_next/static/chunks/node_modules_next_dist_client_0fhqo1d._.js:13967:64
    at startTransition (http://localhost:3000/_next/static/chunks/node_modules_next_dist_compiled_0rpq4pf._.js:1279:31)
    at processMessage (http://localhost:3000/_next/static/chunks/node_modules_next_dist_client_0fhqo1d._.js:13966:44)
    at WebSocket.handleMessage (http://localhost:3000/_next/static/chunks/node_modules_next_dist_client_0fhqo1d._.js:13335:52)
[   15392ms] Error: Internal Next.js error: Router action dispatched before initialization.
    at dispatchAppRouterAction (http://localhost:3000/_next/static/chunks/node_modules_next_dist_client_0fhqo1d._.js:916:37)
    at http://localhost:3000/_next/static/chunks/node_modules_next_dist_client_0fhqo1d._.js:11800:61
    at startTransition (http://localhost:3000/_next/static/chunks/node_modules_next_dist_compiled_0rpq4pf._.js:1279:31)
    at Object.hmrRefresh (http://localhost:3000/_next/static/chunks/node_modules_next_dist_client_0fhqo1d._.js:11799:40)
    at http://localhost:3000/_next/static/chunks/node_modules_next_dist_client_0fhqo1d._.js:13967:64
    at startTransition (http://localhost:3000/_next/static/chunks/node_modules_next_dist_compiled_0rpq4pf._.js:1279:31)
    at processMessage (http://localhost:3000/_next/static/chunks/node_modules_next_dist_client_0fhqo1d._.js:13966:44)
    at WebSocket.handleMessage (http://localhost:3000/_next/static/chunks/node_modules_next_dist_client_0fhqo1d._.js:13335:52)
[   15439ms] Error: Internal Next.js error: Router action dispatched before initialization.
    at dispatchAppRouterAction (http://localhost:3000/_next/static/chunks/node_modules_next_dist_client_0fhqo1d._.js:916:37)
    at http://localhost:3000/_next/static/chunks/node_modules_next_dist_client_0fhqo1d._.js:11800:61
    at startTransition (http://localhost:3000/_next/static/chunks/node_modules_next_dist_compiled_0rpq4pf._.js:1279:31)
    at Object.hmrRefresh (http://localhost:3000/_next/static/chunks/node_modules_next_dist_client_0fhqo1d._.js:11799:40)
    at http://localhost:3000/_next/static/chunks/node_modules_next_dist_client_0fhqo1d._.js:13967:64
    at startTransition (http://localhost:3000/_next/static/chunks/node_modules_next_dist_compiled_0rpq4pf._.js:1279:31)
    at processMessage (http://localhost:3000/_next/static/chunks/node_modules_next_dist_client_0fhqo1d._.js:13966:44)
    at WebSocket.handleMessage (http://localhost:3000/_next/static/chunks/node_modules_next_dist_client_0fhqo1d._.js:13335:52)
[   15481ms] Error: Internal Next.js error: Router action dispatched before initialization.
    at dispatchAppRouterAction (http://localhost:3000/_next/static/chunks/node_modules_next_dist_client_0fhqo1d._.js:916:37)
    at http://localhost:3000/_next/static/chunks/node_modules_next_dist_client_0fhqo1d._.js:11800:61
    at startTransition (http://localhost:3000/_next/static/chunks/node_modules_next_dist_compiled_0rpq4pf._.js:1279:31)
    at Object.hmrRefresh (http://localhost:3000/_next/static/chunks/node_modules_next_dist_client_0fhqo1d._.js:11799:40)
    at http://localhost:3000/_next/static/chunks/node_modules_next_dist_client_0fhqo1d._.js:13967:64
    at startTransition (http://localhost:3000/_next/static/chunks/node_modules_next_dist_compiled_0rpq4pf._.js:1279:31)
    at processMessage (http://localhost:3000/_next/static/chunks/node_modules_next_dist_client_0fhqo1d._.js:13966:44)
    at WebSocket.handleMessage (http://localhost:3000/_next/static/chunks/node_modules_next_dist_client_0fhqo1d._.js:13335:52)
[   15513ms] Error: Internal Next.js error: Router action dispatched before initialization.
    at dispatchAppRouterAction (http://localhost:3000/_next/static/chunks/node_modules_next_dist_client_0fhqo1d._.js:916:37)
    at http://localhost:3000/_next/static/chunks/node_modules_next_dist_client_0fhqo1d._.js:11800:61
    at startTransition (http://localhost:3000/_next/static/chunks/node_modules_next_dist_compiled_0rpq4pf._.js:1279:31)
    at Object.hmrRefresh (http://localhost:3000/_next/static/chunks/node_modules_next_dist_client_0fhqo1d._.js:11799:40)
    at http://localhost:3000/_next/static/chunks/node_modules_next_dist_client_0fhqo1d._.js:13967:64
    at startTransition (http://localhost:3000/_next/static/chunks/node_modules_next_dist_compiled_0rpq4pf._.js:1279:31)
    at processMessage (http://localhost:3000/_next/static/chunks/node_modules_next_dist_client_0fhqo1d._.js:13966:44)
    at WebSocket.handleMessage (http://localhost:3000/_next/static/chunks/node_modules_next_dist_client_0fhqo1d._.js:13335:52)
[   15554ms] Error: Internal Next.js error: Router action dispatched before initialization.
    at dispatchAppRouterAction (http://localhost:3000/_next/static/chunks/node_modules_next_dist_client_0fhqo1d._.js:916:37)
    at http://localhost:3000/_next/static/chunks/node_modules_next_dist_client_0fhqo1d._.js:11800:61
    at startTransition (http://localhost:3000/_next/static/chunks/node_modules_next_dist_compiled_0rpq4pf._.js:1279:31)
    at Object.hmrRefresh (http://localhost:3000/_next/static/chunks/node_modules_next_dist_client_0fhqo1d._.js:11799:40)
    at http://localhost:3000/_next/static/chunks/node_modules_next_dist_client_0fhqo1d._.js:13967:64
    at startTransition (http://localhost:3000/_next/static/chunks/node_modules_next_dist_compiled_0rpq4pf._.js:1279:31)
    at processMessage (http://localhost:3000/_next/static/chunks/node_modules_next_dist_client_0fhqo1d._.js:13966:44)
    at WebSocket.handleMessage (http://localhost:3000/_next/static/chunks/node_modules_next_dist_client_0fhqo1d._.js:13335:52)
[   15613ms] Error: Internal Next.js error: Router action dispatched before initialization.
    at dispatchAppRouterAction (http://localhost:3000/_next/static/chunks/node_modules_next_dist_client_0fhqo1d._.js:916:37)
    at http://localhost:3000/_next/static/chunks/node_modules_next_dist_client_0fhqo1d._.js:11800:61
    at startTransition (http://localhost:3000/_next/static/chunks/node_modules_next_dist_compiled_0rpq4pf._.js:1279:31)
    at Object.hmrRefresh (http://localhost:3000/_next/static/chunks/node_modules_next_dist_client_0fhqo1d._.js:11799:40)
    at http://localhost:3000/_next/static/chunks/node_modules_next_dist_client_0fhqo1d._.js:13967:64
    at startTransition (http://localhost:3000/_next/static/chunks/node_modules_next_dist_compiled_0rpq4pf._.js:1279:31)
    at processMessage (http://localhost:3000/_next/static/chunks/node_modules_next_dist_client_0fhqo1d._.js:13966:44)
    at WebSocket.handleMessage (http://localhost:3000/_next/static/chunks/node_modules_next_dist_client_0fhqo1d._.js:13335:52)
[   15660ms] Error: Internal Next.js error: Router action dispatched before initialization.
    at dispatchAppRouterAction (http://localhost:3000/_next/static/chunks/node_modules_next_dist_client_0fhqo1d._.js:916:37)
    at http://localhost:3000/_next/static/chunks/node_modules_next_dist_client_0fhqo1d._.js:11800:61
    at startTransition (http://localhost:3000/_next/static/chunks/node_modules_next_dist_compiled_0rpq4pf._.js:1279:31)
    at Object.hmrRefresh (http://localhost:3000/_next/static/chunks/node_modules_next_dist_client_0fhqo1d._.js:11799:40)
    at http://localhost:3000/_next/static/chunks/node_modules_next_dist_client_0fhqo1d._.js:13967:64
    at startTransition (http://localhost:3000/_next/static/chunks/node_modules_next_dist_compiled_0rpq4pf._.js:1279:31)
    at processMessage (http://localhost:3000/_next/static/chunks/node_modules_next_dist_client_0fhqo1d._.js:13966:44)
    at WebSocket.handleMessage (http://localhost:3000/_next/static/chunks/node_modules_next_dist_client_0fhqo1d._.js:13335:52)
[   15702ms] Error: Internal Next.js error: Router action dispatched before initialization.
    at dispatchAppRouterAction (http://localhost:3000/_next/static/chunks/node_modules_next_dist_client_0fhqo1d._.js:916:37)
    at http://localhost:3000/_next/static/chunks/node_modules_next_dist_client_0fhqo1d._.js:11800:61
    at startTransition (http://localhost:3000/_next/static/chunks/node_modules_next_dist_compiled_0rpq4pf._.js:1279:31)
    at Object.hmrRefresh (http://localhost:3000/_next/static/chunks/node_modules_next_dist_client_0fhqo1d._.js:11799:40)
    at http://localhost:3000/_next/static/chunks/node_modules_next_dist_client_0fhqo1d._.js:13967:64
    at startTransition (http://localhost:3000/_next/static/chunks/node_modules_next_dist_compiled_0rpq4pf._.js:1279:31)
    at processMessage (http://localhost:3000/_next/static/chunks/node_modules_next_dist_client_0fhqo1d._.js:13966:44)
    at WebSocket.handleMessage (http://localhost:3000/_next/static/chunks/node_modules_next_dist_client_0fhqo1d._.js:13335:52)
[   15750ms] Error: Internal Next.js error: Router action dispatched before initialization.
    at dispatchAppRouterAction (http://localhost:3000/_next/static/chunks/node_modules_next_dist_client_0fhqo1d._.js:916:37)
    at http://localhost:3000/_next/static/chunks/node_modules_next_dist_client_0fhqo1d._.js:11800:61
    at startTransition (http://localhost:3000/_next/static/chunks/node_modules_next_dist_compiled_0rpq4pf._.js:1279:31)
    at Object.hmrRefresh (http://localhost:3000/_next/static/chunks/node_modules_next_dist_client_0fhqo1d._.js:11799:40)
    at http://localhost:3000/_next/static/chunks/node_modules_next_dist_client_0fhqo1d._.js:13967:64
    at startTransition (http://localhost:3000/_next/static/chunks/node_modules_next_dist_compiled_0rpq4pf._.js:1279:31)
    at processMessage (http://localhost:3000/_next/static/chunks/node_modules_next_dist_client_0fhqo1d._.js:13966:44)
    at WebSocket.handleMessage (http://localhost:3000/_next/static/chunks/node_modules_next_dist_client_0fhqo1d._.js:13335:52)
[   15794ms] Error: Internal Next.js error: Router action dispatched before initialization.
    at dispatchAppRouterAction (http://localhost:3000/_next/static/chunks/node_modules_next_dist_client_0fhqo1d._.js:916:37)
    at http://localhost:3000/_next/static/chunks/node_modules_next_dist_client_0fhqo1d._.js:11800:61
    at startTransition (http://localhost:3000/_next/static/chunks/node_modules_next_dist_compiled_0rpq4pf._.js:1279:31)
    at Object.hmrRefresh (http://localhost:3000/_next/static/chunks/node_modules_next_dist_client_0fhqo1d._.js:11799:40)
    at http://localhost:3000/_next/static/chunks/node_modules_next_dist_client_0fhqo1d._.js:13967:64
    at startTransition (http://localhost:3000/_next/static/chunks/node_modules_next_dist_compiled_0rpq4pf._.js:1279:31)
    at processMessage (http://localhost:3000/_next/static/chunks/node_modules_next_dist_client_0fhqo1d._.js:13966:44)
    at WebSocket.handleMessage (http://localhost:3000/_next/static/chunks/node_modules_next_dist_client_0fhqo1d._.js:13335:52)
[   15831ms] Error: Internal Next.js error: Router action dispatched before initialization.
    at dispatchAppRouterAction (http://localhost:3000/_next/static/chunks/node_modules_next_dist_client_0fhqo1d._.js:916:37)
    at http://localhost:3000/_next/static/chunks/node_modules_next_dist_client_0fhqo1d._.js:11800:61
    at startTransition (http://localhost:3000/_next/static/chunks/node_modules_next_dist_compiled_0rpq4pf._.js:1279:31)
    at Object.hmrRefresh (http://localhost:3000/_next/static/chunks/node_modules_next_dist_client_0fhqo1d._.js:11799:40)
    at http://localhost:3000/_next/static/chunks/node_modules_next_dist_client_0fhqo1d._.js:13967:64
    at startTransition (http://localhost:3000/_next/static/chunks/node_modules_next_dist_compiled_0rpq4pf._.js:1279:31)
    at processMessage (http://localhost:3000/_next/static/chunks/node_modules_next_dist_client_0fhqo1d._.js:13966:44)
    at WebSocket.handleMessage (http://localhost:3000/_next/static/chunks/node_modules_next_dist_client_0fhqo1d._.js:13335:52)
[   15878ms] Error: Internal Next.js error: Router action dispatched before initialization.
    at dispatchAppRouterAction (http://localhost:3000/_next/static/chunks/node_modules_next_dist_client_0fhqo1d._.js:916:37)
    at http://localhost:3000/_next/static/chunks/node_modules_next_dist_client_0fhqo1d._.js:11800:61
    at startTransition (http://localhost:3000/_next/static/chunks/node_modules_next_dist_compiled_0rpq4pf._.js:1279:31)
    at Object.hmrRefresh (http://localhost:3000/_next/static/chunks/node_modules_next_dist_client_0fhqo1d._.js:11799:40)
    at http://localhost:3000/_next/static/chunks/node_modules_next_dist_client_0fhqo1d._.js:13967:64
    at startTransition (http://localhost:3000/_next/static/chunks/node_modules_next_dist_compiled_0rpq4pf._.js:1279:31)
    at processMessage (http://localhost:3000/_next/static/chunks/node_modules_next_dist_client_0fhqo1d._.js:13966:44)
    at WebSocket.handleMessage (http://localhost:3000/_next/static/chunks/node_modules_next_dist_client_0fhqo1d._.js:13335:52)
[   15916ms] Error: Internal Next.js error: Router action dispatched before initialization.
    at dispatchAppRouterAction (http://localhost:3000/_next/static/chunks/node_modules_next_dist_client_0fhqo1d._.js:916:37)
    at http://localhost:3000/_next/static/chunks/node_modules_next_dist_client_0fhqo1d._.js:11800:61
    at startTransition (http://localhost:3000/_next/static/chunks/node_modules_next_dist_compiled_0rpq4pf._.js:1279:31)
    at Object.hmrRefresh (http://localhost:3000/_next/static/chunks/node_modules_next_dist_client_0fhqo1d._.js:11799:40)
    at http://localhost:3000/_next/static/chunks/node_modules_next_dist_client_0fhqo1d._.js:13967:64
    at startTransition (http://localhost:3000/_next/static/chunks/node_modules_next_dist_compiled_0rpq4pf._.js:1279:31)
    at processMessage (http://localhost:3000/_next/static/chunks/node_modules_next_dist_client_0fhqo1d._.js:13966:44)
    at WebSocket.handleMessage (http://localhost:3000/_next/static/chunks/node_modules_next_dist_client_0fhqo1d._.js:13335:52)
[   15938ms] [LOG] [Fast Refresh] done in 1377ms @ http://localhost:3000/_next/static/chunks/node_modules_next_dist_115brz8._.js:2431
[   16059ms] [LOG] [Fast Refresh] rebuilding @ http://localhost:3000/_next/static/chunks/node_modules_next_dist_115brz8._.js:2431
[   16066ms] [LOG] [Fast Refresh] done in 110ms @ http://localhost:3000/_next/static/chunks/node_modules_next_dist_115brz8._.js:2431
