[   -3662ms] [ERROR] Failed to load resource: net::ERR_CERT_DATE_INVALID @ https://measureadv.com/user?gdpr=0&gdpr_consent=&usp_consent=&p=4:0
[   -3001ms] [ERROR] Failed to load resource: net::ERR_HTTP2_SERVER_REFUSED_STREAM @ https://cs.admanmedia.com/e03deca3316b700a1ce99c41e324fd03.gif?puid=ID5-5-73c6d096-2b70-4482-9e98-0d1dcf1c5b6d&redir=https%3A%2F%2Fsync.inmobi.com%2Fsetuid%3FbidderID%3D149%26dspUserId%3D%5BUID%5D&gdpr=0&gdpr_consent=:0
[   -2985ms] [ERROR] Failed to load resource: net::ERR_HTTP2_SERVER_REFUSED_STREAM @ https://cs.admanmedia.com/2d3a53bfd5e6a5d474cb0cccf071882f.gif?puid=c05a615180&gdpr=0&gdpr_consent=:0
[    -173ms] [ERROR] Failed to load resource: net::ERR_CONNECTION_REFUSED @ https://cs.playdigo.com/dd3f91b3168664e47ebd1aec9512abd4.gif?puid=ID5-5-73c6d096-2b70-4482-9e98-0d1dcf1c5b6d&redir=https%3A%2F%2Fsync.inmobi.com%2Fsetuid%3FbidderID%3D1302%26dspUserId%3D%5BUID%5D&gdpr=0&gdpr_consent=:0
[     235ms] [ERROR] Failed to load resource: net::ERR_NAME_NOT_RESOLVED @ https://usermatch.krxd.net/um/v2?partner=tapad:0
[     359ms] [ERROR] Failed to load resource: the server responded with a status of 400 (Bad Request) @ https://cpm.vistarsagency.com/user-sync?zone=354281%20&t=image&r=https://image2.pubmatic.com/AdServer/Pug?vcode=bz0yJnR5cGU9MSZjb2RlPTQxNTcmdGw9MTI5NjAw&piggybackCookie={UID}&gdpr=0&gdpr_consent=&us_privacy=&gpp=&gpp_sid=&ccpa=[CCPA]:0
[     359ms] [ERROR] Failed to load resource: the server responded with a status of 400 (Bad Request) @ https://cpm.vistarsagency.com/user-sync?zone=354281%20&t=image&r=https://image2.pubmatic.com/AdServer/Pug?vcode=bz0yJnR5cGU9MSZjb2RlPTQxNTcmdGw9MTI5NjAw&piggybackCookie={UID}&gdpr=0&gdpr_consent=&us_privacy=&gpp=&gpp_sid=&ccpa=[CCPA]:0
[     372ms] [ERROR] Failed to load resource: the server responded with a status of 400 (Bad Request) @ https://cpm.vistarsagency.com/user-sync?zone=344671&t=image&r=https://image2.pubmatic.com/AdServer/Pug?vcode=bz0yJnR5cGU9MSZjb2RlPTQxNTcmdGw9MTI5NjAw&piggybackCookie={UID}&gdpr=0&gdpr_consent=&us_privacy=&gpp=&gpp_sid=&ccpa=[CCPA]:0
[     691ms] [WARNING] Error with Permissions-Policy header: Invalid allowlist item(https://pay.google.com) for feature payment. Allowlist item must be *, self or quoted url. @ :0
[    1224ms] [ERROR] Error retrieving a token. @ https://www.flaticon.com/search?word=verification&type=standard:5164
[    1249ms] [ERROR] Failed to load resource: net::ERR_CONNECTION_RESET @ https://seoab.io/:0
[    1953ms] [WARNING] [GPT] PubAdsService.enableSingleRequest is deprecated, use googletag.setConfig({singleRequest: ...}) instead.
https://goo.gle/gpt-message#170 @ https://securepubads.g.doubleclick.net/pagead/managed/js/gpt/m202605280101/pubads_impl.js?cb=31098850:18
[    2216ms] [WARNING] [GSI_LOGGER]: Your client application uses one of the Google One Tap prompt UI status methods that may stop functioning when FedCM becomes mandatory. Refer to the migration guide to update your code accordingly and opt-in to FedCM to test your changes. Learn more: https://developers.google.com/identity/gsi/web/guides/fedcm-migration?s=dc#display_moment and https://developers.google.com/identity/gsi/web/guides/fedcm-migration?s=dc#skipped_moment @ https://accounts.google.com/gsi/client:84
[    3678ms] [WARNING] [GPT] Slot.setTargeting is deprecated, use Slot.setConfig({targeting: ...}) instead.
https://goo.gle/gpt-message#171 @ https://securepubads.g.doubleclick.net/pagead/managed/js/gpt/m202605280101/pubads_impl.js?cb=31098850:18
[    5652ms] [ERROR] Attestation check for Shared Storage on https://www.googleadservices.com failed. @ https://www.googleadservices.com/pagead/managed/js/activeview/current/reach_worklet.html:0
[    6411ms] [WARNING] The resource https://media.flaticon.com/dist/min/img/logo/flaticon_negative.svg was preloaded using link preload but not used within a few seconds from the window's load event. Please make sure it has an appropriate `as` value and it is preloaded intentionally. @ https://www.flaticon.com/search?word=verification&type=standard:0
[    8651ms] [ERROR] Failed to load resource: the server responded with a status of 404 () @ https://cs.admanmedia.com/c899400112bd5b9243b3993d9a074653.gif?puid=[UID]&redir=https%3A%2F%2Fcsync.smilewanted.com%2Fset_partner_userid_get%2Fillumin%2F%5BUID%5D&gdpr=0&gdpr_consent=:0
[    9115ms] [ERROR] Failed to load resource: net::ERR_CERT_DATE_INVALID @ https://measureadv.com/user?gdpr=0&gdpr_consent=&usp_consent=&p=4:0
[    9115ms] [ERROR] Failed to load resource: net::ERR_CERT_DATE_INVALID @ https://measureadv.com/user?gdpr=0&gdpr_consent=&usp_consent=&p=4:0
[    9115ms] [ERROR] Failed to load resource: net::ERR_CERT_DATE_INVALID @ https://measureadv.com/user?gdpr=0&gdpr_consent=&usp_consent=&p=4:0
[   10044ms] [DIR] SyntaxError @ https://js.ad-score.com/score.min.js?pid=1000925&tt=g:1
[   10214ms] [TIMEEND] a: 0.0078125 ms @ https://static.adsafeprotected.com/sca.17.6.4.js:31
[   10649ms] [WARNING] The powerPreference option is currently ignored when calling requestAdapter() on Windows. See https://crbug.com/369219127 @ https://js.ad-score.com/score.min.js?pid=1000925&tt=g:1
[   10793ms] [ERROR] Failed to load resource: net::ERR_CONNECTION_REFUSED @ https://cs.playdigo.com/dd3f91b3168664e47ebd1aec9512abd4.gif?puid=ID5-5-73c6d096-2b70-4482-9e98-0d1dcf1c5b6d&redir=https%3A%2F%2Fsync.inmobi.com%2Fsetuid%3FbidderID%3D1302%26dspUserId%3D%5BUID%5D&gdpr=0&gdpr_consent=:0
[   11398ms] [ERROR] Failed to load resource: the server responded with a status of 404 () @ https://cs.admanmedia.com/94fd017f496d404a25fc5546f959bf2f.gif?gdpr=&gdpr_consent=&us_privacy=&redir=https%3A%2F%2Fsync.kueezrtb.com%2Fapi%2Fcookie%3FpartnerId%3Dkueez-acuity%26gdpr%3D%26gdpr_consent%3D%26us_privacy%3D%26userId%3D%5BUID%5D:0
[   11868ms] [ERROR] Failed to load resource: the server responded with a status of 404 () @ https://cs.admanmedia.com/94fd017f496d404a25fc5546f959bf2f.gif?gdpr=&gdpr_consent=&us_privacy=&redir=https%3A%2F%2Fsync.kueezrtb.com%2Fapi%2Fcookie%3FpartnerId%3Dkueez-acuity%26gdpr%3D%26gdpr_consent%3D%26us_privacy%3D%26userId%3D%5BUID%5D:0
[   12360ms] [ERROR] Failed to load resource: the server responded with a status of 404 () @ https://cs.admanmedia.com/94fd017f496d404a25fc5546f959bf2f.gif?gdpr=&gdpr_consent=&us_privacy=&redir=https%3A%2F%2Fsync.kueezrtb.com%2Fapi%2Fcookie%3FpartnerId%3Dkueez-acuity%26gdpr%3D%26gdpr_consent%3D%26us_privacy%3D%26userId%3D%5BUID%5D:0
[   12886ms] [ERROR] Failed to load resource: the server responded with a status of 404 () @ https://cs.admanmedia.com/94fd017f496d404a25fc5546f959bf2f.gif?gdpr=&gdpr_consent=&us_privacy=&redir=https%3A%2F%2Fsync.kueezrtb.com%2Fapi%2Fcookie%3FpartnerId%3Dkueez-acuity%26gdpr%3D%26gdpr_consent%3D%26us_privacy%3D%26userId%3D%5BUID%5D:0
[   13359ms] [ERROR] Failed to load resource: the server responded with a status of 404 () @ https://cs.admanmedia.com/94fd017f496d404a25fc5546f959bf2f.gif?gdpr=&gdpr_consent=&us_privacy=&redir=https%3A%2F%2Fsync.kueezrtb.com%2Fapi%2Fcookie%3FpartnerId%3Dkueez-acuity%26gdpr%3D%26gdpr_consent%3D%26us_privacy%3D%26userId%3D%5BUID%5D:0
[   13888ms] [ERROR] Failed to load resource: the server responded with a status of 404 () @ https://cs.admanmedia.com/94fd017f496d404a25fc5546f959bf2f.gif?gdpr=&gdpr_consent=&us_privacy=&redir=https%3A%2F%2Fsync.kueezrtb.com%2Fapi%2Fcookie%3FpartnerId%3Dkueez-acuity%26gdpr%3D%26gdpr_consent%3D%26us_privacy%3D%26userId%3D%5BUID%5D:0
[   18706ms] [WARNING] The resource https://media.flaticon.com/dist/min/img/logo/flaticon_negative.svg was preloaded using link preload but not used within a few seconds from the window's load event. Please make sure it has an appropriate `as` value and it is preloaded intentionally. @ https://www.flaticon.com/search?word=verification&type=standard:0
[   27350ms] [ERROR] Failed to load resource: net::ERR_CONNECTION_RESET @ https://www.googletagservices.com/agrp/prod/model_person_country_code_AR_person_region_code_4275656e6f73416972657350726f76696e63655f414d4241.json:0
[   27351ms] Failed to fetch
[   30394ms] [WARNING] The resource https://media.flaticon.com/dist/min/img/logo/flaticon_negative.svg was preloaded using link preload but not used within a few seconds from the window's load event. Please make sure it has an appropriate `as` value and it is preloaded intentionally. @ https://www.flaticon.com/search?word=verification&type=standard:0
[   32792ms] [ERROR] Attestation check for Shared Storage on https://www.googleadservices.com failed. @ https://www.googleadservices.com/pagead/managed/js/activeview/current/reach_worklet.html:0
[   33924ms] [DIR] SyntaxError @ https://js.ad-score.com/score.min.js?pid=1000925&tt=g:1
[   34250ms] [WARNING] The powerPreference option is currently ignored when calling requestAdapter() on Windows. See https://crbug.com/369219127 @ https://js.ad-score.com/score.min.js?pid=1000925&tt=g:1
[   35332ms] [TIMEEND] a: 0.005859375 ms @ https://static.adsafeprotected.com/sca.17.6.4.js:31
[   35745ms] [WARNING] The resource https://media.flaticon.com/dist/min/img/logo/flaticon_negative.svg was preloaded using link preload but not used within a few seconds from the window's load event. Please make sure it has an appropriate `as` value and it is preloaded intentionally. @ https://www.flaticon.com/search?word=verification&type=standard:0
[   11868ms] [ERROR] Failed to load resource: the server responded with a status of 404 () @ https://cs.admanmedia.com/94fd017f496d404a25fc5546f959bf2f.gif?gdpr=&gdpr_consent=&us_privacy=&redir=https%3A%2F%2Fsync.kueezrtb.com%2Fapi%2Fcookie%3FpartnerId%3Dkueez-acuity%26gdpr%3D%26gdpr_consent%3D%26us_privacy%3D%26userId%3D%5BUID%5D:0
[   36534ms] [ERROR] Failed to load resource: net::ERR_NAME_NOT_RESOLVED @ https://px.owneriq.net/eox:0
[   36816ms] [ERROR] Mixed Content: The page at 'https://www.flaticon.com/search?word=verification&type=standard' was loaded over HTTPS, but requested an insecure frame 'http://sync.pmbmonetize.live/psync?t=s&e=247&gdpr=&gdpr_consent=&us_privacy=&gpp=&gpp_sid=&cb=https%3A%2F%2Fcookies.nextmillmedia.com%2Fsetuid%3Fbidder%3Dadipolo%26nmuid%3D%26gdpr%3D%26gdpr_consent%3D%26us_privacy%3D%26uid%3D%25USER_ID%25'. This request has been blocked; the content must be served over HTTPS. @ https://cookies.nextmillmedia.com/sync?redirect=https%3A%2F%2Fsync.adkernel.com%2Fuser-sync%3Fzone%3D308936%26dsp%3D830598%26t%3Diframe%26uid%3D%5BNMUID%5D:42
[   36534ms] [ERROR] Failed to load resource: net::ERR_NAME_NOT_RESOLVED @ https://px.owneriq.net/eox:0
[   11868ms] [ERROR] Failed to load resource: the server responded with a status of 404 () @ https://cs.admanmedia.com/94fd017f496d404a25fc5546f959bf2f.gif?gdpr=&gdpr_consent=&us_privacy=&redir=https%3A%2F%2Fsync.kueezrtb.com%2Fapi%2Fcookie%3FpartnerId%3Dkueez-acuity%26gdpr%3D%26gdpr_consent%3D%26us_privacy%3D%26userId%3D%5BUID%5D:0
[    8651ms] [ERROR] Failed to load resource: the server responded with a status of 404 () @ https://cs.admanmedia.com/c899400112bd5b9243b3993d9a074653.gif?puid=[UID]&redir=https%3A%2F%2Fcsync.smilewanted.com%2Fset_partner_userid_get%2Fillumin%2F%5BUID%5D&gdpr=0&gdpr_consent=:0
[   37471ms] [ERROR] Failed to load resource: the server responded with a status of 404 () @ https://cs.admanmedia.com/292deb7c3c2bf25073c04bb900f3a44a.gif??gdpr=&gdpr_consent=&us_privacy=&redir=https%3A%2F%2Fcookies.nextmillmedia.com%2Fsetuid%3Fbidder%3Dadmanmedia%26nmuid%3D%26gdpr%3D%26gdpr_consent%3D%26us_privacy%3D%26uid%3D%5BUID%5D:0
[   11398ms] [ERROR] Failed to load resource: the server responded with a status of 404 () @ https://cs.admanmedia.com/94fd017f496d404a25fc5546f959bf2f.gif?gdpr=&gdpr_consent=&us_privacy=&redir=https%3A%2F%2Fsync.kueezrtb.com%2Fapi%2Fcookie%3FpartnerId%3Dkueez-acuity%26gdpr%3D%26gdpr_consent%3D%26us_privacy%3D%26userId%3D%5BUID%5D:0
[   12360ms] [ERROR] Failed to load resource: the server responded with a status of 404 () @ https://cs.admanmedia.com/94fd017f496d404a25fc5546f959bf2f.gif?gdpr=&gdpr_consent=&us_privacy=&redir=https%3A%2F%2Fsync.kueezrtb.com%2Fapi%2Fcookie%3FpartnerId%3Dkueez-acuity%26gdpr%3D%26gdpr_consent%3D%26us_privacy%3D%26userId%3D%5BUID%5D:0
[   12886ms] [ERROR] Failed to load resource: the server responded with a status of 404 () @ https://cs.admanmedia.com/94fd017f496d404a25fc5546f959bf2f.gif?gdpr=&gdpr_consent=&us_privacy=&redir=https%3A%2F%2Fsync.kueezrtb.com%2Fapi%2Fcookie%3FpartnerId%3Dkueez-acuity%26gdpr%3D%26gdpr_consent%3D%26us_privacy%3D%26userId%3D%5BUID%5D:0
[   13359ms] [ERROR] Failed to load resource: the server responded with a status of 404 () @ https://cs.admanmedia.com/94fd017f496d404a25fc5546f959bf2f.gif?gdpr=&gdpr_consent=&us_privacy=&redir=https%3A%2F%2Fsync.kueezrtb.com%2Fapi%2Fcookie%3FpartnerId%3Dkueez-acuity%26gdpr%3D%26gdpr_consent%3D%26us_privacy%3D%26userId%3D%5BUID%5D:0
[   13888ms] [ERROR] Failed to load resource: the server responded with a status of 404 () @ https://cs.admanmedia.com/94fd017f496d404a25fc5546f959bf2f.gif?gdpr=&gdpr_consent=&us_privacy=&redir=https%3A%2F%2Fsync.kueezrtb.com%2Fapi%2Fcookie%3FpartnerId%3Dkueez-acuity%26gdpr%3D%26gdpr_consent%3D%26us_privacy%3D%26userId%3D%5BUID%5D:0
[   36816ms] [ERROR] Mixed Content: The page at 'https://www.flaticon.com/search?word=verification&type=standard' was loaded over HTTPS, but requested an insecure frame 'http://sync.pmbmonetize.live/psync?t=s&e=247&gdpr=&gdpr_consent=&us_privacy=&gpp=&gpp_sid=&cb=https%3A%2F%2Fcookies.nextmillmedia.com%2Fsetuid%3Fbidder%3Dadipolo%26nmuid%3D%26gdpr%3D%26gdpr_consent%3D%26us_privacy%3D%26uid%3D%25USER_ID%25'. This request has been blocked; the content must be served over HTTPS. @ https://cookies.nextmillmedia.com/sync?redirect=https%3A%2F%2Fsync.adkernel.com%2Fuser-sync%3Fzone%3D308936%26dsp%3D830598%26t%3Diframe%26uid%3D%5BNMUID%5D:42
[   38149ms] [ERROR] Failed to load resource: the server responded with a status of 404 () @ https://cs.admanmedia.com/94fd017f496d404a25fc5546f959bf2f.gif?gdpr=&gdpr_consent=&us_privacy=&redir=https%3A%2F%2Fsync.kueezrtb.com%2Fapi%2Fcookie%3FpartnerId%3Dkueez-acuity%26gdpr%3D%26gdpr_consent%3D%26us_privacy%3D%26userId%3D%5BUID%5D:0
[   36816ms] [ERROR] Mixed Content: The page at 'https://www.flaticon.com/search?word=verification&type=standard' was loaded over HTTPS, but requested an insecure frame 'http://sync.pmbmonetize.live/psync?t=s&e=247&gdpr=&gdpr_consent=&us_privacy=&gpp=&gpp_sid=&cb=https%3A%2F%2Fcookies.nextmillmedia.com%2Fsetuid%3Fbidder%3Dadipolo%26nmuid%3D%26gdpr%3D%26gdpr_consent%3D%26us_privacy%3D%26uid%3D%25USER_ID%25'. This request has been blocked; the content must be served over HTTPS. @ https://cookies.nextmillmedia.com/sync?redirect=https%3A%2F%2Fsync.adkernel.com%2Fuser-sync%3Fzone%3D308936%26dsp%3D830598%26t%3Diframe%26uid%3D%5BNMUID%5D:42
[   38270ms] [ERROR] Failed to load resource: net::ERR_NAME_NOT_RESOLVED @ https://cs.iqzone.com/6f0476ca45e1d6b67e3ee8d57532a022.gif?redir=https%3A%2F%2Fsync.cootlogix.com%2Fapi%2Fcookie%3FpartnerId%3Diqzone%26gdpr%3D%26gdpr_consent%3D%26us_privacy%3D%26userId%3D%5BUID%5D&gdpr=&gdpr_consent=&ccpa=:0
[   36534ms] [ERROR] Failed to load resource: net::ERR_NAME_NOT_RESOLVED @ https://px.owneriq.net/eox:0
[   38346ms] [ERROR] Failed to load resource: net::ERR_NAME_NOT_RESOLVED @ https://cs.iqzone.com/6f0476ca45e1d6b67e3ee8d57532a022.gif?redir=https%3A%2F%2Fsync.cootlogix.com%2Fapi%2Fcookie%3FpartnerId%3Diqzone%26gdpr%3D%26gdpr_consent%3D%26us_privacy%3D%26userId%3D%5BUID%5D&gdpr=&gdpr_consent=&ccpa=:0
[   38716ms] [ERROR] Failed to load resource: the server responded with a status of 404 (Not Found) @ https://us4.shb-sync.com/a760a5a7-e35e-49b8-9f5e-723455346741.gif?puid=8f766914-5904-1f29-f5a0-8e4f955669fd&gdpr=&gdpr_consent=ccpa=:0
[   38762ms] [ERROR] Mixed Content: The page at 'https://www.flaticon.com/search?word=verification&type=standard' was loaded over HTTPS, but requested an insecure frame 'http://sync.pmbmonetize.live/psync?t=s&e=247&gdpr=&gdpr_consent=&us_privacy=&gpp=&gpp_sid=&cb=https%3A%2F%2Fcookies.nextmillmedia.com%2Fsetuid%3Fbidder%3Dadipolo%26nmuid%3Df74d3e3f-5fa3-4afa-aefc-387d297fe291%26gdpr%3D%26gdpr_consent%3D%26us_privacy%3D%26uid%3D%25USER_ID%25'. This request has been blocked; the content must be served over HTTPS. @ https://cookies.nextmillmedia.com/sync?gdpr=&gdpr_consent=&us_privacy=&redirect=https%3A%2F%2Fsync.cootlogix.com%2Fapi%2Fcookie%3FpartnerId%3Dnextmillmedia%26userId%3D%5BNMUID%5D%26gdpr%3D%26gdpr_consent%3D%26us_privacy%3D:42
[   38857ms] [ERROR] Failed to load resource: the server responded with a status of 404 (Not Found) @ https://us4.shb-sync.com/a760a5a7-e35e-49b8-9f5e-723455346741.gif?puid=8f766914-5904-1f29-f5a0-8e4f955669fd&gdpr=&gdpr_consent=ccpa=:0
[   38270ms] [ERROR] Failed to load resource: net::ERR_NAME_NOT_RESOLVED @ https://cs.iqzone.com/6f0476ca45e1d6b67e3ee8d57532a022.gif?redir=https%3A%2F%2Fsync.cootlogix.com%2Fapi%2Fcookie%3FpartnerId%3Diqzone%26gdpr%3D%26gdpr_consent%3D%26us_privacy%3D%26userId%3D%5BUID%5D&gdpr=&gdpr_consent=&ccpa=:0
[   38346ms] [ERROR] Failed to load resource: net::ERR_NAME_NOT_RESOLVED @ https://cs.iqzone.com/6f0476ca45e1d6b67e3ee8d57532a022.gif?redir=https%3A%2F%2Fsync.cootlogix.com%2Fapi%2Fcookie%3FpartnerId%3Diqzone%26gdpr%3D%26gdpr_consent%3D%26us_privacy%3D%26userId%3D%5BUID%5D&gdpr=&gdpr_consent=&ccpa=:0
[   38716ms] [ERROR] Failed to load resource: the server responded with a status of 404 (Not Found) @ https://us4.shb-sync.com/a760a5a7-e35e-49b8-9f5e-723455346741.gif?puid=8f766914-5904-1f29-f5a0-8e4f955669fd&gdpr=&gdpr_consent=ccpa=:0
[   38857ms] [ERROR] Failed to load resource: the server responded with a status of 404 (Not Found) @ https://us4.shb-sync.com/a760a5a7-e35e-49b8-9f5e-723455346741.gif?puid=8f766914-5904-1f29-f5a0-8e4f955669fd&gdpr=&gdpr_consent=ccpa=:0
[   38270ms] [ERROR] Failed to load resource: net::ERR_NAME_NOT_RESOLVED @ https://cs.iqzone.com/6f0476ca45e1d6b67e3ee8d57532a022.gif?redir=https%3A%2F%2Fsync.cootlogix.com%2Fapi%2Fcookie%3FpartnerId%3Diqzone%26gdpr%3D%26gdpr_consent%3D%26us_privacy%3D%26userId%3D%5BUID%5D&gdpr=&gdpr_consent=&ccpa=:0
[   38346ms] [ERROR] Failed to load resource: net::ERR_NAME_NOT_RESOLVED @ https://cs.iqzone.com/6f0476ca45e1d6b67e3ee8d57532a022.gif?redir=https%3A%2F%2Fsync.cootlogix.com%2Fapi%2Fcookie%3FpartnerId%3Diqzone%26gdpr%3D%26gdpr_consent%3D%26us_privacy%3D%26userId%3D%5BUID%5D&gdpr=&gdpr_consent=&ccpa=:0
[   38716ms] [ERROR] Failed to load resource: the server responded with a status of 404 (Not Found) @ https://us4.shb-sync.com/a760a5a7-e35e-49b8-9f5e-723455346741.gif?puid=8f766914-5904-1f29-f5a0-8e4f955669fd&gdpr=&gdpr_consent=ccpa=:0
[   38857ms] [ERROR] Failed to load resource: the server responded with a status of 404 (Not Found) @ https://us4.shb-sync.com/a760a5a7-e35e-49b8-9f5e-723455346741.gif?puid=8f766914-5904-1f29-f5a0-8e4f955669fd&gdpr=&gdpr_consent=ccpa=:0
[   36816ms] [ERROR] Mixed Content: The page at 'https://www.flaticon.com/search?word=verification&type=standard' was loaded over HTTPS, but requested an insecure frame 'http://sync.pmbmonetize.live/psync?t=s&e=247&gdpr=&gdpr_consent=&us_privacy=&gpp=&gpp_sid=&cb=https%3A%2F%2Fcookies.nextmillmedia.com%2Fsetuid%3Fbidder%3Dadipolo%26nmuid%3D%26gdpr%3D%26gdpr_consent%3D%26us_privacy%3D%26uid%3D%25USER_ID%25'. This request has been blocked; the content must be served over HTTPS. @ https://cookies.nextmillmedia.com/sync?redirect=https%3A%2F%2Fsync.adkernel.com%2Fuser-sync%3Fzone%3D308936%26dsp%3D830598%26t%3Diframe%26uid%3D%5BNMUID%5D:42
[   38762ms] [ERROR] Mixed Content: The page at 'https://www.flaticon.com/search?word=verification&type=standard' was loaded over HTTPS, but requested an insecure frame 'http://sync.pmbmonetize.live/psync?t=s&e=247&gdpr=&gdpr_consent=&us_privacy=&gpp=&gpp_sid=&cb=https%3A%2F%2Fcookies.nextmillmedia.com%2Fsetuid%3Fbidder%3Dadipolo%26nmuid%3Df74d3e3f-5fa3-4afa-aefc-387d297fe291%26gdpr%3D%26gdpr_consent%3D%26us_privacy%3D%26uid%3D%25USER_ID%25'. This request has been blocked; the content must be served over HTTPS. @ https://cookies.nextmillmedia.com/sync?gdpr=&gdpr_consent=&us_privacy=&redirect=https%3A%2F%2Fsync.cootlogix.com%2Fapi%2Fcookie%3FpartnerId%3Dnextmillmedia%26userId%3D%5BNMUID%5D%26gdpr%3D%26gdpr_consent%3D%26us_privacy%3D:42
[   39231ms] [ERROR] Failed to load resource: net::ERR_NAME_NOT_RESOLVED @ https://cs.iqzone.com/6f0476ca45e1d6b67e3ee8d57532a022.gif?redir=https%3A%2F%2Fsync.cootlogix.com%2Fapi%2Fcookie%3FpartnerId%3Diqzone%26gdpr%3D%26gdpr_consent%3D%26us_privacy%3D%26userId%3D%5BUID%5D&gdpr=&gdpr_consent=&ccpa=:0
[   36816ms] [ERROR] Mixed Content: The page at 'https://www.flaticon.com/search?word=verification&type=standard' was loaded over HTTPS, but requested an insecure frame 'http://sync.pmbmonetize.live/psync?t=s&e=247&gdpr=&gdpr_consent=&us_privacy=&gpp=&gpp_sid=&cb=https%3A%2F%2Fcookies.nextmillmedia.com%2Fsetuid%3Fbidder%3Dadipolo%26nmuid%3D%26gdpr%3D%26gdpr_consent%3D%26us_privacy%3D%26uid%3D%25USER_ID%25'. This request has been blocked; the content must be served over HTTPS. @ https://cookies.nextmillmedia.com/sync?redirect=https%3A%2F%2Fsync.adkernel.com%2Fuser-sync%3Fzone%3D308936%26dsp%3D830598%26t%3Diframe%26uid%3D%5BNMUID%5D:42
[   38762ms] [ERROR] Mixed Content: The page at 'https://www.flaticon.com/search?word=verification&type=standard' was loaded over HTTPS, but requested an insecure frame 'http://sync.pmbmonetize.live/psync?t=s&e=247&gdpr=&gdpr_consent=&us_privacy=&gpp=&gpp_sid=&cb=https%3A%2F%2Fcookies.nextmillmedia.com%2Fsetuid%3Fbidder%3Dadipolo%26nmuid%3Df74d3e3f-5fa3-4afa-aefc-387d297fe291%26gdpr%3D%26gdpr_consent%3D%26us_privacy%3D%26uid%3D%25USER_ID%25'. This request has been blocked; the content must be served over HTTPS. @ https://cookies.nextmillmedia.com/sync?gdpr=&gdpr_consent=&us_privacy=&redirect=https%3A%2F%2Fsync.cootlogix.com%2Fapi%2Fcookie%3FpartnerId%3Dnextmillmedia%26userId%3D%5BNMUID%5D%26gdpr%3D%26gdpr_consent%3D%26us_privacy%3D:42
[   39317ms] [ERROR] Failed to load resource: the server responded with a status of 404 (Not Found) @ https://us4.shb-sync.com/a760a5a7-e35e-49b8-9f5e-723455346741.gif?puid=8f766914-5904-1f29-f5a0-8e4f955669fd&gdpr=&gdpr_consent=ccpa=:0
[   39361ms] [ERROR] Failed to load resource: the server responded with a status of 404 () @ https://sync.crwdcntrl.net/qmap?c=2700&tp=UNDR&gdpr=&gdpr_consent=&tpid=diqjsnhdwrzczpyn3as79j8ek:0
[   39540ms] [ERROR] Failed to load resource: the server responded with a status of 404 () @ https://sync.crwdcntrl.net/qmap?c=2700&tp=UNDR&gdpr=&gdpr_consent=&tpid=diqjsnhdwrzczpyn3as79j8ek:0
[   39987ms] [ERROR] Mixed Content: The page at 'https://www.flaticon.com/search?word=verification&type=standard' was loaded over HTTPS, but requested an insecure frame 'http://sync.pmbmonetize.live/psync?t=s&e=247&gdpr=&gdpr_consent=&us_privacy=&gpp=&gpp_sid=&cb=https%3A%2F%2Fcookies.nextmillmedia.com%2Fsetuid%3Fbidder%3Dadipolo%26nmuid%3Df74d3e3f-5fa3-4afa-aefc-387d297fe291%26gdpr%3D%26gdpr_consent%3D%26us_privacy%3D%26uid%3D%25USER_ID%25'. This request has been blocked; the content must be served over HTTPS. @ https://cookies.nextmillmedia.com/sync?gdpr=&gdpr_consent=&us_privacy=&redirect=https%3A%2F%2Fsync.cootlogix.com%2Fapi%2Fcookie%3FpartnerId%3Dnextmillmedia%26userId%3D%5BNMUID%5D%26gdpr%3D%26gdpr_consent%3D%26us_privacy%3D:42
[   40286ms] [ERROR] Mixed Content: The page at 'https://www.flaticon.com/search?word=verification&type=standard' was loaded over HTTPS, but requested an insecure frame 'http://sync.pmbmonetize.live/psync?t=s&e=247&gdpr=&gdpr_consent=&us_privacy=&gpp=&gpp_sid=&cb=https%3A%2F%2Fcookies.nextmillmedia.com%2Fsetuid%3Fbidder%3Dadipolo%26nmuid%3Df74d3e3f-5fa3-4afa-aefc-387d297fe291%26gdpr%3D%26gdpr_consent%3D%26us_privacy%3D%26uid%3D%25USER_ID%25'. This request has been blocked; the content must be served over HTTPS. @ https://cookies.nextmillmedia.com/sync?gdpr=&gdpr_consent=&us_privacy=&redirect=https%3A%2F%2Fsync.cootlogix.com%2Fapi%2Fcookie%3FpartnerId%3Dnextmillmedia%26userId%3D%5BNMUID%5D%26gdpr%3D%26gdpr_consent%3D%26us_privacy%3D:42
[    8651ms] [ERROR] Failed to load resource: the server responded with a status of 404 () @ https://cs.admanmedia.com/c899400112bd5b9243b3993d9a074653.gif?puid=[UID]&redir=https%3A%2F%2Fcsync.smilewanted.com%2Fset_partner_userid_get%2Fillumin%2F%5BUID%5D&gdpr=0&gdpr_consent=:0
[   37471ms] [ERROR] Failed to load resource: the server responded with a status of 404 () @ https://cs.admanmedia.com/292deb7c3c2bf25073c04bb900f3a44a.gif??gdpr=&gdpr_consent=&us_privacy=&redir=https%3A%2F%2Fcookies.nextmillmedia.com%2Fsetuid%3Fbidder%3Dadmanmedia%26nmuid%3D%26gdpr%3D%26gdpr_consent%3D%26us_privacy%3D%26uid%3D%5BUID%5D:0
[   40373ms] [ERROR] Failed to load resource: the server responded with a status of 404 () @ https://cs.admanmedia.com/292deb7c3c2bf25073c04bb900f3a44a.gif??gdpr=&gdpr_consent=&us_privacy=&redir=https%3A%2F%2Fcookies.nextmillmedia.com%2Fsetuid%3Fbidder%3Dadmanmedia%26nmuid%3Df74d3e3f-5fa3-4afa-aefc-387d297fe291%26gdpr%3D%26gdpr_consent%3D%26us_privacy%3D%26uid%3D%5BUID%5D:0
[   38270ms] [ERROR] Failed to load resource: net::ERR_NAME_NOT_RESOLVED @ https://cs.iqzone.com/6f0476ca45e1d6b67e3ee8d57532a022.gif?redir=https%3A%2F%2Fsync.cootlogix.com%2Fapi%2Fcookie%3FpartnerId%3Diqzone%26gdpr%3D%26gdpr_consent%3D%26us_privacy%3D%26userId%3D%5BUID%5D&gdpr=&gdpr_consent=&ccpa=:0
[   38346ms] [ERROR] Failed to load resource: net::ERR_NAME_NOT_RESOLVED @ https://cs.iqzone.com/6f0476ca45e1d6b67e3ee8d57532a022.gif?redir=https%3A%2F%2Fsync.cootlogix.com%2Fapi%2Fcookie%3FpartnerId%3Diqzone%26gdpr%3D%26gdpr_consent%3D%26us_privacy%3D%26userId%3D%5BUID%5D&gdpr=&gdpr_consent=&ccpa=:0
[   38716ms] [ERROR] Failed to load resource: the server responded with a status of 404 (Not Found) @ https://us4.shb-sync.com/a760a5a7-e35e-49b8-9f5e-723455346741.gif?puid=8f766914-5904-1f29-f5a0-8e4f955669fd&gdpr=&gdpr_consent=ccpa=:0
[   38857ms] [ERROR] Failed to load resource: the server responded with a status of 404 (Not Found) @ https://us4.shb-sync.com/a760a5a7-e35e-49b8-9f5e-723455346741.gif?puid=8f766914-5904-1f29-f5a0-8e4f955669fd&gdpr=&gdpr_consent=ccpa=:0
[   39231ms] [ERROR] Failed to load resource: net::ERR_NAME_NOT_RESOLVED @ https://cs.iqzone.com/6f0476ca45e1d6b67e3ee8d57532a022.gif?redir=https%3A%2F%2Fsync.cootlogix.com%2Fapi%2Fcookie%3FpartnerId%3Diqzone%26gdpr%3D%26gdpr_consent%3D%26us_privacy%3D%26userId%3D%5BUID%5D&gdpr=&gdpr_consent=&ccpa=:0
[   39317ms] [ERROR] Failed to load resource: the server responded with a status of 404 (Not Found) @ https://us4.shb-sync.com/a760a5a7-e35e-49b8-9f5e-723455346741.gif?puid=8f766914-5904-1f29-f5a0-8e4f955669fd&gdpr=&gdpr_consent=ccpa=:0
[   40854ms] [LOG] Recent pixels found, Skipping... @ https://usync.ingage.tech/?gdpr=&gdpr_consent=&us_privacy=&redirect=https%3A%2F%2Fcookies.nextmillmedia.com%2Fsetuid%3Fbidder%3Dinsticator%26nmuid%3Df74d3e3f-5fa3-4afa-aefc-387d297fe291%26gdpr%3D%26gdpr_consent%3D%26us_privacy%3D%26uid%3D%24UID:0
[   40880ms] [LOG] Recent pixels found, Skipping... @ https://usync.ingage.tech/?gdpr=&gdpr_consent=&us_privacy=&redirect=https%3A%2F%2Fcookies.nextmillmedia.com%2Fsetuid%3Fbidder%3Dinsticator%26nmuid%3Df74d3e3f-5fa3-4afa-aefc-387d297fe291%26gdpr%3D%26gdpr_consent%3D%26us_privacy%3D%26uid%3D%24UID:0
[    8651ms] [ERROR] Failed to load resource: the server responded with a status of 404 () @ https://cs.admanmedia.com/c899400112bd5b9243b3993d9a074653.gif?puid=[UID]&redir=https%3A%2F%2Fcsync.smilewanted.com%2Fset_partner_userid_get%2Fillumin%2F%5BUID%5D&gdpr=0&gdpr_consent=:0
[   37471ms] [ERROR] Failed to load resource: the server responded with a status of 404 () @ https://cs.admanmedia.com/292deb7c3c2bf25073c04bb900f3a44a.gif??gdpr=&gdpr_consent=&us_privacy=&redir=https%3A%2F%2Fcookies.nextmillmedia.com%2Fsetuid%3Fbidder%3Dadmanmedia%26nmuid%3D%26gdpr%3D%26gdpr_consent%3D%26us_privacy%3D%26uid%3D%5BUID%5D:0
[   40373ms] [ERROR] Failed to load resource: the server responded with a status of 404 () @ https://cs.admanmedia.com/292deb7c3c2bf25073c04bb900f3a44a.gif??gdpr=&gdpr_consent=&us_privacy=&redir=https%3A%2F%2Fcookies.nextmillmedia.com%2Fsetuid%3Fbidder%3Dadmanmedia%26nmuid%3Df74d3e3f-5fa3-4afa-aefc-387d297fe291%26gdpr%3D%26gdpr_consent%3D%26us_privacy%3D%26uid%3D%5BUID%5D:0
[   41098ms] [ERROR] Failed to load resource: the server responded with a status of 404 () @ https://cs.admanmedia.com/292deb7c3c2bf25073c04bb900f3a44a.gif??gdpr=&gdpr_consent=&us_privacy=&redir=https%3A%2F%2Fcookies.nextmillmedia.com%2Fsetuid%3Fbidder%3Dadmanmedia%26nmuid%3Df74d3e3f-5fa3-4afa-aefc-387d297fe291%26gdpr%3D%26gdpr_consent%3D%26us_privacy%3D%26uid%3D%5BUID%5D:0
[   41208ms] [ERROR] Failed to load resource: net::ERR_NAME_NOT_RESOLVED @ https://visitor-iqzone.omnitagjs.com/visitor/bsync?uid=9ad5ea74eb6daacb66ec769f76978abc&name=GEN1&url=https%3A%2F%2Fsync.iqzonertb.live%2Fpsync%3Ft%3Dd%26e%3D466%26u%3D%5BUID%5D:0
[   38270ms] [ERROR] Failed to load resource: net::ERR_NAME_NOT_RESOLVED @ https://cs.iqzone.com/6f0476ca45e1d6b67e3ee8d57532a022.gif?redir=https%3A%2F%2Fsync.cootlogix.com%2Fapi%2Fcookie%3FpartnerId%3Diqzone%26gdpr%3D%26gdpr_consent%3D%26us_privacy%3D%26userId%3D%5BUID%5D&gdpr=&gdpr_consent=&ccpa=:0
[   38346ms] [ERROR] Failed to load resource: net::ERR_NAME_NOT_RESOLVED @ https://cs.iqzone.com/6f0476ca45e1d6b67e3ee8d57532a022.gif?redir=https%3A%2F%2Fsync.cootlogix.com%2Fapi%2Fcookie%3FpartnerId%3Diqzone%26gdpr%3D%26gdpr_consent%3D%26us_privacy%3D%26userId%3D%5BUID%5D&gdpr=&gdpr_consent=&ccpa=:0
[   38716ms] [ERROR] Failed to load resource: the server responded with a status of 404 (Not Found) @ https://us4.shb-sync.com/a760a5a7-e35e-49b8-9f5e-723455346741.gif?puid=8f766914-5904-1f29-f5a0-8e4f955669fd&gdpr=&gdpr_consent=ccpa=:0
[   38857ms] [ERROR] Failed to load resource: the server responded with a status of 404 (Not Found) @ https://us4.shb-sync.com/a760a5a7-e35e-49b8-9f5e-723455346741.gif?puid=8f766914-5904-1f29-f5a0-8e4f955669fd&gdpr=&gdpr_consent=ccpa=:0
[   39231ms] [ERROR] Failed to load resource: net::ERR_NAME_NOT_RESOLVED @ https://cs.iqzone.com/6f0476ca45e1d6b67e3ee8d57532a022.gif?redir=https%3A%2F%2Fsync.cootlogix.com%2Fapi%2Fcookie%3FpartnerId%3Diqzone%26gdpr%3D%26gdpr_consent%3D%26us_privacy%3D%26userId%3D%5BUID%5D&gdpr=&gdpr_consent=&ccpa=:0
[   39317ms] [ERROR] Failed to load resource: the server responded with a status of 404 (Not Found) @ https://us4.shb-sync.com/a760a5a7-e35e-49b8-9f5e-723455346741.gif?puid=8f766914-5904-1f29-f5a0-8e4f955669fd&gdpr=&gdpr_consent=ccpa=:0
[   38270ms] [ERROR] Failed to load resource: net::ERR_NAME_NOT_RESOLVED @ https://cs.iqzone.com/6f0476ca45e1d6b67e3ee8d57532a022.gif?redir=https%3A%2F%2Fsync.cootlogix.com%2Fapi%2Fcookie%3FpartnerId%3Diqzone%26gdpr%3D%26gdpr_consent%3D%26us_privacy%3D%26userId%3D%5BUID%5D&gdpr=&gdpr_consent=&ccpa=:0
[   38346ms] [ERROR] Failed to load resource: net::ERR_NAME_NOT_RESOLVED @ https://cs.iqzone.com/6f0476ca45e1d6b67e3ee8d57532a022.gif?redir=https%3A%2F%2Fsync.cootlogix.com%2Fapi%2Fcookie%3FpartnerId%3Diqzone%26gdpr%3D%26gdpr_consent%3D%26us_privacy%3D%26userId%3D%5BUID%5D&gdpr=&gdpr_consent=&ccpa=:0
[   38716ms] [ERROR] Failed to load resource: the server responded with a status of 404 (Not Found) @ https://us4.shb-sync.com/a760a5a7-e35e-49b8-9f5e-723455346741.gif?puid=8f766914-5904-1f29-f5a0-8e4f955669fd&gdpr=&gdpr_consent=ccpa=:0
[   38857ms] [ERROR] Failed to load resource: the server responded with a status of 404 (Not Found) @ https://us4.shb-sync.com/a760a5a7-e35e-49b8-9f5e-723455346741.gif?puid=8f766914-5904-1f29-f5a0-8e4f955669fd&gdpr=&gdpr_consent=ccpa=:0
[   39231ms] [ERROR] Failed to load resource: net::ERR_NAME_NOT_RESOLVED @ https://cs.iqzone.com/6f0476ca45e1d6b67e3ee8d57532a022.gif?redir=https%3A%2F%2Fsync.cootlogix.com%2Fapi%2Fcookie%3FpartnerId%3Diqzone%26gdpr%3D%26gdpr_consent%3D%26us_privacy%3D%26userId%3D%5BUID%5D&gdpr=&gdpr_consent=&ccpa=:0
[   39317ms] [ERROR] Failed to load resource: the server responded with a status of 404 (Not Found) @ https://us4.shb-sync.com/a760a5a7-e35e-49b8-9f5e-723455346741.gif?puid=8f766914-5904-1f29-f5a0-8e4f955669fd&gdpr=&gdpr_consent=ccpa=:0
[   38270ms] [ERROR] Failed to load resource: net::ERR_NAME_NOT_RESOLVED @ https://cs.iqzone.com/6f0476ca45e1d6b67e3ee8d57532a022.gif?redir=https%3A%2F%2Fsync.cootlogix.com%2Fapi%2Fcookie%3FpartnerId%3Diqzone%26gdpr%3D%26gdpr_consent%3D%26us_privacy%3D%26userId%3D%5BUID%5D&gdpr=&gdpr_consent=&ccpa=:0
[   38346ms] [ERROR] Failed to load resource: net::ERR_NAME_NOT_RESOLVED @ https://cs.iqzone.com/6f0476ca45e1d6b67e3ee8d57532a022.gif?redir=https%3A%2F%2Fsync.cootlogix.com%2Fapi%2Fcookie%3FpartnerId%3Diqzone%26gdpr%3D%26gdpr_consent%3D%26us_privacy%3D%26userId%3D%5BUID%5D&gdpr=&gdpr_consent=&ccpa=:0
[   38716ms] [ERROR] Failed to load resource: the server responded with a status of 404 (Not Found) @ https://us4.shb-sync.com/a760a5a7-e35e-49b8-9f5e-723455346741.gif?puid=8f766914-5904-1f29-f5a0-8e4f955669fd&gdpr=&gdpr_consent=ccpa=:0
[   38857ms] [ERROR] Failed to load resource: the server responded with a status of 404 (Not Found) @ https://us4.shb-sync.com/a760a5a7-e35e-49b8-9f5e-723455346741.gif?puid=8f766914-5904-1f29-f5a0-8e4f955669fd&gdpr=&gdpr_consent=ccpa=:0
[   39231ms] [ERROR] Failed to load resource: net::ERR_NAME_NOT_RESOLVED @ https://cs.iqzone.com/6f0476ca45e1d6b67e3ee8d57532a022.gif?redir=https%3A%2F%2Fsync.cootlogix.com%2Fapi%2Fcookie%3FpartnerId%3Diqzone%26gdpr%3D%26gdpr_consent%3D%26us_privacy%3D%26userId%3D%5BUID%5D&gdpr=&gdpr_consent=&ccpa=:0
[   39317ms] [ERROR] Failed to load resource: the server responded with a status of 404 (Not Found) @ https://us4.shb-sync.com/a760a5a7-e35e-49b8-9f5e-723455346741.gif?puid=8f766914-5904-1f29-f5a0-8e4f955669fd&gdpr=&gdpr_consent=ccpa=:0
[   38270ms] [ERROR] Failed to load resource: net::ERR_NAME_NOT_RESOLVED @ https://cs.iqzone.com/6f0476ca45e1d6b67e3ee8d57532a022.gif?redir=https%3A%2F%2Fsync.cootlogix.com%2Fapi%2Fcookie%3FpartnerId%3Diqzone%26gdpr%3D%26gdpr_consent%3D%26us_privacy%3D%26userId%3D%5BUID%5D&gdpr=&gdpr_consent=&ccpa=:0
[   38346ms] [ERROR] Failed to load resource: net::ERR_NAME_NOT_RESOLVED @ https://cs.iqzone.com/6f0476ca45e1d6b67e3ee8d57532a022.gif?redir=https%3A%2F%2Fsync.cootlogix.com%2Fapi%2Fcookie%3FpartnerId%3Diqzone%26gdpr%3D%26gdpr_consent%3D%26us_privacy%3D%26userId%3D%5BUID%5D&gdpr=&gdpr_consent=&ccpa=:0
[   38716ms] [ERROR] Failed to load resource: the server responded with a status of 404 (Not Found) @ https://us4.shb-sync.com/a760a5a7-e35e-49b8-9f5e-723455346741.gif?puid=8f766914-5904-1f29-f5a0-8e4f955669fd&gdpr=&gdpr_consent=ccpa=:0
[   38857ms] [ERROR] Failed to load resource: the server responded with a status of 404 (Not Found) @ https://us4.shb-sync.com/a760a5a7-e35e-49b8-9f5e-723455346741.gif?puid=8f766914-5904-1f29-f5a0-8e4f955669fd&gdpr=&gdpr_consent=ccpa=:0
[   39231ms] [ERROR] Failed to load resource: net::ERR_NAME_NOT_RESOLVED @ https://cs.iqzone.com/6f0476ca45e1d6b67e3ee8d57532a022.gif?redir=https%3A%2F%2Fsync.cootlogix.com%2Fapi%2Fcookie%3FpartnerId%3Diqzone%26gdpr%3D%26gdpr_consent%3D%26us_privacy%3D%26userId%3D%5BUID%5D&gdpr=&gdpr_consent=&ccpa=:0
[   39317ms] [ERROR] Failed to load resource: the server responded with a status of 404 (Not Found) @ https://us4.shb-sync.com/a760a5a7-e35e-49b8-9f5e-723455346741.gif?puid=8f766914-5904-1f29-f5a0-8e4f955669fd&gdpr=&gdpr_consent=ccpa=:0
[   41566ms] [ERROR] Failed to load resource: net::ERR_NAME_NOT_RESOLVED @ https://cs.iqzone.com/6f0476ca45e1d6b67e3ee8d57532a022.gif?redir=https%3A%2F%2Fsync.cootlogix.com%2Fapi%2Fcookie%3FpartnerId%3Diqzone%26gdpr%3D%26gdpr_consent%3D%26us_privacy%3D%26userId%3D%5BUID%5D&gdpr=&gdpr_consent=&ccpa=:0
[   41633ms] [ERROR] Failed to load resource: net::ERR_NAME_NOT_RESOLVED @ https://cs.iqzone.com/6f0476ca45e1d6b67e3ee8d57532a022.gif?redir=https%3A%2F%2Fsync.cootlogix.com%2Fapi%2Fcookie%3FpartnerId%3Diqzone%26gdpr%3D%26gdpr_consent%3D%26us_privacy%3D%26userId%3D%5BUID%5D&gdpr=&gdpr_consent=&ccpa=:0
[   41643ms] [ERROR] Failed to load resource: net::ERR_NAME_NOT_RESOLVED @ https://visitor-rtbmix.omnitagjs.com/visitor/bsync?uid=681194867b1fea57a9aee256eb5ea0a7&name=gen01&url=https%3A%2F%2Fsync.adtech.ink%2Fpsync%3Ft%3Dd%26e%3D103%26u%3DPARTNER_USER_ID%26clp%3DaHR0cHM6Ly9zeW5jLmNvb3Rsb2dpeC5jb20vYXBpL2Nvb2tpZT9wYXJ0bmVySWQ9YWRpc29udHYmdXNlcklkPSVVU0VSX0lEJSZnZHByPSZnZHByX2NvbnNlbnQ9JnVzX3ByaXZhY3k9:0
[   41772ms] [ERROR] Failed to load resource: the server responded with a status of 404 () @ https://ittpx.eskimi.com/sync?sp_id=181&gdpr=${GDPR}&gdpr_consent=${GDPR_CONSENT}&us_privacy=${US_PRIVACY}&dest=https%3A%2F%2Fsync.adtech.ink%2Fpsync%3Ft%3Dd%26e%3D350%26u%3D%24%7BUSER_ID%7D%26clp%3DaHR0cHM6Ly9zeW5jLmNvb3Rsb2dpeC5jb20vYXBpL2Nvb2tpZT9wYXJ0bmVySWQ9YWRpc29udHYmdXNlcklkPSVVU0VSX0lEJSZnZHByPSZnZHByX2NvbnNlbnQ9JnVzX3ByaXZhY3k9:0
[   41855ms] [ERROR] Failed to load resource: net::ERR_NAME_NOT_RESOLVED @ https://visitor-taipeidigitalvideo.omnitagjs.com/visitor/bsync?uid=109981e35ee6e5a3cd5ef6913b074ed9&name=gen01&url=https%3A%2F%2Fsync.adtech.ink%2Fpsync%3Ft%3Dd%26e%3D113%26u%3DPARTNER_USER_ID%26clp%3DaHR0cHM6Ly9zeW5jLmNvb3Rsb2dpeC5jb20vYXBpL2Nvb2tpZT9wYXJ0bmVySWQ9YWRpc29udHYmdXNlcklkPSVVU0VSX0lEJSZnZHByPSZnZHByX2NvbnNlbnQ9JnVzX3ByaXZhY3k9:0
[    8651ms] [ERROR] Failed to load resource: the server responded with a status of 404 () @ https://cs.admanmedia.com/c899400112bd5b9243b3993d9a074653.gif?puid=[UID]&redir=https%3A%2F%2Fcsync.smilewanted.com%2Fset_partner_userid_get%2Fillumin%2F%5BUID%5D&gdpr=0&gdpr_consent=:0
[   37471ms] [ERROR] Failed to load resource: the server responded with a status of 404 () @ https://cs.admanmedia.com/292deb7c3c2bf25073c04bb900f3a44a.gif??gdpr=&gdpr_consent=&us_privacy=&redir=https%3A%2F%2Fcookies.nextmillmedia.com%2Fsetuid%3Fbidder%3Dadmanmedia%26nmuid%3D%26gdpr%3D%26gdpr_consent%3D%26us_privacy%3D%26uid%3D%5BUID%5D:0
[   40373ms] [ERROR] Failed to load resource: the server responded with a status of 404 () @ https://cs.admanmedia.com/292deb7c3c2bf25073c04bb900f3a44a.gif??gdpr=&gdpr_consent=&us_privacy=&redir=https%3A%2F%2Fcookies.nextmillmedia.com%2Fsetuid%3Fbidder%3Dadmanmedia%26nmuid%3Df74d3e3f-5fa3-4afa-aefc-387d297fe291%26gdpr%3D%26gdpr_consent%3D%26us_privacy%3D%26uid%3D%5BUID%5D:0
[   41098ms] [ERROR] Failed to load resource: the server responded with a status of 404 () @ https://cs.admanmedia.com/292deb7c3c2bf25073c04bb900f3a44a.gif??gdpr=&gdpr_consent=&us_privacy=&redir=https%3A%2F%2Fcookies.nextmillmedia.com%2Fsetuid%3Fbidder%3Dadmanmedia%26nmuid%3Df74d3e3f-5fa3-4afa-aefc-387d297fe291%26gdpr%3D%26gdpr_consent%3D%26us_privacy%3D%26uid%3D%5BUID%5D:0
[   41873ms] [ERROR] Failed to load resource: the server responded with a status of 404 () @ https://cs.admanmedia.com/292deb7c3c2bf25073c04bb900f3a44a.gif??gdpr=&gdpr_consent=&us_privacy=&redir=https%3A%2F%2Fcookies.nextmillmedia.com%2Fsetuid%3Fbidder%3Dadmanmedia%26nmuid%3Df74d3e3f-5fa3-4afa-aefc-387d297fe291%26gdpr%3D%26gdpr_consent%3D%26us_privacy%3D%26uid%3D%5BUID%5D:0
[   42001ms] [ERROR] Failed to load resource: the server responded with a status of 404 (Not Found) @ https://us4.shb-sync.com/a760a5a7-e35e-49b8-9f5e-723455346741.gif?puid=8f766914-5904-1f29-f5a0-8e4f955669fd&gdpr=&gdpr_consent=ccpa=:0
[   42154ms] [ERROR] Failed to load resource: the server responded with a status of 404 (Not Found) @ https://us4.shb-sync.com/a760a5a7-e35e-49b8-9f5e-723455346741.gif?puid=8f766914-5904-1f29-f5a0-8e4f955669fd&gdpr=&gdpr_consent=ccpa=:0
[   42224ms] [ERROR] Failed to load resource: the server responded with a status of 404 (Not Found) @ https://csync.copper6.com/f772595badbd82e599d0f57757300b0b.gif?&redir=https%3A%2F%2Fsync.cootlogix.com%2Fapi%2Fcookie%3FpartnerId%3Dcopper6%26userId%3D[UID]%26gdpr%3D%26gdpr_consent%3D%26us_privacy%3D&gdpr=&gdpr_consent=&coppa=&gpp=:0
[   36816ms] [ERROR] Mixed Content: The page at 'https://www.flaticon.com/search?word=verification&type=standard' was loaded over HTTPS, but requested an insecure frame 'http://sync.pmbmonetize.live/psync?t=s&e=247&gdpr=&gdpr_consent=&us_privacy=&gpp=&gpp_sid=&cb=https%3A%2F%2Fcookies.nextmillmedia.com%2Fsetuid%3Fbidder%3Dadipolo%26nmuid%3D%26gdpr%3D%26gdpr_consent%3D%26us_privacy%3D%26uid%3D%25USER_ID%25'. This request has been blocked; the content must be served over HTTPS. @ https://cookies.nextmillmedia.com/sync?redirect=https%3A%2F%2Fsync.adkernel.com%2Fuser-sync%3Fzone%3D308936%26dsp%3D830598%26t%3Diframe%26uid%3D%5BNMUID%5D:42
[   38762ms] [ERROR] Mixed Content: The page at 'https://www.flaticon.com/search?word=verification&type=standard' was loaded over HTTPS, but requested an insecure frame 'http://sync.pmbmonetize.live/psync?t=s&e=247&gdpr=&gdpr_consent=&us_privacy=&gpp=&gpp_sid=&cb=https%3A%2F%2Fcookies.nextmillmedia.com%2Fsetuid%3Fbidder%3Dadipolo%26nmuid%3Df74d3e3f-5fa3-4afa-aefc-387d297fe291%26gdpr%3D%26gdpr_consent%3D%26us_privacy%3D%26uid%3D%25USER_ID%25'. This request has been blocked; the content must be served over HTTPS. @ https://cookies.nextmillmedia.com/sync?gdpr=&gdpr_consent=&us_privacy=&redirect=https%3A%2F%2Fsync.cootlogix.com%2Fapi%2Fcookie%3FpartnerId%3Dnextmillmedia%26userId%3D%5BNMUID%5D%26gdpr%3D%26gdpr_consent%3D%26us_privacy%3D:42
[   39987ms] [ERROR] Mixed Content: The page at 'https://www.flaticon.com/search?word=verification&type=standard' was loaded over HTTPS, but requested an insecure frame 'http://sync.pmbmonetize.live/psync?t=s&e=247&gdpr=&gdpr_consent=&us_privacy=&gpp=&gpp_sid=&cb=https%3A%2F%2Fcookies.nextmillmedia.com%2Fsetuid%3Fbidder%3Dadipolo%26nmuid%3Df74d3e3f-5fa3-4afa-aefc-387d297fe291%26gdpr%3D%26gdpr_consent%3D%26us_privacy%3D%26uid%3D%25USER_ID%25'. This request has been blocked; the content must be served over HTTPS. @ https://cookies.nextmillmedia.com/sync?gdpr=&gdpr_consent=&us_privacy=&redirect=https%3A%2F%2Fsync.cootlogix.com%2Fapi%2Fcookie%3FpartnerId%3Dnextmillmedia%26userId%3D%5BNMUID%5D%26gdpr%3D%26gdpr_consent%3D%26us_privacy%3D:42
[   40286ms] [ERROR] Mixed Content: The page at 'https://www.flaticon.com/search?word=verification&type=standard' was loaded over HTTPS, but requested an insecure frame 'http://sync.pmbmonetize.live/psync?t=s&e=247&gdpr=&gdpr_consent=&us_privacy=&gpp=&gpp_sid=&cb=https%3A%2F%2Fcookies.nextmillmedia.com%2Fsetuid%3Fbidder%3Dadipolo%26nmuid%3Df74d3e3f-5fa3-4afa-aefc-387d297fe291%26gdpr%3D%26gdpr_consent%3D%26us_privacy%3D%26uid%3D%25USER_ID%25'. This request has been blocked; the content must be served over HTTPS. @ https://cookies.nextmillmedia.com/sync?gdpr=&gdpr_consent=&us_privacy=&redirect=https%3A%2F%2Fsync.cootlogix.com%2Fapi%2Fcookie%3FpartnerId%3Dnextmillmedia%26userId%3D%5BNMUID%5D%26gdpr%3D%26gdpr_consent%3D%26us_privacy%3D:42
[   42289ms] [ERROR] Failed to load resource: the server responded with a status of 400 () @ https://ssum-sec.casalemedia.com/usermatch?s=194558&cb=https%3A%2F%2Fu-ams.4dex.io%2Fsetuid%3Fbidder%3Dindexexchange%26it%3Dortb%26uid%3D:0
[   36816ms] [ERROR] Mixed Content: The page at 'https://www.flaticon.com/search?word=verification&type=standard' was loaded over HTTPS, but requested an insecure frame 'http://sync.pmbmonetize.live/psync?t=s&e=247&gdpr=&gdpr_consent=&us_privacy=&gpp=&gpp_sid=&cb=https%3A%2F%2Fcookies.nextmillmedia.com%2Fsetuid%3Fbidder%3Dadipolo%26nmuid%3D%26gdpr%3D%26gdpr_consent%3D%26us_privacy%3D%26uid%3D%25USER_ID%25'. This request has been blocked; the content must be served over HTTPS. @ https://cookies.nextmillmedia.com/sync?redirect=https%3A%2F%2Fsync.adkernel.com%2Fuser-sync%3Fzone%3D308936%26dsp%3D830598%26t%3Diframe%26uid%3D%5BNMUID%5D:42
[   38762ms] [ERROR] Mixed Content: The page at 'https://www.flaticon.com/search?word=verification&type=standard' was loaded over HTTPS, but requested an insecure frame 'http://sync.pmbmonetize.live/psync?t=s&e=247&gdpr=&gdpr_consent=&us_privacy=&gpp=&gpp_sid=&cb=https%3A%2F%2Fcookies.nextmillmedia.com%2Fsetuid%3Fbidder%3Dadipolo%26nmuid%3Df74d3e3f-5fa3-4afa-aefc-387d297fe291%26gdpr%3D%26gdpr_consent%3D%26us_privacy%3D%26uid%3D%25USER_ID%25'. This request has been blocked; the content must be served over HTTPS. @ https://cookies.nextmillmedia.com/sync?gdpr=&gdpr_consent=&us_privacy=&redirect=https%3A%2F%2Fsync.cootlogix.com%2Fapi%2Fcookie%3FpartnerId%3Dnextmillmedia%26userId%3D%5BNMUID%5D%26gdpr%3D%26gdpr_consent%3D%26us_privacy%3D:42
[   39987ms] [ERROR] Mixed Content: The page at 'https://www.flaticon.com/search?word=verification&type=standard' was loaded over HTTPS, but requested an insecure frame 'http://sync.pmbmonetize.live/psync?t=s&e=247&gdpr=&gdpr_consent=&us_privacy=&gpp=&gpp_sid=&cb=https%3A%2F%2Fcookies.nextmillmedia.com%2Fsetuid%3Fbidder%3Dadipolo%26nmuid%3Df74d3e3f-5fa3-4afa-aefc-387d297fe291%26gdpr%3D%26gdpr_consent%3D%26us_privacy%3D%26uid%3D%25USER_ID%25'. This request has been blocked; the content must be served over HTTPS. @ https://cookies.nextmillmedia.com/sync?gdpr=&gdpr_consent=&us_privacy=&redirect=https%3A%2F%2Fsync.cootlogix.com%2Fapi%2Fcookie%3FpartnerId%3Dnextmillmedia%26userId%3D%5BNMUID%5D%26gdpr%3D%26gdpr_consent%3D%26us_privacy%3D:42
[   40286ms] [ERROR] Mixed Content: The page at 'https://www.flaticon.com/search?word=verification&type=standard' was loaded over HTTPS, but requested an insecure frame 'http://sync.pmbmonetize.live/psync?t=s&e=247&gdpr=&gdpr_consent=&us_privacy=&gpp=&gpp_sid=&cb=https%3A%2F%2Fcookies.nextmillmedia.com%2Fsetuid%3Fbidder%3Dadipolo%26nmuid%3Df74d3e3f-5fa3-4afa-aefc-387d297fe291%26gdpr%3D%26gdpr_consent%3D%26us_privacy%3D%26uid%3D%25USER_ID%25'. This request has been blocked; the content must be served over HTTPS. @ https://cookies.nextmillmedia.com/sync?gdpr=&gdpr_consent=&us_privacy=&redirect=https%3A%2F%2Fsync.cootlogix.com%2Fapi%2Fcookie%3FpartnerId%3Dnextmillmedia%26userId%3D%5BNMUID%5D%26gdpr%3D%26gdpr_consent%3D%26us_privacy%3D:42
[   11868ms] [ERROR] Failed to load resource: the server responded with a status of 404 () @ https://cs.admanmedia.com/94fd017f496d404a25fc5546f959bf2f.gif?gdpr=&gdpr_consent=&us_privacy=&redir=https%3A%2F%2Fsync.kueezrtb.com%2Fapi%2Fcookie%3FpartnerId%3Dkueez-acuity%26gdpr%3D%26gdpr_consent%3D%26us_privacy%3D%26userId%3D%5BUID%5D:0
[   36816ms] [ERROR] Mixed Content: The page at 'https://www.flaticon.com/search?word=verification&type=standard' was loaded over HTTPS, but requested an insecure frame 'http://sync.pmbmonetize.live/psync?t=s&e=247&gdpr=&gdpr_consent=&us_privacy=&gpp=&gpp_sid=&cb=https%3A%2F%2Fcookies.nextmillmedia.com%2Fsetuid%3Fbidder%3Dadipolo%26nmuid%3D%26gdpr%3D%26gdpr_consent%3D%26us_privacy%3D%26uid%3D%25USER_ID%25'. This request has been blocked; the content must be served over HTTPS. @ https://cookies.nextmillmedia.com/sync?redirect=https%3A%2F%2Fsync.adkernel.com%2Fuser-sync%3Fzone%3D308936%26dsp%3D830598%26t%3Diframe%26uid%3D%5BNMUID%5D:42
[   38762ms] [ERROR] Mixed Content: The page at 'https://www.flaticon.com/search?word=verification&type=standard' was loaded over HTTPS, but requested an insecure frame 'http://sync.pmbmonetize.live/psync?t=s&e=247&gdpr=&gdpr_consent=&us_privacy=&gpp=&gpp_sid=&cb=https%3A%2F%2Fcookies.nextmillmedia.com%2Fsetuid%3Fbidder%3Dadipolo%26nmuid%3Df74d3e3f-5fa3-4afa-aefc-387d297fe291%26gdpr%3D%26gdpr_consent%3D%26us_privacy%3D%26uid%3D%25USER_ID%25'. This request has been blocked; the content must be served over HTTPS. @ https://cookies.nextmillmedia.com/sync?gdpr=&gdpr_consent=&us_privacy=&redirect=https%3A%2F%2Fsync.cootlogix.com%2Fapi%2Fcookie%3FpartnerId%3Dnextmillmedia%26userId%3D%5BNMUID%5D%26gdpr%3D%26gdpr_consent%3D%26us_privacy%3D:42
[   39987ms] [ERROR] Mixed Content: The page at 'https://www.flaticon.com/search?word=verification&type=standard' was loaded over HTTPS, but requested an insecure frame 'http://sync.pmbmonetize.live/psync?t=s&e=247&gdpr=&gdpr_consent=&us_privacy=&gpp=&gpp_sid=&cb=https%3A%2F%2Fcookies.nextmillmedia.com%2Fsetuid%3Fbidder%3Dadipolo%26nmuid%3Df74d3e3f-5fa3-4afa-aefc-387d297fe291%26gdpr%3D%26gdpr_consent%3D%26us_privacy%3D%26uid%3D%25USER_ID%25'. This request has been blocked; the content must be served over HTTPS. @ https://cookies.nextmillmedia.com/sync?gdpr=&gdpr_consent=&us_privacy=&redirect=https%3A%2F%2Fsync.cootlogix.com%2Fapi%2Fcookie%3FpartnerId%3Dnextmillmedia%26userId%3D%5BNMUID%5D%26gdpr%3D%26gdpr_consent%3D%26us_privacy%3D:42
[   40286ms] [ERROR] Mixed Content: The page at 'https://www.flaticon.com/search?word=verification&type=standard' was loaded over HTTPS, but requested an insecure frame 'http://sync.pmbmonetize.live/psync?t=s&e=247&gdpr=&gdpr_consent=&us_privacy=&gpp=&gpp_sid=&cb=https%3A%2F%2Fcookies.nextmillmedia.com%2Fsetuid%3Fbidder%3Dadipolo%26nmuid%3Df74d3e3f-5fa3-4afa-aefc-387d297fe291%26gdpr%3D%26gdpr_consent%3D%26us_privacy%3D%26uid%3D%25USER_ID%25'. This request has been blocked; the content must be served over HTTPS. @ https://cookies.nextmillmedia.com/sync?gdpr=&gdpr_consent=&us_privacy=&redirect=https%3A%2F%2Fsync.cootlogix.com%2Fapi%2Fcookie%3FpartnerId%3Dnextmillmedia%26userId%3D%5BNMUID%5D%26gdpr%3D%26gdpr_consent%3D%26us_privacy%3D:42
[   43554ms] [ERROR] Failed to load resource: the server responded with a status of 400 () @ https://cs.ingage.tech/v1/sync/equative/bbe2cc3d-47a5-4293-9bb8-7966dbf7e6ca?uid=:0
[   50129ms] [WARNING] The resource https://media.flaticon.com/dist/min/img/logo/flaticon_negative.svg was preloaded using link preload but not used within a few seconds from the window's load event. Please make sure it has an appropriate `as` value and it is preloaded intentionally. @ https://www.flaticon.com/search?word=verification&type=standard:0
[   53527ms] [WARNING] The resource https://media.flaticon.com/dist/min/img/logo/flaticon_negative.svg was preloaded using link preload but not used within a few seconds from the window's load event. Please make sure it has an appropriate `as` value and it is preloaded intentionally. @ https://www.flaticon.com/search?word=verification&type=standard:0
[   11868ms] [ERROR] Failed to load resource: the server responded with a status of 404 () @ https://cs.admanmedia.com/94fd017f496d404a25fc5546f959bf2f.gif?gdpr=&gdpr_consent=&us_privacy=&redir=https%3A%2F%2Fsync.kueezrtb.com%2Fapi%2Fcookie%3FpartnerId%3Dkueez-acuity%26gdpr%3D%26gdpr_consent%3D%26us_privacy%3D%26userId%3D%5BUID%5D:0
[   65820ms] [ERROR] Attestation check for Shared Storage on https://www.googleadservices.com failed. @ https://www.googleadservices.com/pagead/managed/js/activeview/current/reach_worklet.html:0
[   36534ms] [ERROR] Failed to load resource: net::ERR_NAME_NOT_RESOLVED @ https://px.owneriq.net/eox:0
[   42289ms] [ERROR] Failed to load resource: the server responded with a status of 400 () @ https://ssum-sec.casalemedia.com/usermatch?s=194558&cb=https%3A%2F%2Fu-ams.4dex.io%2Fsetuid%3Fbidder%3Dindexexchange%26it%3Dortb%26uid%3D:0
[   66942ms] [WARNING] The resource https://media.flaticon.com/dist/min/img/logo/flaticon_negative.svg was preloaded using link preload but not used within a few seconds from the window's load event. Please make sure it has an appropriate `as` value and it is preloaded intentionally. @ https://www.flaticon.com/search?word=verification&type=standard:0
[   67253ms] [DIR] SyntaxError @ https://js.ad-score.com/score.min.js?pid=1000925&tt=g:1
[   67651ms] [WARNING] The powerPreference option is currently ignored when calling requestAdapter() on Windows. See https://crbug.com/369219127 @ https://js.ad-score.com/score.min.js?pid=1000925&tt=g:1
[   68034ms] [TIMEEND] a: 0.001953125 ms @ https://static.adsafeprotected.com/sca.17.6.4.js:31
[   77864ms] [WARNING] The resource https://media.flaticon.com/dist/min/img/logo/flaticon_negative.svg was preloaded using link preload but not used within a few seconds from the window's load event. Please make sure it has an appropriate `as` value and it is preloaded intentionally. @ https://www.flaticon.com/search?word=verification&type=standard:0
[   81280ms] [WARNING] The resource https://media.flaticon.com/dist/min/img/logo/flaticon_negative.svg was preloaded using link preload but not used within a few seconds from the window's load event. Please make sure it has an appropriate `as` value and it is preloaded intentionally. @ https://www.flaticon.com/search?word=verification&type=standard:0
[   86230ms] [WARNING] The resource https://media.flaticon.com/dist/min/img/logo/flaticon_negative.svg was preloaded using link preload but not used within a few seconds from the window's load event. Please make sure it has an appropriate `as` value and it is preloaded intentionally. @ https://www.flaticon.com/search?word=verification&type=standard:0
[   95264ms] [ERROR] Attestation check for Shared Storage on https://www.googleadservices.com failed. @ https://www.googleadservices.com/pagead/managed/js/activeview/current/reach_worklet.html:0
[   36534ms] [ERROR] Failed to load resource: net::ERR_NAME_NOT_RESOLVED @ https://px.owneriq.net/eox:0
[   36534ms] [ERROR] Failed to load resource: net::ERR_NAME_NOT_RESOLVED @ https://px.owneriq.net/eox:0
[   42289ms] [ERROR] Failed to load resource: the server responded with a status of 400 () @ https://ssum-sec.casalemedia.com/usermatch?s=194558&cb=https%3A%2F%2Fu-ams.4dex.io%2Fsetuid%3Fbidder%3Dindexexchange%26it%3Dortb%26uid%3D:0
[   95635ms] [DIR] SyntaxError @ https://js.ad-score.com/score.min.js?pid=1000925&tt=g:1
[   95936ms] [WARNING] The powerPreference option is currently ignored when calling requestAdapter() on Windows. See https://crbug.com/369219127 @ https://js.ad-score.com/score.min.js?pid=1000925&tt=g:1
[   96417ms] [TIMEEND] a: 0.001953125 ms @ https://static.adsafeprotected.com/sca.17.6.4.js:31
[   97126ms] [WARNING] The resource https://media.flaticon.com/dist/min/img/logo/flaticon_negative.svg was preloaded using link preload but not used within a few seconds from the window's load event. Please make sure it has an appropriate `as` value and it is preloaded intentionally. @ https://www.flaticon.com/search?word=verification&type=standard:0
[  100713ms] [WARNING] The resource https://media.flaticon.com/dist/min/img/logo/flaticon_negative.svg was preloaded using link preload but not used within a few seconds from the window's load event. Please make sure it has an appropriate `as` value and it is preloaded intentionally. @ https://www.flaticon.com/search?word=verification&type=standard:0
[  104313ms] [WARNING] The resource https://media.flaticon.com/dist/min/img/logo/flaticon_negative.svg was preloaded using link preload but not used within a few seconds from the window's load event. Please make sure it has an appropriate `as` value and it is preloaded intentionally. @ https://www.flaticon.com/search?word=verification&type=standard:0
[  114646ms] [WARNING] The resource https://media.flaticon.com/dist/min/img/logo/flaticon_negative.svg was preloaded using link preload but not used within a few seconds from the window's load event. Please make sure it has an appropriate `as` value and it is preloaded intentionally. @ https://www.flaticon.com/search?word=verification&type=standard:0
[  126389ms] [WARNING] Mixed Content: The page at 'about:srcdoc' was loaded over HTTPS, but requested an insecure element 'http://pixel.quantcount.com/pixel/p-9fYuixa7g_Hm2.gif?labels=_qc.spend,_qc.image.imp&rtbdata2=EA06GGh0dHBzOi8vd3d3LmZsYXRpY29uLmNvbVooMmRMZWI5ZUYxMmpDMTk0eDE5RENhNHFBMlczQ2k0MDRqdFl1SF9yRIAB64W_6g-6ARhNeGFHMFVaSEFaNkxKWUtyWWh6Wk5UQmHAAZChD8gBhbqc2egz2gEWQVo2TEp4MERZRVE5VUhiWXY5NjdMd7ACCMgCANACzuGG-_if98ypAegCGvICDwjGvyMQr4_E1fGwuYSrAfICDAgaEL2qvba4uJq6fvgCAIoDBjI3OTExNpgDAKgDALIDBLUbCuu6AxIJekUOF1DcE20RpKfXifKwnLrCAxIJy0QrGYKvbLIRtOLJsUR7T7bIA6OAgIEB2AOV-sAV4gMPcC0xUll4ZVBYVDliQ1My6gMGCMoHEPoB8gMLYjY3MDIlM...ACqE_-FJOnogQSCXpFDhdQ3BNtEaSn14nysJy6qgQSCXpFDhdQ3BNtEaSn14nysJy6uATQBdAEBfIEAkFSgAUBigUqMjBkYzBjZTMzOWEwMzAzODkxYmE0MjRjYzczNTdhNGQyNDQxZjU0N2E2kAUBmgUVINwM4zmgMDiRukJMxzV6TSRB9UemogUkUnBxR0pGNnkwZ2tjbWVncUFvdkRMMU8tMTJ4Ym4zeVRIMGc9sAUAuAUAwAXrhb_qD8gF89KqBNIFBggCEAIYEOgFBZoGFAoSCZpIqRpHnZKRESACqE_-FJOnoAYAtQaCv9w3ugZSCgJBUhIBQhgAIgVsdWphbioLYjY3MDIlMjBvcWE6G3RlbGVmb25pY2ElMjBkZSUyMGFyZ2VudGluYVoWdGVsZWZvbmljYSUyMGFyZ2VudGluYckGHXgiBbVBuxLxBgDIIgW1QbsSgAcAigcSCctEKxmCr2yyEbTiybFEe0-2sAe79LMEuAfB5oYF2AcE'. This request was automatically upgraded to HTTPS, For more information see https://blog.chromium.org/2019/10/no-more-mixed-messages-about-https.html @ about:srcdoc:0
[  126390ms] [WARNING] Mixed Content: The page at 'about:srcdoc' was loaded over HTTPS, but requested an insecure element 'http://content.quantcount.com/adchoices/img/adc.png'. This request was automatically upgraded to HTTPS, For more information see https://blog.chromium.org/2019/10/no-more-mixed-messages-about-https.html @ about:srcdoc:0
[  126419ms] [WARNING] Mixed Content: The page at 'about:srcdoc' was loaded over HTTPS, but requested an insecure element 'http://pixel.quantserve.com/pixel/p-1RYxePXT9bCS2.gif?&media=ad&p=0.25&r=229925&rand=45104405&labels=_qc.imp,_imp.adserver.rtb,_imp.qccampaign.9087347,_imp.flight.0,_imp.lineitem.0&rtbip=192.184.73.254&rtbdata2=EA06GGh0dHBzOi8vd3d3LmZsYXRpY29uLmNvbVooMmRMZWI5ZUYxMmpDMTk0eDE5RENhNHFBMlczQ2k0MDRqdFl1SF9yRIAB64W_6g-6ARhNeGFHMFVaSEFaNkxKWUtyWWh6Wk5UQmHAAZChD8gBhbqc2egz2gEWQVo2TEp4MERZRVE5VUhiWXY5NjdMd7ACCMgCANACzuGG-_if98ypAegCGvICDwjGvyMQr4_E1fGwuYSrAfICDAgaEL2qvba4uJq6fvgCAIoDBjI3OTExNpgDAKgDALIDBLUbCuu6AxIJ...kAUBmgUVINwM4zmgMDiRukJMxzV6TSRB9UemogUkUnBxR0pGNnkwZ2tjbWVncUFvdkRMMU8tMTJ4Ym4zeVRIMGc9sAUAuAUAwAXrhb_qD8gF89KqBNIFBggCEAIYEOgFBZoGFAoSCZpIqRpHnZKRESACqE_-FJOnoAYAtQaCv9w3ugZSCgJBUhIBQhgAIgVsdWphbioLYjY3MDIlMjBvcWE6G3RlbGVmb25pY2ElMjBkZSUyMGFyZ2VudGluYVoWdGVsZWZvbmljYSUyMGFyZ2VudGluYckGHXgiBbVBuxLxBgDIIgW1QbsSgAcAigcSCctEKxmCr2yyEbTiybFEe0-2sAe79LMEuAfB5oYF2AcE&rtb_id=CR14IgW1QbsSEQDIIgW1QbsSGDyQnDfISlRNV2bv_lo&fpan=1&fpa=I0-1133439809-1780450992355&d=flaticon.com&et=1780451085365&sr=1920x1080x32&tzo=180'. This request was automatically upgraded to HTTPS, For more information see https://blog.chromium.org/2019/10/no-more-mixed-messages-about-https.html @ about:srcdoc:0
[  126420ms] [ERROR] Mixed Content: The page at 'https://www.flaticon.com/search?word=verification&type=standard' was loaded over HTTPS, but requested an insecure stylesheet 'http://content.quantcount.com/adchoices/adchoices.css'. This request has been blocked; the content must be served over HTTPS. @ about:srcdoc:16
[  126420ms] [WARNING] Mixed Content: The page at 'about:srcdoc' was loaded over HTTPS, but requested an insecure element 'http://pixel.quantcount.com/pixel/p-9fYuixa7g_Hm2.gif?labels=_qc.spend,_qc.image.imp&rtbdata2=EA06GGh0dHBzOi8vd3d3LmZsYXRpY29uLmNvbVooMmRMZWI5ZUYxMmpDMTk0eDE5RENhNHFBMlczQ2k0MDRqdFl1SF9yRIAB64W_6g-6ARhNeGFHMFVaSEFaNkxKWUtyWWh6Wk5UQmHAAZChD8gBhbqc2egz2gEWQVo2TEp4MERZRVE5VUhiWXY5NjdMd7ACCMgCANACzuGG-_if98ypAegCGvICDwjGvyMQr4_E1fGwuYSrAfICDAgaEL2qvba4uJq6fvgCAIoDBjI3OTExNpgDAKgDALIDBLUbCuu6AxIJekUOF1DcE20RpKfXifKwnLrCAxIJy0QrGYKvbLIRtOLJsUR7T7bIA6OAgIEB2AOV-sAV4gMPcC0xUll4ZVBYVDliQ1My6gMGCMoHEPoB8gMLYjY3MDIlM...ACqE_-FJOnogQSCXpFDhdQ3BNtEaSn14nysJy6qgQSCXpFDhdQ3BNtEaSn14nysJy6uATQBdAEBfIEAkFSgAUBigUqMjBkYzBjZTMzOWEwMzAzODkxYmE0MjRjYzczNTdhNGQyNDQxZjU0N2E2kAUBmgUVINwM4zmgMDiRukJMxzV6TSRB9UemogUkUnBxR0pGNnkwZ2tjbWVncUFvdkRMMU8tMTJ4Ym4zeVRIMGc9sAUAuAUAwAXrhb_qD8gF89KqBNIFBggCEAIYEOgFBZoGFAoSCZpIqRpHnZKRESACqE_-FJOnoAYAtQaCv9w3ugZSCgJBUhIBQhgAIgVsdWphbioLYjY3MDIlMjBvcWE6G3RlbGVmb25pY2ElMjBkZSUyMGFyZ2VudGluYVoWdGVsZWZvbmljYSUyMGFyZ2VudGluYckGHXgiBbVBuxLxBgDIIgW1QbsSgAcAigcSCctEKxmCr2yyEbTiybFEe0-2sAe79LMEuAfB5oYF2AcE'. This request was automatically upgraded to HTTPS, For more information see https://blog.chromium.org/2019/10/no-more-mixed-messages-about-https.html @ about:srcdoc:74
[  126421ms] [WARNING] Mixed Content: The page at 'about:srcdoc' was loaded over HTTPS, but requested an insecure element 'http://content.quantcount.com/adchoices/img/adc.png'. This request was automatically upgraded to HTTPS, For more information see https://blog.chromium.org/2019/10/no-more-mixed-messages-about-https.html @ about:srcdoc:74
[  126434ms] [ERROR] Attestation check for Shared Storage on https://www.googleadservices.com failed. @ https://www.googleadservices.com/pagead/managed/js/activeview/current/reach_worklet.html:0
[   42289ms] [ERROR] Failed to load resource: the server responded with a status of 400 () @ https://ssum-sec.casalemedia.com/usermatch?s=194558&cb=https%3A%2F%2Fu-ams.4dex.io%2Fsetuid%3Fbidder%3Dindexexchange%26it%3Dortb%26uid%3D:0
[  126618ms] [ERROR] Failed to load resource: the server responded with a status of 400 () @ https://ssum-sec.casalemedia.com/usermatch?s=194558&cb=https%3A%2F%2Fu.4dex.io%2Fsetuid%3Fbidder%3Dindexexchange%26it%3Dadg-pb-clt%26uid%3D:0
[  126917ms] [DIR] SyntaxError @ https://js.ad-score.com/score.min.js?pid=1000925&tt=g:1
[  127260ms] [WARNING] The powerPreference option is currently ignored when calling requestAdapter() on Windows. See https://crbug.com/369219127 @ https://js.ad-score.com/score.min.js?pid=1000925&tt=g:1
[  127767ms] [TIMEEND] a: 0.01220703125 ms @ https://static.adsafeprotected.com/sca.17.6.4.js:31
[  129029ms] [WARNING] The resource https://media.flaticon.com/dist/min/img/logo/flaticon_negative.svg was preloaded using link preload but not used within a few seconds from the window's load event. Please make sure it has an appropriate `as` value and it is preloaded intentionally. @ https://www.flaticon.com/search?word=verification&type=standard:0
[  135646ms] [WARNING] The resource https://media.flaticon.com/dist/min/img/logo/flaticon_negative.svg was preloaded using link preload but not used within a few seconds from the window's load event. Please make sure it has an appropriate `as` value and it is preloaded intentionally. @ https://www.flaticon.com/search?word=verification&type=standard:0
[  145926ms] [WARNING] The resource https://media.flaticon.com/dist/min/img/logo/flaticon_negative.svg was preloaded using link preload but not used within a few seconds from the window's load event. Please make sure it has an appropriate `as` value and it is preloaded intentionally. @ https://www.flaticon.com/search?word=verification&type=standard:0
[  157693ms] [ERROR] Attestation check for Shared Storage on https://www.googleadservices.com failed. @ https://www.googleadservices.com/pagead/managed/js/activeview/current/reach_worklet.html:0
[  158120ms] [DIR] SyntaxError @ https://js.ad-score.com/score.min.js?pid=1000925&tt=g:1
[  158402ms] [WARNING] The powerPreference option is currently ignored when calling requestAdapter() on Windows. See https://crbug.com/369219127 @ https://js.ad-score.com/score.min.js?pid=1000925&tt=g:1
[  159028ms] [TIMEEND] a: 0.001953125 ms @ https://static.adsafeprotected.com/sca.17.6.4.js:31
[  163145ms] [DIR] SyntaxError @ https://js.ad-score.com/score.min.js?pid=1000925&tt=g:1
[  163350ms] [WARNING] The resource https://media.flaticon.com/dist/min/img/logo/flaticon_negative.svg was preloaded using link preload but not used within a few seconds from the window's load event. Please make sure it has an appropriate `as` value and it is preloaded intentionally. @ https://www.flaticon.com/search?word=verification&type=standard:0
[  163446ms] [WARNING] The powerPreference option is currently ignored when calling requestAdapter() on Windows. See https://crbug.com/369219127 @ https://js.ad-score.com/score.min.js?pid=1000925&tt=g:1
[  163800ms] [TIMEEND] a: 0.001953125 ms @ https://static.adsafeprotected.com/sca.17.6.4.js:31
[  170137ms] [DIR] SyntaxError @ https://js.ad-score.com/score.min.js?pid=1000925&tt=g:1
[  170471ms] [WARNING] The powerPreference option is currently ignored when calling requestAdapter() on Windows. See https://crbug.com/369219127 @ https://js.ad-score.com/score.min.js?pid=1000925&tt=g:1
[  171100ms] [TIMEEND] a: 0.001953125 ms @ https://static.adsafeprotected.com/sca.17.6.4.js:31
[  177235ms] [DIR] SyntaxError @ https://js.ad-score.com/score.min.js?pid=1000925&tt=g:1
[  177649ms] [WARNING] The powerPreference option is currently ignored when calling requestAdapter() on Windows. See https://crbug.com/369219127 @ https://js.ad-score.com/score.min.js?pid=1000925&tt=g:1
[  177921ms] [TIMEEND] a: 0.001953125 ms @ https://static.adsafeprotected.com/sca.17.6.4.js:31
[  184545ms] [DIR] SyntaxError @ https://js.ad-score.com/score.min.js?pid=1000925&tt=g:1
[  185006ms] [WARNING] The powerPreference option is currently ignored when calling requestAdapter() on Windows. See https://crbug.com/369219127 @ https://js.ad-score.com/score.min.js?pid=1000925&tt=g:1
[  185534ms] [TIMEEND] a: 0.0029296875 ms @ https://static.adsafeprotected.com/sca.17.6.4.js:31
[  187648ms] [WARNING] Mixed Content: The page at 'about:srcdoc' was loaded over HTTPS, but requested an insecure element 'http://pixel.quantcount.com/pixel/p-9fYuixa7g_Hm2.gif?labels=_qc.spend,_qc.image.imp&rtbdata2=EA06GGh0dHBzOi8vd3d3LmZsYXRpY29uLmNvbVooMmRMZWI5ZUYxMmpDMTk0eDE5RENhNHFBMlczQ2k0MDRqdFl1SF9yRIABvYWt8AK6ARhNeGFHMFVaSEFaNkxKWUtyWWh6Wk5UQmHAAZChD8gBpIqi2egz2gEWQVo2TEtJVWpZbDVYbDgyaGFlTXV1UbACCMgCANACzuGG-_if98ypAegCtzryAg4ItzoQzpKojtbS0srTAfICDwiV4yMQyZjTjaaRqOLNAfgCAIoDBjI3OTExNpgDAKgDALIDBLUbCuu6AxIJAEmdd2vwSs0RfzBypeIXA73CAxIJSkG6SuTuRCgR1E4waZOQ1IbIA6OAgIEB2AO9ha3wAuIDD3AtMVJZeGVQWFQ5YkNTMuoDBgjKBxD6AfIDC2I2N...1IOgDTK8iaIEEgkASZ13a_BKzRF_MHKl4hcDvaoEEgkASZ13a_BKzRF_MHKl4hcDvbgE0AXQBAXyBAJBUoAFAYoFKjIwZGMwY2UzMzlhMDMwMzg5MWJhNDI0Y2M3MzU3YTRkMjQ0MWY1NDdhNpAFAZoFFSDcDOM5oDA4kbpCTMc1ek0kQfVHpqIFJFJwcUdKRjZ5MGdrY21lZ3FBb3ZETDFPLTEyeGJuM3lUSDBnPbAFALgFAMAFvYWt8ALIBfPSqgTSBQYIAhAEGAPoBQWaBhQKEgmZS-puXm6ENBFZ1IOgDTK8iaAGALUGVhP1O7oGUgoCQVISAUIYACIFbHVqYW4qC2I2NzAyJTIwb3FhOht0ZWxlZm9uaWNhJTIwZGUlMjBhcmdlbnRpbmFaFnRlbGVmb25pY2ElMjBhcmdlbnRpbmHJBj4QJiQdQ7sS8QYDECYkHUO7EoAHAIoHEglKQbpK5O5EKBHUTjBpk5DUhrAHxfSzBLgH1uWGBdgHBA'. This request was automatically upgraded to HTTPS, For more information see https://blog.chromium.org/2019/10/no-more-mixed-messages-about-https.html @ about:srcdoc:0
[  187650ms] [WARNING] Mixed Content: The page at 'about:srcdoc' was loaded over HTTPS, but requested an insecure element 'http://content.quantcount.com/adchoices/img/adc.png'. This request was automatically upgraded to HTTPS, For more information see https://blog.chromium.org/2019/10/no-more-mixed-messages-about-https.html @ about:srcdoc:0
[  187669ms] [WARNING] Mixed Content: The page at 'about:srcdoc' was loaded over HTTPS, but requested an insecure element 'http://pixel.quantserve.com/pixel/p-1RYxePXT9bCS2.gif?&media=ad&p=0.25&r=574029&rand=772489917&labels=_qc.imp,_imp.adserver.rtb,_imp.qccampaign.9087347,_imp.flight.0,_imp.lineitem.0&rtbip=192.184.73.57&rtbdata2=EA06GGh0dHBzOi8vd3d3LmZsYXRpY29uLmNvbVooMmRMZWI5ZUYxMmpDMTk0eDE5RENhNHFBMlczQ2k0MDRqdFl1SF9yRIABvYWt8AK6ARhNeGFHMFVaSEFaNkxKWUtyWWh6Wk5UQmHAAZChD8gBpIqi2egz2gEWQVo2TEtJVWpZbDVYbDgyaGFlTXV1UbACCMgCANACzuGG-_if98ypAegCtzryAg4ItzoQzpKojtbS0srTAfICDwiV4yMQyZjTjaaRqOLNAfgCAIoDBjI3OTExNpgDAKgDALIDBLUbCuu6...AFAZoFFSDcDOM5oDA4kbpCTMc1ek0kQfVHpqIFJFJwcUdKRjZ5MGdrY21lZ3FBb3ZETDFPLTEyeGJuM3lUSDBnPbAFALgFAMAFvYWt8ALIBfPSqgTSBQYIAhAEGAPoBQWaBhQKEgmZS-puXm6ENBFZ1IOgDTK8iaAGALUGVhP1O7oGUgoCQVISAUIYACIFbHVqYW4qC2I2NzAyJTIwb3FhOht0ZWxlZm9uaWNhJTIwZGUlMjBhcmdlbnRpbmFaFnRlbGVmb25pY2ElMjBhcmdlbnRpbmHJBj4QJiQdQ7sS8QYDECYkHUO7EoAHAIoHEglKQbpK5O5EKBHUTjBpk5DUhrAHxfSzBLgH1uWGBdgHBA&rtb_id=CT4QJiQdQ7sSEQMQJiQdQ7sSGDwB1iQhRv7Gk1iONwE&fpan=1&fpa=I0-1133439809-1780450992355&d=flaticon.com&et=1780451146610&sr=1920x1080x32&tzo=180'. This request was automatically upgraded to HTTPS, For more information see https://blog.chromium.org/2019/10/no-more-mixed-messages-about-https.html @ about:srcdoc:0
[  187670ms] [ERROR] Mixed Content: The page at 'https://www.flaticon.com/search?word=verification&type=standard' was loaded over HTTPS, but requested an insecure stylesheet 'http://content.quantcount.com/adchoices/adchoices.css'. This request has been blocked; the content must be served over HTTPS. @ about:srcdoc:16
[  187670ms] [WARNING] Mixed Content: The page at 'about:srcdoc' was loaded over HTTPS, but requested an insecure element 'http://pixel.quantcount.com/pixel/p-9fYuixa7g_Hm2.gif?labels=_qc.spend,_qc.image.imp&rtbdata2=EA06GGh0dHBzOi8vd3d3LmZsYXRpY29uLmNvbVooMmRMZWI5ZUYxMmpDMTk0eDE5RENhNHFBMlczQ2k0MDRqdFl1SF9yRIABvYWt8AK6ARhNeGFHMFVaSEFaNkxKWUtyWWh6Wk5UQmHAAZChD8gBpIqi2egz2gEWQVo2TEtJVWpZbDVYbDgyaGFlTXV1UbACCMgCANACzuGG-_if98ypAegCtzryAg4ItzoQzpKojtbS0srTAfICDwiV4yMQyZjTjaaRqOLNAfgCAIoDBjI3OTExNpgDAKgDALIDBLUbCuu6AxIJAEmdd2vwSs0RfzBypeIXA73CAxIJSkG6SuTuRCgR1E4waZOQ1IbIA6OAgIEB2AO9ha3wAuIDD3AtMVJZeGVQWFQ5YkNTMuoDBgjKBxD6AfIDC2I2N...1IOgDTK8iaIEEgkASZ13a_BKzRF_MHKl4hcDvaoEEgkASZ13a_BKzRF_MHKl4hcDvbgE0AXQBAXyBAJBUoAFAYoFKjIwZGMwY2UzMzlhMDMwMzg5MWJhNDI0Y2M3MzU3YTRkMjQ0MWY1NDdhNpAFAZoFFSDcDOM5oDA4kbpCTMc1ek0kQfVHpqIFJFJwcUdKRjZ5MGdrY21lZ3FBb3ZETDFPLTEyeGJuM3lUSDBnPbAFALgFAMAFvYWt8ALIBfPSqgTSBQYIAhAEGAPoBQWaBhQKEgmZS-puXm6ENBFZ1IOgDTK8iaAGALUGVhP1O7oGUgoCQVISAUIYACIFbHVqYW4qC2I2NzAyJTIwb3FhOht0ZWxlZm9uaWNhJTIwZGUlMjBhcmdlbnRpbmFaFnRlbGVmb25pY2ElMjBhcmdlbnRpbmHJBj4QJiQdQ7sS8QYDECYkHUO7EoAHAIoHEglKQbpK5O5EKBHUTjBpk5DUhrAHxfSzBLgH1uWGBdgHBA'. This request was automatically upgraded to HTTPS, For more information see https://blog.chromium.org/2019/10/no-more-mixed-messages-about-https.html @ about:srcdoc:74
[  187671ms] [WARNING] Mixed Content: The page at 'about:srcdoc' was loaded over HTTPS, but requested an insecure element 'http://content.quantcount.com/adchoices/img/adc.png'. This request was automatically upgraded to HTTPS, For more information see https://blog.chromium.org/2019/10/no-more-mixed-messages-about-https.html @ about:srcdoc:74
[  187720ms] [ERROR] Attestation check for Shared Storage on https://www.googleadservices.com failed. @ https://www.googleadservices.com/pagead/managed/js/activeview/current/reach_worklet.html:0
[  188166ms] [DIR] SyntaxError @ https://js.ad-score.com/score.min.js?pid=1000925&tt=g:1
[  188669ms] [WARNING] The powerPreference option is currently ignored when calling requestAdapter() on Windows. See https://crbug.com/369219127 @ https://js.ad-score.com/score.min.js?pid=1000925&tt=g:1
[  188944ms] [TIMEEND] a: 0.010009765625 ms @ https://static.adsafeprotected.com/sca.17.6.4.js:31
[  196952ms] [WARNING] The resource https://media.flaticon.com/dist/min/img/logo/flaticon_negative.svg was preloaded using link preload but not used within a few seconds from the window's load event. Please make sure it has an appropriate `as` value and it is preloaded intentionally. @ https://www.flaticon.com/search?word=verification&type=standard:0
[  207113ms] [WARNING] The resource https://media.flaticon.com/dist/min/img/logo/flaticon_negative.svg was preloaded using link preload but not used within a few seconds from the window's load event. Please make sure it has an appropriate `as` value and it is preloaded intentionally. @ https://www.flaticon.com/search?word=verification&type=standard:0
[  217131ms] [ERROR] The request has been aborted. @ https://www.flaticon.com/search?word=verification&type=standard:0
[  217132ms] [ERROR] [GSI_LOGGER]: FedCM get() rejects with AbortError: signal is aborted without reason @ https://accounts.google.com/gsi/client:85
[  218102ms] [WARNING] Mixed Content: The page at 'about:srcdoc' was loaded over HTTPS, but requested an insecure element 'http://pixel.quantcount.com/pixel/p-9fYuixa7g_Hm2.gif?labels=_qc.spend,_qc.image.imp&rtbdata2=EA06GGh0dHBzOi8vd3d3LmZsYXRpY29uLmNvbVooMmRMZWI5ZUYxMmpDMTk0eDE5RENhNHFBMlczQ2k0MDRqdFl1SF9yRIAB_bDe3gi6ARhNeGFHMFVaSEFaNkxKWUtyWWh6Wk5UQmHAAZChD8gBofuj2egz2gEWQVo2TEtQMmZZbU1KbmtUT2d2OWxNd7ACCMgCANACzuGG-_if98ypAegCCPICDwitvSMQruLC273Dh5K0AfICDAgIEOe6j_KbjtPQUPgCAIoDBjI3OTExNpgDAKgDALIDBLUbCuu6AxIJyUnVLgnZ6mcR86IF4J3arrzCAxIJeUxWZUnOv0sR-50HF4QGSqfIA6OAgIEB2AODz6GhB-IDD3AtMVJZeGVQWFQ5YkNTMuoDBgjKBxD6AfIDC2I2NzAyJ...MbGapyUJkKIEEgnJSdUuCdnqZxHzogXgndquvKoEEgnJSdUuCdnqZxHzogXgndquvLgE0AXQBAXyBAJBUoAFAYoFKjIwZGMwY2UzMzlhMDMwMzg5MWJhNDI0Y2M3MzU3YTRkMjQ0MWY1NDdhNpAFAZoFFSDcDOM5oDA4kbpCTMc1ek0kQfVHpqIFJFJwcUdKRjZ5MGdrY21lZ3FBb3ZETDFPLTEyeGJuM3lUSDBnPbAFALgFAMAF_bDe3gjIBfPSqgTSBQYIAhAEGAPoBQWaBhQKEgmbQeEhhfNnFBGnMbGapyUJkKAGALUG-wEHN7oGUgoCQVISAUIYACIFbHVqYW4qC2I2NzAyJTIwb3FhOht0ZWxlZm9uaWNhJTIwZGUlMjBhcmdlbnRpbmFaFnRlbGVmb25pY2ElMjBhcmdlbnRpbmHJBs4QJqGVQ7sS8QYBGCahlUO7EoAHAIoHEgl5TFZlSc6_SxH7nQcXhAZKp7AHwPSzBLgH-uWGBdgHBA'. This request was automatically upgraded to HTTPS, For more information see https://blog.chromium.org/2019/10/no-more-mixed-messages-about-https.html @ about:srcdoc:0
[  218103ms] [WARNING] Mixed Content: The page at 'about:srcdoc' was loaded over HTTPS, but requested an insecure element 'http://content.quantcount.com/adchoices/img/adc.png'. This request was automatically upgraded to HTTPS, For more information see https://blog.chromium.org/2019/10/no-more-mixed-messages-about-https.html @ about:srcdoc:0
[  218122ms] [WARNING] Mixed Content: The page at 'about:srcdoc' was loaded over HTTPS, but requested an insecure element 'http://pixel.quantserve.com/pixel/p-1RYxePXT9bCS2.gif?&media=ad&p=0.25&r=986221&rand=1948804995&labels=_qc.imp,_imp.adserver.rtb,_imp.qccampaign.9087347,_imp.flight.0,_imp.lineitem.0&rtbip=192.184.73.57&rtbdata2=EA06GGh0dHBzOi8vd3d3LmZsYXRpY29uLmNvbVooMmRMZWI5ZUYxMmpDMTk0eDE5RENhNHFBMlczQ2k0MDRqdFl1SF9yRIAB_bDe3gi6ARhNeGFHMFVaSEFaNkxKWUtyWWh6Wk5UQmHAAZChD8gBofuj2egz2gEWQVo2TEtQMmZZbU1KbmtUT2d2OWxNd7ACCMgCANACzuGG-_if98ypAegCCPICDwitvSMQruLC273Dh5K0AfICDAgIEOe6j_KbjtPQUPgCAIoDBjI3OTExNpgDAKgDALIDBLUbCuu6AxI...AFAZoFFSDcDOM5oDA4kbpCTMc1ek0kQfVHpqIFJFJwcUdKRjZ5MGdrY21lZ3FBb3ZETDFPLTEyeGJuM3lUSDBnPbAFALgFAMAF_bDe3gjIBfPSqgTSBQYIAhAEGAPoBQWaBhQKEgmbQeEhhfNnFBGnMbGapyUJkKAGALUG-wEHN7oGUgoCQVISAUIYACIFbHVqYW4qC2I2NzAyJTIwb3FhOht0ZWxlZm9uaWNhJTIwZGUlMjBhcmdlbnRpbmFaFnRlbGVmb25pY2ElMjBhcmdlbnRpbmHJBs4QJqGVQ7sS8QYBGCahlUO7EoAHAIoHEgl5TFZlSc6_SxH7nQcXhAZKp7AHwPSzBLgH-uWGBdgHBA&rtb_id=Cc4QJqGVQ7sSEQEYJqGVQ7sSGDzMT_PlGEoOqigogt0&fpan=1&fpa=I0-1133439809-1780450992355&d=flaticon.com&et=1780451177066&sr=1920x1080x32&tzo=180'. This request was automatically upgraded to HTTPS, For more information see https://blog.chromium.org/2019/10/no-more-mixed-messages-about-https.html @ about:srcdoc:0
[  218123ms] [ERROR] Mixed Content: The page at 'https://www.flaticon.com/search?word=verification&type=standard' was loaded over HTTPS, but requested an insecure stylesheet 'http://content.quantcount.com/adchoices/adchoices.css'. This request has been blocked; the content must be served over HTTPS. @ about:srcdoc:16
[  218123ms] [WARNING] Mixed Content: The page at 'about:srcdoc' was loaded over HTTPS, but requested an insecure element 'http://pixel.quantcount.com/pixel/p-9fYuixa7g_Hm2.gif?labels=_qc.spend,_qc.image.imp&rtbdata2=EA06GGh0dHBzOi8vd3d3LmZsYXRpY29uLmNvbVooMmRMZWI5ZUYxMmpDMTk0eDE5RENhNHFBMlczQ2k0MDRqdFl1SF9yRIAB_bDe3gi6ARhNeGFHMFVaSEFaNkxKWUtyWWh6Wk5UQmHAAZChD8gBofuj2egz2gEWQVo2TEtQMmZZbU1KbmtUT2d2OWxNd7ACCMgCANACzuGG-_if98ypAegCCPICDwitvSMQruLC273Dh5K0AfICDAgIEOe6j_KbjtPQUPgCAIoDBjI3OTExNpgDAKgDALIDBLUbCuu6AxIJyUnVLgnZ6mcR86IF4J3arrzCAxIJeUxWZUnOv0sR-50HF4QGSqfIA6OAgIEB2AODz6GhB-IDD3AtMVJZeGVQWFQ5YkNTMuoDBgjKBxD6AfIDC2I2NzAyJ...MbGapyUJkKIEEgnJSdUuCdnqZxHzogXgndquvKoEEgnJSdUuCdnqZxHzogXgndquvLgE0AXQBAXyBAJBUoAFAYoFKjIwZGMwY2UzMzlhMDMwMzg5MWJhNDI0Y2M3MzU3YTRkMjQ0MWY1NDdhNpAFAZoFFSDcDOM5oDA4kbpCTMc1ek0kQfVHpqIFJFJwcUdKRjZ5MGdrY21lZ3FBb3ZETDFPLTEyeGJuM3lUSDBnPbAFALgFAMAF_bDe3gjIBfPSqgTSBQYIAhAEGAPoBQWaBhQKEgmbQeEhhfNnFBGnMbGapyUJkKAGALUG-wEHN7oGUgoCQVISAUIYACIFbHVqYW4qC2I2NzAyJTIwb3FhOht0ZWxlZm9uaWNhJTIwZGUlMjBhcmdlbnRpbmFaFnRlbGVmb25pY2ElMjBhcmdlbnRpbmHJBs4QJqGVQ7sS8QYBGCahlUO7EoAHAIoHEgl5TFZlSc6_SxH7nQcXhAZKp7AHwPSzBLgH-uWGBdgHBA'. This request was automatically upgraded to HTTPS, For more information see https://blog.chromium.org/2019/10/no-more-mixed-messages-about-https.html @ about:srcdoc:74
[  218124ms] [WARNING] Mixed Content: The page at 'about:srcdoc' was loaded over HTTPS, but requested an insecure element 'http://content.quantcount.com/adchoices/img/adc.png'. This request was automatically upgraded to HTTPS, For more information see https://blog.chromium.org/2019/10/no-more-mixed-messages-about-https.html @ about:srcdoc:74
[  218155ms] [ERROR] Attestation check for Shared Storage on https://www.googleadservices.com failed. @ https://www.googleadservices.com/pagead/managed/js/activeview/current/reach_worklet.html:0
[  218533ms] [DIR] SyntaxError @ https://js.ad-score.com/score.min.js?pid=1000925&tt=g:1
[  218801ms] [WARNING] The powerPreference option is currently ignored when calling requestAdapter() on Windows. See https://crbug.com/369219127 @ https://js.ad-score.com/score.min.js?pid=1000925&tt=g:1
[  219484ms] [TIMEEND] a: 0.001953125 ms @ https://static.adsafeprotected.com/sca.17.6.4.js:31
[  223612ms] [WARNING] The resource https://media.flaticon.com/dist/min/img/logo/flaticon_negative.svg was preloaded using link preload but not used within a few seconds from the window's load event. Please make sure it has an appropriate `as` value and it is preloaded intentionally. @ https://www.flaticon.com/search?word=verification&type=standard:0
[  227392ms] [WARNING] The resource https://media.flaticon.com/dist/min/img/logo/flaticon_negative.svg was preloaded using link preload but not used within a few seconds from the window's load event. Please make sure it has an appropriate `as` value and it is preloaded intentionally. @ https://www.flaticon.com/search?word=verification&type=standard:0
[  237697ms] [WARNING] The resource https://media.flaticon.com/dist/min/img/logo/flaticon_negative.svg was preloaded using link preload but not used within a few seconds from the window's load event. Please make sure it has an appropriate `as` value and it is preloaded intentionally. @ https://www.flaticon.com/search?word=verification&type=standard:0
[  249198ms] [ERROR] Attestation check for Shared Storage on https://www.googleadservices.com failed. @ https://www.googleadservices.com/pagead/managed/js/activeview/current/reach_worklet.html:0
[  249640ms] [DIR] SyntaxError @ https://js.ad-score.com/score.min.js?pid=1000925&tt=g:1
[  249988ms] [WARNING] The powerPreference option is currently ignored when calling requestAdapter() on Windows. See https://crbug.com/369219127 @ https://js.ad-score.com/score.min.js?pid=1000925&tt=g:1
[  250561ms] [TIMEEND] a: 0.0009765625 ms @ https://static.adsafeprotected.com/sca.17.6.4.js:31
[    9115ms] [ERROR] Failed to load resource: net::ERR_CERT_DATE_INVALID @ https://measureadv.com/user?gdpr=0&gdpr_consent=&usp_consent=&p=4:0
[   10793ms] [ERROR] Failed to load resource: net::ERR_CONNECTION_REFUSED @ https://cs.playdigo.com/dd3f91b3168664e47ebd1aec9512abd4.gif?puid=ID5-5-73c6d096-2b70-4482-9e98-0d1dcf1c5b6d&redir=https%3A%2F%2Fsync.inmobi.com%2Fsetuid%3FbidderID%3D1302%26dspUserId%3D%5BUID%5D&gdpr=0&gdpr_consent=:0
[   36534ms] [ERROR] Failed to load resource: net::ERR_NAME_NOT_RESOLVED @ https://px.owneriq.net/eox:0
[  251028ms] [ERROR] Failed to load resource: net::ERR_NAME_NOT_RESOLVED @ https://cs.lkqd.net/cs?partnerId=109&partnerUserId=c05a615180&gdpr=0&gdpr_consent=:0
[  251177ms] [ERROR] Failed to load resource: net::ERR_CERT_DATE_INVALID @ https://measureadv.com/user?gdpr=0&gdpr_consent=&usp_consent=&p=4:0
[    9115ms] [ERROR] Failed to load resource: net::ERR_CERT_DATE_INVALID @ https://measureadv.com/user?gdpr=0&gdpr_consent=&usp_consent=&p=4:0
[   10793ms] [ERROR] Failed to load resource: net::ERR_CONNECTION_REFUSED @ https://cs.playdigo.com/dd3f91b3168664e47ebd1aec9512abd4.gif?puid=ID5-5-73c6d096-2b70-4482-9e98-0d1dcf1c5b6d&redir=https%3A%2F%2Fsync.inmobi.com%2Fsetuid%3FbidderID%3D1302%26dspUserId%3D%5BUID%5D&gdpr=0&gdpr_consent=:0
[  251028ms] [ERROR] Failed to load resource: net::ERR_NAME_NOT_RESOLVED @ https://cs.lkqd.net/cs?partnerId=109&partnerUserId=c05a615180&gdpr=0&gdpr_consent=:0
[  251177ms] [ERROR] Failed to load resource: net::ERR_CERT_DATE_INVALID @ https://measureadv.com/user?gdpr=0&gdpr_consent=&usp_consent=&p=4:0
[   11868ms] [ERROR] Failed to load resource: the server responded with a status of 404 () @ https://cs.admanmedia.com/94fd017f496d404a25fc5546f959bf2f.gif?gdpr=&gdpr_consent=&us_privacy=&redir=https%3A%2F%2Fsync.kueezrtb.com%2Fapi%2Fcookie%3FpartnerId%3Dkueez-acuity%26gdpr%3D%26gdpr_consent%3D%26us_privacy%3D%26userId%3D%5BUID%5D:0
[    9115ms] [ERROR] Failed to load resource: net::ERR_CERT_DATE_INVALID @ https://measureadv.com/user?gdpr=0&gdpr_consent=&usp_consent=&p=4:0
[   10793ms] [ERROR] Failed to load resource: net::ERR_CONNECTION_REFUSED @ https://cs.playdigo.com/dd3f91b3168664e47ebd1aec9512abd4.gif?puid=ID5-5-73c6d096-2b70-4482-9e98-0d1dcf1c5b6d&redir=https%3A%2F%2Fsync.inmobi.com%2Fsetuid%3FbidderID%3D1302%26dspUserId%3D%5BUID%5D&gdpr=0&gdpr_consent=:0
[  251028ms] [ERROR] Failed to load resource: net::ERR_NAME_NOT_RESOLVED @ https://cs.lkqd.net/cs?partnerId=109&partnerUserId=c05a615180&gdpr=0&gdpr_consent=:0
[  251177ms] [ERROR] Failed to load resource: net::ERR_CERT_DATE_INVALID @ https://measureadv.com/user?gdpr=0&gdpr_consent=&usp_consent=&p=4:0
[  251395ms] [ERROR] Failed to load resource: the server responded with a status of 404 () @ https://cs.krushmedia.com/4831fbf13dd518a56346a6e0ec8ba9d5.gif?puid=ID5-5-73c6d096-2b70-4482-9e98-0d1dcf1c5b6d&redir=https%3A%2F%2Fsync.inmobi.com%2Fsetuid%3FbidderID%3D1315%26dspUserId%3D%5BUID%5D&gdpr=0&gdpr_consent=:0
[    8651ms] [ERROR] Failed to load resource: the server responded with a status of 404 () @ https://cs.admanmedia.com/c899400112bd5b9243b3993d9a074653.gif?puid=[UID]&redir=https%3A%2F%2Fcsync.smilewanted.com%2Fset_partner_userid_get%2Fillumin%2F%5BUID%5D&gdpr=0&gdpr_consent=:0
[   37471ms] [ERROR] Failed to load resource: the server responded with a status of 404 () @ https://cs.admanmedia.com/292deb7c3c2bf25073c04bb900f3a44a.gif??gdpr=&gdpr_consent=&us_privacy=&redir=https%3A%2F%2Fcookies.nextmillmedia.com%2Fsetuid%3Fbidder%3Dadmanmedia%26nmuid%3D%26gdpr%3D%26gdpr_consent%3D%26us_privacy%3D%26uid%3D%5BUID%5D:0
[   40373ms] [ERROR] Failed to load resource: the server responded with a status of 404 () @ https://cs.admanmedia.com/292deb7c3c2bf25073c04bb900f3a44a.gif??gdpr=&gdpr_consent=&us_privacy=&redir=https%3A%2F%2Fcookies.nextmillmedia.com%2Fsetuid%3Fbidder%3Dadmanmedia%26nmuid%3Df74d3e3f-5fa3-4afa-aefc-387d297fe291%26gdpr%3D%26gdpr_consent%3D%26us_privacy%3D%26uid%3D%5BUID%5D:0
[   41098ms] [ERROR] Failed to load resource: the server responded with a status of 404 () @ https://cs.admanmedia.com/292deb7c3c2bf25073c04bb900f3a44a.gif??gdpr=&gdpr_consent=&us_privacy=&redir=https%3A%2F%2Fcookies.nextmillmedia.com%2Fsetuid%3Fbidder%3Dadmanmedia%26nmuid%3Df74d3e3f-5fa3-4afa-aefc-387d297fe291%26gdpr%3D%26gdpr_consent%3D%26us_privacy%3D%26uid%3D%5BUID%5D:0
[   41873ms] [ERROR] Failed to load resource: the server responded with a status of 404 () @ https://cs.admanmedia.com/292deb7c3c2bf25073c04bb900f3a44a.gif??gdpr=&gdpr_consent=&us_privacy=&redir=https%3A%2F%2Fcookies.nextmillmedia.com%2Fsetuid%3Fbidder%3Dadmanmedia%26nmuid%3Df74d3e3f-5fa3-4afa-aefc-387d297fe291%26gdpr%3D%26gdpr_consent%3D%26us_privacy%3D%26uid%3D%5BUID%5D:0
[  251641ms] [ERROR] Failed to load resource: the server responded with a status of 404 () @ https://cs.admanmedia.com/c899400112bd5b9243b3993d9a074653.gif?puid=[UID]&redir=https%3A%2F%2Fcsync.smilewanted.com%2Fset_partner_userid_get%2Fillumin%2F%5BUID%5D&gdpr=0&gdpr_consent=:0
[  252007ms] [WARNING] The resource https://media.flaticon.com/dist/min/img/logo/flaticon_negative.svg was preloaded using link preload but not used within a few seconds from the window's load event. Please make sure it has an appropriate `as` value and it is preloaded intentionally. @ https://www.flaticon.com/search?word=verification&type=standard:0
[  252876ms] [ERROR] Failed to load resource: net::ERR_CONNECTION_REFUSED @ https://cs.playdigo.com/dd3f91b3168664e47ebd1aec9512abd4.gif?puid=ID5-5-73c6d096-2b70-4482-9e98-0d1dcf1c5b6d&redir=https%3A%2F%2Fsync.inmobi.com%2Fsetuid%3FbidderID%3D1302%26dspUserId%3D%5BUID%5D&gdpr=0&gdpr_consent=:0
[  254727ms] [DIR] SyntaxError @ https://js.ad-score.com/score.min.js?pid=1000925&tt=g:1
[  255042ms] [WARNING] The powerPreference option is currently ignored when calling requestAdapter() on Windows. See https://crbug.com/369219127 @ https://js.ad-score.com/score.min.js?pid=1000925&tt=g:1
[  255366ms] [TIMEEND] a: 0.002197265625 ms @ https://static.adsafeprotected.com/sca.17.6.4.js:31
[  264382ms] [WARNING] The resource https://media.flaticon.com/dist/min/img/logo/flaticon_negative.svg was preloaded using link preload but not used within a few seconds from the window's load event. Please make sure it has an appropriate `as` value and it is preloaded intentionally. @ https://www.flaticon.com/search?word=verification&type=standard:0
[  269849ms] [WARNING] The resource https://media.flaticon.com/dist/min/img/logo/flaticon_negative.svg was preloaded using link preload but not used within a few seconds from the window's load event. Please make sure it has an appropriate `as` value and it is preloaded intentionally. @ https://www.flaticon.com/search?word=verification&type=standard:0
[  273295ms] [WARNING] The resource https://media.flaticon.com/dist/min/img/logo/flaticon_negative.svg was preloaded using link preload but not used within a few seconds from the window's load event. Please make sure it has an appropriate `as` value and it is preloaded intentionally. @ https://www.flaticon.com/search?word=verification&type=standard:0
[  280016ms] [ERROR] Attestation check for Shared Storage on https://www.googleadservices.com failed. @ https://www.googleadservices.com/pagead/managed/js/activeview/current/reach_worklet.html:0
[  280445ms] [DIR] SyntaxError @ https://js.ad-score.com/score.min.js?pid=1000925&tt=g:1
[  280701ms] [WARNING] The powerPreference option is currently ignored when calling requestAdapter() on Windows. See https://crbug.com/369219127 @ https://js.ad-score.com/score.min.js?pid=1000925&tt=g:1
[  281394ms] [TIMEEND] a: 0.001953125 ms @ https://static.adsafeprotected.com/sca.17.6.4.js:31
[  285340ms] [DIR] SyntaxError @ https://js.ad-score.com/score.min.js?pid=1000925&tt=g:1
[  285552ms] [WARNING] The resource https://media.flaticon.com/dist/min/img/logo/flaticon_negative.svg was preloaded using link preload but not used within a few seconds from the window's load event. Please make sure it has an appropriate `as` value and it is preloaded intentionally. @ https://www.flaticon.com/search?word=verification&type=standard:0
[  285749ms] [WARNING] The powerPreference option is currently ignored when calling requestAdapter() on Windows. See https://crbug.com/369219127 @ https://js.ad-score.com/score.min.js?pid=1000925&tt=g:1
[  286034ms] [TIMEEND] a: 0.001953125 ms @ https://static.adsafeprotected.com/sca.17.6.4.js:31
[  292553ms] [DIR] SyntaxError @ https://js.ad-score.com/score.min.js?pid=1000925&tt=g:1
[  292835ms] [WARNING] The powerPreference option is currently ignored when calling requestAdapter() on Windows. See https://crbug.com/369219127 @ https://js.ad-score.com/score.min.js?pid=1000925&tt=g:1
[  293469ms] [TIMEEND] a: 0.001953125 ms @ https://static.adsafeprotected.com/sca.17.6.4.js:31
[  299524ms] [DIR] SyntaxError @ https://js.ad-score.com/score.min.js?pid=1000925&tt=g:1
[  300144ms] [WARNING] The powerPreference option is currently ignored when calling requestAdapter() on Windows. See https://crbug.com/369219127 @ https://js.ad-score.com/score.min.js?pid=1000925&tt=g:1
[  300366ms] [TIMEEND] a: 0.0078125 ms @ https://static.adsafeprotected.com/sca.17.6.4.js:31
[  306591ms] [DIR] SyntaxError @ https://js.ad-score.com/score.min.js?pid=1000925&tt=g:1
[  307042ms] [WARNING] The powerPreference option is currently ignored when calling requestAdapter() on Windows. See https://crbug.com/369219127 @ https://js.ad-score.com/score.min.js?pid=1000925&tt=g:1
[  307292ms] [TIMEEND] a: 0.001953125 ms @ https://static.adsafeprotected.com/sca.17.6.4.js:31
[  311984ms] [ERROR] Attestation check for Shared Storage on https://www.googleadservices.com failed. @ https://www.googleadservices.com/pagead/managed/js/activeview/current/reach_worklet.html:0
[  312654ms] [DIR] SyntaxError @ https://js.ad-score.com/score.min.js?pid=1000925&tt=g:1
[  313122ms] [WARNING] The powerPreference option is currently ignored when calling requestAdapter() on Windows. See https://crbug.com/369219127 @ https://js.ad-score.com/score.min.js?pid=1000925&tt=g:1
[  313227ms] [TIMEEND] a: 0.001953125 ms @ https://static.adsafeprotected.com/sca.17.6.4.js:31
[    9115ms] [ERROR] Failed to load resource: net::ERR_CERT_DATE_INVALID @ https://measureadv.com/user?gdpr=0&gdpr_consent=&usp_consent=&p=4:0
[   10793ms] [ERROR] Failed to load resource: net::ERR_CONNECTION_REFUSED @ https://cs.playdigo.com/dd3f91b3168664e47ebd1aec9512abd4.gif?puid=ID5-5-73c6d096-2b70-4482-9e98-0d1dcf1c5b6d&redir=https%3A%2F%2Fsync.inmobi.com%2Fsetuid%3FbidderID%3D1302%26dspUserId%3D%5BUID%5D&gdpr=0&gdpr_consent=:0
[  251028ms] [ERROR] Failed to load resource: net::ERR_NAME_NOT_RESOLVED @ https://cs.lkqd.net/cs?partnerId=109&partnerUserId=c05a615180&gdpr=0&gdpr_consent=:0
[  251177ms] [ERROR] Failed to load resource: net::ERR_CERT_DATE_INVALID @ https://measureadv.com/user?gdpr=0&gdpr_consent=&usp_consent=&p=4:0
[  251395ms] [ERROR] Failed to load resource: the server responded with a status of 404 () @ https://cs.krushmedia.com/4831fbf13dd518a56346a6e0ec8ba9d5.gif?puid=ID5-5-73c6d096-2b70-4482-9e98-0d1dcf1c5b6d&redir=https%3A%2F%2Fsync.inmobi.com%2Fsetuid%3FbidderID%3D1315%26dspUserId%3D%5BUID%5D&gdpr=0&gdpr_consent=:0
[  252876ms] [ERROR] Failed to load resource: net::ERR_CONNECTION_REFUSED @ https://cs.playdigo.com/dd3f91b3168664e47ebd1aec9512abd4.gif?puid=ID5-5-73c6d096-2b70-4482-9e98-0d1dcf1c5b6d&redir=https%3A%2F%2Fsync.inmobi.com%2Fsetuid%3FbidderID%3D1302%26dspUserId%3D%5BUID%5D&gdpr=0&gdpr_consent=:0
[   36534ms] [ERROR] Failed to load resource: net::ERR_NAME_NOT_RESOLVED @ https://px.owneriq.net/eox:0
[    9115ms] [ERROR] Failed to load resource: net::ERR_CERT_DATE_INVALID @ https://measureadv.com/user?gdpr=0&gdpr_consent=&usp_consent=&p=4:0
[   10793ms] [ERROR] Failed to load resource: net::ERR_CONNECTION_REFUSED @ https://cs.playdigo.com/dd3f91b3168664e47ebd1aec9512abd4.gif?puid=ID5-5-73c6d096-2b70-4482-9e98-0d1dcf1c5b6d&redir=https%3A%2F%2Fsync.inmobi.com%2Fsetuid%3FbidderID%3D1302%26dspUserId%3D%5BUID%5D&gdpr=0&gdpr_consent=:0
[  251028ms] [ERROR] Failed to load resource: net::ERR_NAME_NOT_RESOLVED @ https://cs.lkqd.net/cs?partnerId=109&partnerUserId=c05a615180&gdpr=0&gdpr_consent=:0
[  251177ms] [ERROR] Failed to load resource: net::ERR_CERT_DATE_INVALID @ https://measureadv.com/user?gdpr=0&gdpr_consent=&usp_consent=&p=4:0
[  251395ms] [ERROR] Failed to load resource: the server responded with a status of 404 () @ https://cs.krushmedia.com/4831fbf13dd518a56346a6e0ec8ba9d5.gif?puid=ID5-5-73c6d096-2b70-4482-9e98-0d1dcf1c5b6d&redir=https%3A%2F%2Fsync.inmobi.com%2Fsetuid%3FbidderID%3D1315%26dspUserId%3D%5BUID%5D&gdpr=0&gdpr_consent=:0
[  252876ms] [ERROR] Failed to load resource: net::ERR_CONNECTION_REFUSED @ https://cs.playdigo.com/dd3f91b3168664e47ebd1aec9512abd4.gif?puid=ID5-5-73c6d096-2b70-4482-9e98-0d1dcf1c5b6d&redir=https%3A%2F%2Fsync.inmobi.com%2Fsetuid%3FbidderID%3D1302%26dspUserId%3D%5BUID%5D&gdpr=0&gdpr_consent=:0
[    9115ms] [ERROR] Failed to load resource: net::ERR_CERT_DATE_INVALID @ https://measureadv.com/user?gdpr=0&gdpr_consent=&usp_consent=&p=4:0
[   10793ms] [ERROR] Failed to load resource: net::ERR_CONNECTION_REFUSED @ https://cs.playdigo.com/dd3f91b3168664e47ebd1aec9512abd4.gif?puid=ID5-5-73c6d096-2b70-4482-9e98-0d1dcf1c5b6d&redir=https%3A%2F%2Fsync.inmobi.com%2Fsetuid%3FbidderID%3D1302%26dspUserId%3D%5BUID%5D&gdpr=0&gdpr_consent=:0
[  251028ms] [ERROR] Failed to load resource: net::ERR_NAME_NOT_RESOLVED @ https://cs.lkqd.net/cs?partnerId=109&partnerUserId=c05a615180&gdpr=0&gdpr_consent=:0
[  251177ms] [ERROR] Failed to load resource: net::ERR_CERT_DATE_INVALID @ https://measureadv.com/user?gdpr=0&gdpr_consent=&usp_consent=&p=4:0
[  251395ms] [ERROR] Failed to load resource: the server responded with a status of 404 () @ https://cs.krushmedia.com/4831fbf13dd518a56346a6e0ec8ba9d5.gif?puid=ID5-5-73c6d096-2b70-4482-9e98-0d1dcf1c5b6d&redir=https%3A%2F%2Fsync.inmobi.com%2Fsetuid%3FbidderID%3D1315%26dspUserId%3D%5BUID%5D&gdpr=0&gdpr_consent=:0
[  252876ms] [ERROR] Failed to load resource: net::ERR_CONNECTION_REFUSED @ https://cs.playdigo.com/dd3f91b3168664e47ebd1aec9512abd4.gif?puid=ID5-5-73c6d096-2b70-4482-9e98-0d1dcf1c5b6d&redir=https%3A%2F%2Fsync.inmobi.com%2Fsetuid%3FbidderID%3D1302%26dspUserId%3D%5BUID%5D&gdpr=0&gdpr_consent=:0
[  314257ms] [ERROR] Failed to load resource: net::ERR_CERT_DATE_INVALID @ https://measureadv.com/user?gdpr=0&gdpr_consent=&usp_consent=&p=4:0
[    8651ms] [ERROR] Failed to load resource: the server responded with a status of 404 () @ https://cs.admanmedia.com/c899400112bd5b9243b3993d9a074653.gif?puid=[UID]&redir=https%3A%2F%2Fcsync.smilewanted.com%2Fset_partner_userid_get%2Fillumin%2F%5BUID%5D&gdpr=0&gdpr_consent=:0
[   37471ms] [ERROR] Failed to load resource: the server responded with a status of 404 () @ https://cs.admanmedia.com/292deb7c3c2bf25073c04bb900f3a44a.gif??gdpr=&gdpr_consent=&us_privacy=&redir=https%3A%2F%2Fcookies.nextmillmedia.com%2Fsetuid%3Fbidder%3Dadmanmedia%26nmuid%3D%26gdpr%3D%26gdpr_consent%3D%26us_privacy%3D%26uid%3D%5BUID%5D:0
[   40373ms] [ERROR] Failed to load resource: the server responded with a status of 404 () @ https://cs.admanmedia.com/292deb7c3c2bf25073c04bb900f3a44a.gif??gdpr=&gdpr_consent=&us_privacy=&redir=https%3A%2F%2Fcookies.nextmillmedia.com%2Fsetuid%3Fbidder%3Dadmanmedia%26nmuid%3Df74d3e3f-5fa3-4afa-aefc-387d297fe291%26gdpr%3D%26gdpr_consent%3D%26us_privacy%3D%26uid%3D%5BUID%5D:0
[   41098ms] [ERROR] Failed to load resource: the server responded with a status of 404 () @ https://cs.admanmedia.com/292deb7c3c2bf25073c04bb900f3a44a.gif??gdpr=&gdpr_consent=&us_privacy=&redir=https%3A%2F%2Fcookies.nextmillmedia.com%2Fsetuid%3Fbidder%3Dadmanmedia%26nmuid%3Df74d3e3f-5fa3-4afa-aefc-387d297fe291%26gdpr%3D%26gdpr_consent%3D%26us_privacy%3D%26uid%3D%5BUID%5D:0
[   41873ms] [ERROR] Failed to load resource: the server responded with a status of 404 () @ https://cs.admanmedia.com/292deb7c3c2bf25073c04bb900f3a44a.gif??gdpr=&gdpr_consent=&us_privacy=&redir=https%3A%2F%2Fcookies.nextmillmedia.com%2Fsetuid%3Fbidder%3Dadmanmedia%26nmuid%3Df74d3e3f-5fa3-4afa-aefc-387d297fe291%26gdpr%3D%26gdpr_consent%3D%26us_privacy%3D%26uid%3D%5BUID%5D:0
[  251641ms] [ERROR] Failed to load resource: the server responded with a status of 404 () @ https://cs.admanmedia.com/c899400112bd5b9243b3993d9a074653.gif?puid=[UID]&redir=https%3A%2F%2Fcsync.smilewanted.com%2Fset_partner_userid_get%2Fillumin%2F%5BUID%5D&gdpr=0&gdpr_consent=:0
[  314276ms] [ERROR] Failed to load resource: the server responded with a status of 404 () @ https://cs.admanmedia.com/c899400112bd5b9243b3993d9a074653.gif?puid=[UID]&redir=https%3A%2F%2Fcsync.smilewanted.com%2Fset_partner_userid_get%2Fillumin%2F%5BUID%5D&gdpr=0&gdpr_consent=:0
[  314366ms] [ERROR] Failed to load resource: the server responded with a status of 404 () @ https://cs.krushmedia.com/4831fbf13dd518a56346a6e0ec8ba9d5.gif?puid=ID5-5-73c6d096-2b70-4482-9e98-0d1dcf1c5b6d&redir=https%3A%2F%2Fsync.inmobi.com%2Fsetuid%3FbidderID%3D1315%26dspUserId%3D%5BUID%5D&gdpr=0&gdpr_consent=:0
[  314532ms] [WARNING] The resource https://media.flaticon.com/dist/min/img/logo/flaticon_negative.svg was preloaded using link preload but not used within a few seconds from the window's load event. Please make sure it has an appropriate `as` value and it is preloaded intentionally. @ https://www.flaticon.com/search?word=verification&type=standard:0
[  314853ms] [ERROR] Failed to load resource: the server responded with a status of 404 (Not Found) @ https://us.shb-sync.com/bf2debb3-8b3f-11ed-9a3c-0cc47a787f5e.gif?redir=https%3A%2F%2Fs.ad.smaato.net%2Fc%2F%3FdspId%3D1170%26dspCookie%3D%24UID%26gdpr%3D0%26gdpr_consent%3D&gdpr=0&gdpr_consent=:0
[   36534ms] [ERROR] Failed to load resource: net::ERR_NAME_NOT_RESOLVED @ https://px.owneriq.net/eox:0
[  315949ms] [ERROR] Failed to load resource: net::ERR_CONNECTION_REFUSED @ https://cs.playdigo.com/dd3f91b3168664e47ebd1aec9512abd4.gif?puid=ID5-5-73c6d096-2b70-4482-9e98-0d1dcf1c5b6d&redir=https%3A%2F%2Fsync.inmobi.com%2Fsetuid%3FbidderID%3D1302%26dspUserId%3D%5BUID%5D&gdpr=0&gdpr_consent=:0
[  327064ms] [WARNING] The resource https://media.flaticon.com/dist/min/img/logo/flaticon_negative.svg was preloaded using link preload but not used within a few seconds from the window's load event. Please make sure it has an appropriate `as` value and it is preloaded intentionally. @ https://www.flaticon.com/search?word=verification&type=standard:0
[  331429ms] [WARNING] The resource https://media.flaticon.com/dist/min/img/logo/flaticon_negative.svg was preloaded using link preload but not used within a few seconds from the window's load event. Please make sure it has an appropriate `as` value and it is preloaded intentionally. @ https://www.flaticon.com/search?word=verification&type=standard:0
[  342684ms] [ERROR] Attestation check for Shared Storage on https://www.googleadservices.com failed. @ https://www.googleadservices.com/pagead/managed/js/activeview/current/reach_worklet.html:0
[  343182ms] [DIR] SyntaxError @ https://js.ad-score.com/score.min.js?pid=1000925&tt=g:1
[  343537ms] [WARNING] The powerPreference option is currently ignored when calling requestAdapter() on Windows. See https://crbug.com/369219127 @ https://js.ad-score.com/score.min.js?pid=1000925&tt=g:1
[  343685ms] [TIMEEND] a: 0.001953125 ms @ https://static.adsafeprotected.com/sca.17.6.4.js:31
[  351579ms] [WARNING] The resource https://media.flaticon.com/dist/min/img/logo/flaticon_negative.svg was preloaded using link preload but not used within a few seconds from the window's load event. Please make sure it has an appropriate `as` value and it is preloaded intentionally. @ https://www.flaticon.com/search?word=verification&type=standard:0
