[     124ms] [LOG] [Fast Refresh] rebuilding @ http://localhost:3000/_next/static/chunks/node_modules_next_dist_115brz8._.js:2431
[     341ms] [LOG] [Fast Refresh] done in 322ms @ http://localhost:3000/_next/static/chunks/node_modules_next_dist_115brz8._.js:2431
[     380ms] [ERROR] Error: <path> attribute d: Expected number, "…-.073-4.949-.073zm0 5.838c-3.403…". @ http://localhost:3000/formaciones-complementarias:0
[     636ms] [INFO] %cDownload the React DevTools for a better development experience: https://react.dev/link/react-devtools font-weight:bold @ http://localhost:3000/_next/static/chunks/node_modules_next_dist_115brz8._.js:2431
[     676ms] [LOG] [HMR] connected @ http://localhost:3000/_next/static/chunks/node_modules_next_dist_115brz8._.js:2431
[   48737ms] [LOG] [Fast Refresh] rebuilding @ http://localhost:3000/_next/static/chunks/node_modules_next_dist_115brz8._.js:2431
[   49301ms] [ERROR] ./src/app/formaciones-complementarias/page.tsx:238:13
Expression expected
  236 |                 </div>
  237 |               </div>
> 238 |             </div>
      |             ^
  239 |           </div>
  240 |         </div>
  241 |       </section>

Parsing ecmascript source code failed

Import traces:
  Client Component Browser:
    ./src/app/formaciones-complementarias/page.tsx [Client Component Browser]
    ./src/app/formaciones-complementarias/page.tsx [Server Component]

  Client Component SSR:
    ./src/app/formaciones-complementarias/page.tsx [Client Component SSR]
    ./src/app/formaciones-complementarias/page.tsx [Server Component] @ http://localhost:3000/_next/static/chunks/node_modules_next_dist_115brz8._.js:3272
[   49301ms] [ERROR] ./src/app/formaciones-complementarias/page.tsx:238:14
Unterminated regexp literal
  236 |                 </div>
  237 |               </div>
> 238 |             </div>
      |              ^^^^^
  239 |           </div>
  240 |         </div>
  241 |       </section>

Parsing ecmascript source code failed

Import traces:
  Client Component Browser:
    ./src/app/formaciones-complementarias/page.tsx [Client Component Browser]
    ./src/app/formaciones-complementarias/page.tsx [Server Component]

  Client Component SSR:
    ./src/app/formaciones-complementarias/page.tsx [Client Component SSR]
    ./src/app/formaciones-complementarias/page.tsx [Server Component] @ http://localhost:3000/_next/static/chunks/node_modules_next_dist_115brz8._.js:3272
[   49435ms] [ERROR] ./src/app/formaciones-complementarias/page.tsx:238:13
Expression expected
  236 |                 </div>
  237 |               </div>
> 238 |             </div>
      |             ^
  239 |           </div>
  240 |         </div>
  241 |       </section>

Parsing ecmascript source code failed

Import traces:
  Client Component Browser:
    ./src/app/formaciones-complementarias/page.tsx [Client Component Browser]
    ./src/app/formaciones-complementarias/page.tsx [Server Component]

  Client Component SSR:
    ./src/app/formaciones-complementarias/page.tsx [Client Component SSR]
    ./src/app/formaciones-complementarias/page.tsx [Server Component] @ http://localhost:3000/_next/static/chunks/node_modules_next_dist_115brz8._.js:3272
[   49435ms] [ERROR] ./src/app/formaciones-complementarias/page.tsx:238:14
Unterminated regexp literal
  236 |                 </div>
  237 |               </div>
> 238 |             </div>
      |              ^^^^^
  239 |           </div>
  240 |         </div>
  241 |       </section>

Parsing ecmascript source code failed

Import traces:
  Client Component Browser:
    ./src/app/formaciones-complementarias/page.tsx [Client Component Browser]
    ./src/app/formaciones-complementarias/page.tsx [Server Component]

  Client Component SSR:
    ./src/app/formaciones-complementarias/page.tsx [Client Component SSR]
    ./src/app/formaciones-complementarias/page.tsx [Server Component] @ http://localhost:3000/_next/static/chunks/node_modules_next_dist_115brz8._.js:3272
[   49542ms] [LOG] [Fast Refresh] rebuilding @ http://localhost:3000/_next/static/chunks/node_modules_next_dist_115brz8._.js:2431
[   49669ms] [ERROR] ./src/app/formaciones-complementarias/page.tsx:238:13
Expression expected
  236 |                 </div>
  237 |               </div>
> 238 |             </div>
      |             ^
  239 |           </div>
  240 |         </div>
  241 |       </section>

Parsing ecmascript source code failed

Import traces:
  Client Component Browser:
    ./src/app/formaciones-complementarias/page.tsx [Client Component Browser]
    ./src/app/formaciones-complementarias/page.tsx [Server Component]

  Client Component SSR:
    ./src/app/formaciones-complementarias/page.tsx [Client Component SSR]
    ./src/app/formaciones-complementarias/page.tsx [Server Component] @ http://localhost:3000/_next/static/chunks/node_modules_next_dist_115brz8._.js:3272
[   49669ms] [ERROR] ./src/app/formaciones-complementarias/page.tsx:238:14
Unterminated regexp literal
  236 |                 </div>
  237 |               </div>
> 238 |             </div>
      |              ^^^^^
  239 |           </div>
  240 |         </div>
  241 |       </section>

Parsing ecmascript source code failed

Import traces:
  Client Component Browser:
    ./src/app/formaciones-complementarias/page.tsx [Client Component Browser]
    ./src/app/formaciones-complementarias/page.tsx [Server Component]

  Client Component SSR:
    ./src/app/formaciones-complementarias/page.tsx [Client Component SSR]
    ./src/app/formaciones-complementarias/page.tsx [Server Component] @ http://localhost:3000/_next/static/chunks/node_modules_next_dist_115brz8._.js:3272
[   49685ms] [ERROR] Failed to load resource: the server responded with a status of 500 (Internal Server Error) @ http://localhost:3000/formaciones-complementarias?_rsc=1cfbd:0
[   49871ms] [LOG] [Fast Refresh] rebuilding @ http://localhost:3000/_next/static/chunks/node_modules_next_dist_115brz8._.js:2431
[   49874ms] [ERROR] ./src/app/formaciones-complementarias/page.tsx:238:13
Expression expected
  236 |                 </div>
  237 |               </div>
> 238 |             </div>
      |             ^
  239 |           </div>
  240 |         </div>
  241 |       </section>

Parsing ecmascript source code failed

Import traces:
  Client Component Browser:
    ./src/app/formaciones-complementarias/page.tsx [Client Component Browser]
    ./src/app/formaciones-complementarias/page.tsx [Server Component]

  Client Component SSR:
    ./src/app/formaciones-complementarias/page.tsx [Client Component SSR]
    ./src/app/formaciones-complementarias/page.tsx [Server Component] @ http://localhost:3000/_next/static/chunks/node_modules_next_dist_115brz8._.js:3272
[   49876ms] [ERROR] ./src/app/formaciones-complementarias/page.tsx:238:14
Unterminated regexp literal
  236 |                 </div>
  237 |               </div>
> 238 |             </div>
      |              ^^^^^
  239 |           </div>
  240 |         </div>
  241 |       </section>

Parsing ecmascript source code failed

Import traces:
  Client Component Browser:
    ./src/app/formaciones-complementarias/page.tsx [Client Component Browser]
    ./src/app/formaciones-complementarias/page.tsx [Server Component]

  Client Component SSR:
    ./src/app/formaciones-complementarias/page.tsx [Client Component SSR]
    ./src/app/formaciones-complementarias/page.tsx [Server Component] @ http://localhost:3000/_next/static/chunks/node_modules_next_dist_115brz8._.js:3272
[   49969ms] [ERROR] ./src/app/formaciones-complementarias/page.tsx:238:13
Expression expected
  236 |                 </div>
  237 |               </div>
> 238 |             </div>
      |             ^
  239 |           </div>
  240 |         </div>
  241 |       </section>

Parsing ecmascript source code failed

Import traces:
  Client Component Browser:
    ./src/app/formaciones-complementarias/page.tsx [Client Component Browser]
    ./src/app/formaciones-complementarias/page.tsx [Server Component]

  Client Component SSR:
    ./src/app/formaciones-complementarias/page.tsx [Client Component SSR]
    ./src/app/formaciones-complementarias/page.tsx [Server Component] @ http://localhost:3000/_next/static/chunks/node_modules_next_dist_115brz8._.js:3272
[   49970ms] [ERROR] ./src/app/formaciones-complementarias/page.tsx:238:14
Unterminated regexp literal
  236 |                 </div>
  237 |               </div>
> 238 |             </div>
      |              ^^^^^
  239 |           </div>
  240 |         </div>
  241 |       </section>

Parsing ecmascript source code failed

Import traces:
  Client Component Browser:
    ./src/app/formaciones-complementarias/page.tsx [Client Component Browser]
    ./src/app/formaciones-complementarias/page.tsx [Server Component]

  Client Component SSR:
    ./src/app/formaciones-complementarias/page.tsx [Client Component SSR]
    ./src/app/formaciones-complementarias/page.tsx [Server Component] @ http://localhost:3000/_next/static/chunks/node_modules_next_dist_115brz8._.js:3272
[   50064ms] [ERROR] ./src/app/formaciones-complementarias/page.tsx:238:13
Expression expected
  236 |                 </div>
  237 |               </div>
> 238 |             </div>
      |             ^
  239 |           </div>
  240 |         </div>
  241 |       </section>

Parsing ecmascript source code failed

Import traces:
  Client Component Browser:
    ./src/app/formaciones-complementarias/page.tsx [Client Component Browser]
    ./src/app/formaciones-complementarias/page.tsx [Server Component]

  Client Component SSR:
    ./src/app/formaciones-complementarias/page.tsx [Client Component SSR]
    ./src/app/formaciones-complementarias/page.tsx [Server Component] @ http://localhost:3000/_next/static/chunks/node_modules_next_dist_115brz8._.js:3272
[   50065ms] [ERROR] ./src/app/formaciones-complementarias/page.tsx:238:14
Unterminated regexp literal
  236 |                 </div>
  237 |               </div>
> 238 |             </div>
      |              ^^^^^
  239 |           </div>
  240 |         </div>
  241 |       </section>

Parsing ecmascript source code failed

Import traces:
  Client Component Browser:
    ./src/app/formaciones-complementarias/page.tsx [Client Component Browser]
    ./src/app/formaciones-complementarias/page.tsx [Server Component]

  Client Component SSR:
    ./src/app/formaciones-complementarias/page.tsx [Client Component SSR]
    ./src/app/formaciones-complementarias/page.tsx [Server Component] @ http://localhost:3000/_next/static/chunks/node_modules_next_dist_115brz8._.js:3272
[   50065ms] [ERROR] Failed to load resource: the server responded with a status of 500 (Internal Server Error) @ http://localhost:3000/formaciones-complementarias?_rsc=1cfbd:0
[   50086ms] [ERROR] Failed to load resource: the server responded with a status of 500 (Internal Server Error) @ http://localhost:3000/formaciones-complementarias:0
[   51064ms] [INFO] %cDownload the React DevTools for a better development experience: https://react.dev/link/react-devtools font-weight:bold @ http://localhost:3000/_next/static/chunks/node_modules_react-dom_0bruynb._.js:15305
[   51235ms] Error: ./src/app/formaciones-complementarias/page.tsx:238:13
Expression expected
  236 |                 </div>
  237 |               </div>
> 238 |             </div>
      |             ^
  239 |           </div>
  240 |         </div>
  241 |       </section>

Parsing ecmascript source code failed

Import traces:
  Client Component Browser:
    ./src/app/formaciones-complementarias/page.tsx [Client Component Browser]
    ./src/app/formaciones-complementarias/page.tsx [Server Component]

  Client Component SSR:
    ./src/app/formaciones-complementarias/page.tsx [Client Component SSR]
    ./src/app/formaciones-complementarias/page.tsx [Server Component]


    at <unknown> (Error: ./src/app/formaciones-complementarias/page.tsx:238:13)
    at Object.getCompilationErrors (file://C:\Users\WinterOS\Desktop\one-true\node_modules\next\dist\server\dev\hot-reloader-turbopack.js:1186:59)
    at DevBundlerService.getCompilationError (file://C:\Users\WinterOS\Desktop\one-true\node_modules\next\dist\server\lib\dev-bundler-service.js:44:55)
    at DevServer.getCompilationError (file://C:\Users\WinterOS\Desktop\one-true\node_modules\next\dist\server\dev\next-dev-server.js:719:42)
    at DevServer.findPageComponents (file://C:\Users\WinterOS\Desktop\one-true\node_modules\next\dist\server\dev\next-dev-server.js:689:43)
    at async DevServer.renderErrorToResponseImpl (file://C:\Users\WinterOS\Desktop\one-true\node_modules\next\dist\server\base-server.js:1745:26)
[   51234ms] [LOG] [HMR] connected @ http://localhost:3000/_next/static/chunks/node_modules_next_dist_0u_w_5s._.js:1226
[   51249ms] [ERROR] ./src/app/formaciones-complementarias/page.tsx:238:13
Expression expected
  236 |                 </div>
  237 |               </div>
> 238 |             </div>
      |             ^
  239 |           </div>
  240 |         </div>
  241 |       </section>

Parsing ecmascript source code failed

Import traces:
  Client Component Browser:
    ./src/app/formaciones-complementarias/page.tsx [Client Component Browser]
    ./src/app/formaciones-complementarias/page.tsx [Server Component]

  Client Component SSR:
    ./src/app/formaciones-complementarias/page.tsx [Client Component SSR]
    ./src/app/formaciones-complementarias/page.tsx [Server Component] @ http://localhost:3000/_next/static/chunks/node_modules_next_dist_0u_w_5s._.js:1945
[   51249ms] [ERROR] ./src/app/formaciones-complementarias/page.tsx:238:14
Unterminated regexp literal
  236 |                 </div>
  237 |               </div>
> 238 |             </div>
      |              ^^^^^
  239 |           </div>
  240 |         </div>
  241 |       </section>

Parsing ecmascript source code failed

Import traces:
  Client Component Browser:
    ./src/app/formaciones-complementarias/page.tsx [Client Component Browser]
    ./src/app/formaciones-complementarias/page.tsx [Server Component]

  Client Component SSR:
    ./src/app/formaciones-complementarias/page.tsx [Client Component SSR]
    ./src/app/formaciones-complementarias/page.tsx [Server Component] @ http://localhost:3000/_next/static/chunks/node_modules_next_dist_0u_w_5s._.js:1945
[   51250ms] [ERROR] ./src/app/formaciones-complementarias/page.tsx:238:13
Expression expected
  236 |                 </div>
  237 |               </div>
> 238 |             </div>
      |             ^
  239 |           </div>
  240 |         </div>
  241 |       </section>

Parsing ecmascript source code failed

Import traces:
  Client Component Browser:
    ./src/app/formaciones-complementarias/page.tsx [Client Component Browser]
    ./src/app/formaciones-complementarias/page.tsx [Server Component]

  Client Component SSR:
    ./src/app/formaciones-complementarias/page.tsx [Client Component SSR]
    ./src/app/formaciones-complementarias/page.tsx [Server Component] @ http://localhost:3000/_next/static/chunks/node_modules_next_dist_0u_w_5s._.js:1945
[   51250ms] [ERROR] ./src/app/formaciones-complementarias/page.tsx:238:14
Unterminated regexp literal
  236 |                 </div>
  237 |               </div>
> 238 |             </div>
      |              ^^^^^
  239 |           </div>
  240 |         </div>
  241 |       </section>

Parsing ecmascript source code failed

Import traces:
  Client Component Browser:
    ./src/app/formaciones-complementarias/page.tsx [Client Component Browser]
    ./src/app/formaciones-complementarias/page.tsx [Server Component]

  Client Component SSR:
    ./src/app/formaciones-complementarias/page.tsx [Client Component SSR]
    ./src/app/formaciones-complementarias/page.tsx [Server Component] @ http://localhost:3000/_next/static/chunks/node_modules_next_dist_0u_w_5s._.js:1945
[   51411ms] [LOG] [Fast Refresh] rebuilding @ http://localhost:3000/_next/static/chunks/node_modules_next_dist_0u_w_5s._.js:1226
[   51413ms] [ERROR] ./src/app/formaciones-complementarias/page.tsx:238:13
Expression expected
  236 |                 </div>
  237 |               </div>
> 238 |             </div>
      |             ^
  239 |           </div>
  240 |         </div>
  241 |       </section>

Parsing ecmascript source code failed

Import traces:
  Client Component Browser:
    ./src/app/formaciones-complementarias/page.tsx [Client Component Browser]
    ./src/app/formaciones-complementarias/page.tsx [Server Component]

  Client Component SSR:
    ./src/app/formaciones-complementarias/page.tsx [Client Component SSR]
    ./src/app/formaciones-complementarias/page.tsx [Server Component] @ http://localhost:3000/_next/static/chunks/node_modules_next_dist_0u_w_5s._.js:1945
[   51413ms] [ERROR] ./src/app/formaciones-complementarias/page.tsx:238:14
Unterminated regexp literal
  236 |                 </div>
  237 |               </div>
> 238 |             </div>
      |              ^^^^^
  239 |           </div>
  240 |         </div>
  241 |       </section>

Parsing ecmascript source code failed

Import traces:
  Client Component Browser:
    ./src/app/formaciones-complementarias/page.tsx [Client Component Browser]
    ./src/app/formaciones-complementarias/page.tsx [Server Component]

  Client Component SSR:
    ./src/app/formaciones-complementarias/page.tsx [Client Component SSR]
    ./src/app/formaciones-complementarias/page.tsx [Server Component] @ http://localhost:3000/_next/static/chunks/node_modules_next_dist_0u_w_5s._.js:1945
[   56635ms] [LOG] [Fast Refresh] rebuilding @ http://localhost:3000/_next/static/chunks/node_modules_next_dist_0u_w_5s._.js:1226
[   56786ms] [LOG] [Fast Refresh] done in 250ms @ http://localhost:3000/_next/static/chunks/node_modules_next_dist_0u_w_5s._.js:1226
[   56981ms] [LOG] [Fast Refresh] rebuilding @ http://localhost:3000/_next/static/chunks/node_modules_next_dist_0u_w_5s._.js:1226
[   58300ms] [LOG] [Fast Refresh] done in 1426ms @ http://localhost:3000/_next/static/chunks/node_modules_next_dist_0u_w_5s._.js:1226
[   58946ms] [ERROR] Error: <path> attribute d: Expected number, "…-.073-4.949-.073zm0 5.838c-3.403…". @ http://localhost:3000/formaciones-complementarias:0
