[     631ms] [WARNING] Error with Permissions-Policy header: Invalid allowlist item(https://pay.google.com) for feature payment. Allowlist item must be *, self or quoted url. @ :0
[    1424ms] [ERROR] Failed to load resource: net::ERR_CONNECTION_RESET @ https://seoab.io/:0
[    1808ms] [WARNING] [GPT] PubAdsService.enableSingleRequest is deprecated, use googletag.setConfig({singleRequest: ...}) instead.
https://goo.gle/gpt-message#170 @ https://securepubads.g.doubleclick.net/pagead/managed/js/gpt/m202605280101/pubads_impl.js?cb=31098850:18
[    2049ms] [WARNING] [GSI_LOGGER]: Your client application uses one of the Google One Tap prompt UI status methods that may stop functioning when FedCM becomes mandatory. Refer to the migration guide to update your code accordingly and opt-in to FedCM to test your changes. Learn more: https://developers.google.com/identity/gsi/web/guides/fedcm-migration?s=dc#display_moment and https://developers.google.com/identity/gsi/web/guides/fedcm-migration?s=dc#skipped_moment @ https://accounts.google.com/gsi/client:84
[    3001ms] [WARNING] [GPT] Slot.setTargeting is deprecated, use Slot.setConfig({targeting: ...}) instead.
https://goo.gle/gpt-message#171 @ https://securepubads.g.doubleclick.net/pagead/managed/js/gpt/m202605280101/pubads_impl.js?cb=31098850:18
[    3998ms] [WARNING] An iframe which has both allow-scripts and allow-same-origin for its sandbox attribute can escape its sandboxing. @ https://ssm.codes/smart-tag/flaticoncomv2.js:85
[    4509ms] [DIR] SyntaxError @ https://js.ad-score.com/score.min.js?pid=1000925&tt=g:1
[    4824ms] [WARNING] The powerPreference option is currently ignored when calling requestAdapter() on Windows. See https://crbug.com/369219127 @ https://js.ad-score.com/score.min.js?pid=1000925&tt=g:1
[    5180ms] [ERROR] Failed to load resource: net::ERR_NAME_NOT_RESOLVED @ https://su.addthis.com/red/usync?pid=11124&puid=03f64e94-9365-41c0-9700-06c57d891e06&url=https%3a%2f%2fmatch.adsrvr.org%2ftrack%2fcmf%2fgeneric%3fttd_pid%3daddthis:0
[    5457ms] [TIMEEND] a: 0.001953125 ms @ https://static.adsafeprotected.com/sca.17.6.4.js:31
[    6155ms] [ERROR] Failed to load resource: net::ERR_CERT_DATE_INVALID @ https://measureadv.com/user?gdpr=0&gdpr_consent=&usp_consent=&p=4:0
[    6155ms] [ERROR] Failed to load resource: net::ERR_CERT_DATE_INVALID @ https://measureadv.com/user?gdpr=0&gdpr_consent=&usp_consent=&p=4:0
[    6329ms] [ERROR] Failed to load resource: the server responded with a status of 404 (Not Found) @ https://us.shb-sync.com/bf2debb3-8b3f-11ed-9a3c-0cc47a787f5e.gif?redir=https%3A%2F%2Fs.ad.smaato.net%2Fc%2F%3FdspId%3D1170%26dspCookie%3D%24UID%26gdpr%3D0%26gdpr_consent%3D&gdpr=0&gdpr_consent=:0
[    6558ms] [ERROR] Failed to load resource: the server responded with a status of 404 () @ https://cs.admanmedia.com/c899400112bd5b9243b3993d9a074653.gif?puid=[UID]&redir=https%3A%2F%2Fcsync.smilewanted.com%2Fset_partner_userid_get%2Fillumin%2F%5BUID%5D&gdpr=0&gdpr_consent=:0
[    7067ms] [WARNING] The resource https://media.flaticon.com/dist/min/img/logo/flaticon_negative.svg was preloaded using link preload but not used within a few seconds from the window's load event. Please make sure it has an appropriate `as` value and it is preloaded intentionally. @ https://www.flaticon.com/search?word=evaluation&type=standard:0
[    7832ms] [ERROR] Failed to load resource: net::ERR_CONNECTION_REFUSED @ https://cs.playdigo.com/dd3f91b3168664e47ebd1aec9512abd4.gif?puid=ID5-5-73c6d096-2b70-4482-9e98-0d1dcf1c5b6d&redir=https%3A%2F%2Fsync.inmobi.com%2Fsetuid%3FbidderID%3D1302%26dspUserId%3D%5BUID%5D&gdpr=0&gdpr_consent=:0
[   10848ms] [WARNING] The resource https://media.flaticon.com/dist/min/img/logo/flaticon_negative.svg was preloaded using link preload but not used within a few seconds from the window's load event. Please make sure it has an appropriate `as` value and it is preloaded intentionally. @ https://www.flaticon.com/search?word=evaluation&type=standard:0
[   39087ms] [WARNING] The resource https://media.flaticon.com/dist/min/img/logo/flaticon_negative.svg was preloaded using link preload but not used within a few seconds from the window's load event. Please make sure it has an appropriate `as` value and it is preloaded intentionally. @ https://www.flaticon.com/search?word=evaluation&type=standard:0
[   68965ms] [WARNING] The resource https://media.flaticon.com/dist/min/img/logo/flaticon_negative.svg was preloaded using link preload but not used within a few seconds from the window's load event. Please make sure it has an appropriate `as` value and it is preloaded intentionally. @ https://www.flaticon.com/search?word=evaluation&type=standard:0
[   95604ms] [ERROR] Failed to load resource: net::ERR_CONNECTION_CLOSED @ https://csi.gstatic.com/csi?v=2&s=osv&dmc=16&puid=1~mpxesqm7&c=118316708921&slotId=59158354460&qqid=CMCdlK_66ZQDFQIgHgAdLhQdKg&fb=outstream-lima&sei=44752538%2C95363795%2C420706098%2C789179015%2C798227501&nsei=44714510%2C44729911%2C44730425%2C44730426%2C72811302%2C75259405%2C75259407%2C75259408%2C75259414%2C95329494%2C318491509%2C447279544&bi=outstream:0
[   95605ms] [ERROR] Failed to load resource: net::ERR_CONNECTION_CLOSED @ https://csi.gstatic.com/csi?v=2&s=osv&dmc=16&puid=2~mpxesqmf&c=118316708921&slotId=59158354460&qqid=CMCdlK_66ZQDFQIgHgAdLhQdKg&fb=outstream-lima&ulv=1&cll=0&met.4=arp_a_s.lw&vast_v=4.0&lima_p_ich=0&lima_p_icu=0:0
[  100135ms] [WARNING] The resource https://media.flaticon.com/dist/min/img/logo/flaticon_negative.svg was preloaded using link preload but not used within a few seconds from the window's load event. Please make sure it has an appropriate `as` value and it is preloaded intentionally. @ https://www.flaticon.com/search?word=evaluation&type=standard:0
[   95604ms] [ERROR] Failed to load resource: net::ERR_CONNECTION_CLOSED @ https://csi.gstatic.com/csi?v=2&s=osv&dmc=16&puid=1~mpxesqm7&c=118316708921&slotId=59158354460&qqid=CMCdlK_66ZQDFQIgHgAdLhQdKg&fb=outstream-lima&sei=44752538%2C95363795%2C420706098%2C789179015%2C798227501&nsei=44714510%2C44729911%2C44730425%2C44730426%2C72811302%2C75259405%2C75259407%2C75259408%2C75259414%2C95329494%2C318491509%2C447279544&bi=outstream:0
[   95605ms] [ERROR] Failed to load resource: net::ERR_CONNECTION_CLOSED @ https://csi.gstatic.com/csi?v=2&s=osv&dmc=16&puid=2~mpxesqmf&c=118316708921&slotId=59158354460&qqid=CMCdlK_66ZQDFQIgHgAdLhQdKg&fb=outstream-lima&ulv=1&cll=0&met.4=arp_a_s.lw&vast_v=4.0&lima_p_ich=0&lima_p_icu=0:0
[  131404ms] [WARNING] The resource https://media.flaticon.com/dist/min/img/logo/flaticon_negative.svg was preloaded using link preload but not used within a few seconds from the window's load event. Please make sure it has an appropriate `as` value and it is preloaded intentionally. @ https://www.flaticon.com/search?word=evaluation&type=standard:0
[   95604ms] [ERROR] Failed to load resource: net::ERR_CONNECTION_CLOSED @ https://csi.gstatic.com/csi?v=2&s=osv&dmc=16&puid=1~mpxesqm7&c=118316708921&slotId=59158354460&qqid=CMCdlK_66ZQDFQIgHgAdLhQdKg&fb=outstream-lima&sei=44752538%2C95363795%2C420706098%2C789179015%2C798227501&nsei=44714510%2C44729911%2C44730425%2C44730426%2C72811302%2C75259405%2C75259407%2C75259408%2C75259414%2C95329494%2C318491509%2C447279544&bi=outstream:0
[   95605ms] [ERROR] Failed to load resource: net::ERR_CONNECTION_CLOSED @ https://csi.gstatic.com/csi?v=2&s=osv&dmc=16&puid=2~mpxesqmf&c=118316708921&slotId=59158354460&qqid=CMCdlK_66ZQDFQIgHgAdLhQdKg&fb=outstream-lima&ulv=1&cll=0&met.4=arp_a_s.lw&vast_v=4.0&lima_p_ich=0&lima_p_icu=0:0
[  163271ms] [WARNING] The resource https://media.flaticon.com/dist/min/img/logo/flaticon_negative.svg was preloaded using link preload but not used within a few seconds from the window's load event. Please make sure it has an appropriate `as` value and it is preloaded intentionally. @ https://www.flaticon.com/search?word=evaluation&type=standard:0
[  187715ms] [WARNING] An iframe which has both allow-scripts and allow-same-origin for its sandbox attribute can escape its sandboxing. @ https://ssm.codes/smart-tag/flaticoncomv2.js:85
[  190094ms] [TIMEEND] a: 0.006103515625 ms @ https://static.adsafeprotected.com/sca.17.6.4.js:31
[  190737ms] [WARNING] The resource https://media.flaticon.com/dist/min/img/logo/flaticon_negative.svg was preloaded using link preload but not used within a few seconds from the window's load event. Please make sure it has an appropriate `as` value and it is preloaded intentionally. @ https://www.flaticon.com/search?word=evaluation&type=standard:0
[  199691ms] [WARNING] The resource https://media.flaticon.com/dist/min/img/logo/flaticon_negative.svg was preloaded using link preload but not used within a few seconds from the window's load event. Please make sure it has an appropriate `as` value and it is preloaded intentionally. @ https://www.flaticon.com/search?word=evaluation&type=standard:0
[   95604ms] [ERROR] Failed to load resource: net::ERR_CONNECTION_CLOSED @ https://csi.gstatic.com/csi?v=2&s=osv&dmc=16&puid=1~mpxesqm7&c=118316708921&slotId=59158354460&qqid=CMCdlK_66ZQDFQIgHgAdLhQdKg&fb=outstream-lima&sei=44752538%2C95363795%2C420706098%2C789179015%2C798227501&nsei=44714510%2C44729911%2C44730425%2C44730426%2C72811302%2C75259405%2C75259407%2C75259408%2C75259414%2C95329494%2C318491509%2C447279544&bi=outstream:0
[   95605ms] [ERROR] Failed to load resource: net::ERR_CONNECTION_CLOSED @ https://csi.gstatic.com/csi?v=2&s=osv&dmc=16&puid=2~mpxesqmf&c=118316708921&slotId=59158354460&qqid=CMCdlK_66ZQDFQIgHgAdLhQdKg&fb=outstream-lima&ulv=1&cll=0&met.4=arp_a_s.lw&vast_v=4.0&lima_p_ich=0&lima_p_icu=0:0
[  225255ms] [WARNING] The resource https://media.flaticon.com/dist/min/img/logo/flaticon_negative.svg was preloaded using link preload but not used within a few seconds from the window's load event. Please make sure it has an appropriate `as` value and it is preloaded intentionally. @ https://www.flaticon.com/search?word=evaluation&type=standard:0
