[     119ms] [LOG] [Fast Refresh] rebuilding @ http://localhost:3000/_next/static/chunks/node_modules_next_dist_115brz8._.js:2431
[     380ms] [LOG] [Fast Refresh] done in 366ms @ http://localhost:3000/_next/static/chunks/node_modules_next_dist_115brz8._.js:2431
[     475ms] [INFO] %cDownload the React DevTools for a better development experience: https://react.dev/link/react-devtools font-weight:bold @ http://localhost:3000/_next/static/chunks/node_modules_next_dist_115brz8._.js:2431
[     508ms] [LOG] [HMR] connected @ http://localhost:3000/_next/static/chunks/node_modules_next_dist_115brz8._.js:2431
[     544ms] [WARNING] %c%s%c [33m[1m⚠[22m[39m metadataBase property in metadata export is not set for resolving social open graph or twitter images, using "http://localhost:3000". See https://nextjs.org/docs/app/api-reference/functions/generate-metadata#metadatabase background: #e6e6e6;background: light-dark(rgba(0,0,0,0.1), rgba(255,255,255,0.25));color: #000000;color: light-dark(#000000, #ffffff);border-radius: 2px  Server   @ http://localhost:3000/_next/static/chunks/node_modules_next_dist_115brz8._.js:2431
[     748ms] [LOG] [Fast Refresh] rebuilding @ http://localhost:3000/_next/static/chunks/node_modules_next_dist_115brz8._.js:2431
[     801ms] [LOG] [Fast Refresh] done in 157ms @ http://localhost:3000/_next/static/chunks/node_modules_next_dist_115brz8._.js:2431
[   31900ms] [LOG] [Fast Refresh] rebuilding @ http://localhost:3000/_next/static/chunks/node_modules_next_dist_115brz8._.js:2431
[   31929ms] [LOG] [Fast Refresh] done in 138ms @ http://localhost:3000/_next/static/chunks/node_modules_next_dist_115brz8._.js:2431
[   65018ms] [ERROR] WebSocket connection to 'ws://localhost:3000/_next/webpack-hmr?id=hLRm-KNpqnt8Yujscw_to' failed: Error in connection establishment: net::ERR_CONNECTION_REFUSED @ http://localhost:3000/_next/static/chunks/node_modules_next_dist_client_0fhqo1d._.js:13299
[   68372ms] [ERROR] WebSocket connection to 'ws://localhost:3000/_next/webpack-hmr?id=hLRm-KNpqnt8Yujscw_to' failed: Error in connection establishment: net::ERR_CONNECTION_REFUSED @ http://localhost:3000/_next/static/chunks/node_modules_next_dist_client_0fhqo1d._.js:13299
[   71756ms] [ERROR] WebSocket connection to 'ws://localhost:3000/_next/webpack-hmr?id=hLRm-KNpqnt8Yujscw_to' failed: Error in connection establishment: net::ERR_CONNECTION_REFUSED @ http://localhost:3000/_next/static/chunks/node_modules_next_dist_client_0fhqo1d._.js:13299
[   75103ms] [ERROR] WebSocket connection to 'ws://localhost:3000/_next/webpack-hmr?id=hLRm-KNpqnt8Yujscw_to' failed: Error in connection establishment: net::ERR_CONNECTION_REFUSED @ http://localhost:3000/_next/static/chunks/node_modules_next_dist_client_0fhqo1d._.js:13299
[   78450ms] [ERROR] WebSocket connection to 'ws://localhost:3000/_next/webpack-hmr?id=hLRm-KNpqnt8Yujscw_to' failed: Error in connection establishment: net::ERR_CONNECTION_REFUSED @ http://localhost:3000/_next/static/chunks/node_modules_next_dist_client_0fhqo1d._.js:13299
[   85788ms] [ERROR] WebSocket connection to 'ws://localhost:3000/_next/webpack-hmr?id=hLRm-KNpqnt8Yujscw_to' failed: Error in connection establishment: net::ERR_CONNECTION_REFUSED @ http://localhost:3000/_next/static/chunks/node_modules_next_dist_client_0fhqo1d._.js:13299
[   93171ms] [ERROR] WebSocket connection to 'ws://localhost:3000/_next/webpack-hmr?id=hLRm-KNpqnt8Yujscw_to' failed: Error in connection establishment: net::ERR_CONNECTION_REFUSED @ http://localhost:3000/_next/static/chunks/node_modules_next_dist_client_0fhqo1d._.js:13299
[  100504ms] [ERROR] WebSocket connection to 'ws://localhost:3000/_next/webpack-hmr?id=hLRm-KNpqnt8Yujscw_to' failed: Error in connection establishment: net::ERR_CONNECTION_REFUSED @ http://localhost:3000/_next/static/chunks/node_modules_next_dist_client_0fhqo1d._.js:13299
[  107853ms] [ERROR] WebSocket connection to 'ws://localhost:3000/_next/webpack-hmr?id=hLRm-KNpqnt8Yujscw_to' failed: Error in connection establishment: net::ERR_CONNECTION_REFUSED @ http://localhost:3000/_next/static/chunks/node_modules_next_dist_client_0fhqo1d._.js:13299
[  115205ms] [ERROR] WebSocket connection to 'ws://localhost:3000/_next/webpack-hmr?id=hLRm-KNpqnt8Yujscw_to' failed: Error in connection establishment: net::ERR_CONNECTION_REFUSED @ http://localhost:3000/_next/static/chunks/node_modules_next_dist_client_0fhqo1d._.js:13299
[  122555ms] [ERROR] WebSocket connection to 'ws://localhost:3000/_next/webpack-hmr?id=hLRm-KNpqnt8Yujscw_to' failed: Error in connection establishment: net::ERR_CONNECTION_REFUSED @ http://localhost:3000/_next/static/chunks/node_modules_next_dist_client_0fhqo1d._.js:13299
[  129923ms] [ERROR] WebSocket connection to 'ws://localhost:3000/_next/webpack-hmr?id=hLRm-KNpqnt8Yujscw_to' failed: Error in connection establishment: net::ERR_CONNECTION_REFUSED @ http://localhost:3000/_next/static/chunks/node_modules_next_dist_client_0fhqo1d._.js:13299
