[     908ms] [WARNING] Error with Permissions-Policy header: Invalid allowlist item(https://pay.google.com) for feature payment. Allowlist item must be *, self or quoted url. @ :0
[    2075ms] [ERROR] Failed to load resource: net::ERR_CONNECTION_RESET @ https://seoab.io/:0
[    2406ms] [WARNING] [GPT] PubAdsService.enableSingleRequest is deprecated, use googletag.setConfig({singleRequest: ...}) instead.
https://goo.gle/gpt-message#170 @ https://securepubads.g.doubleclick.net/pagead/managed/js/gpt/m202605280101/pubads_impl.js?cb=31098850:18
[    3498ms] [WARNING] [GSI_LOGGER]: Your client application uses one of the Google One Tap prompt UI status methods that may stop functioning when FedCM becomes mandatory. Refer to the migration guide to update your code accordingly and opt-in to FedCM to test your changes. Learn more: https://developers.google.com/identity/gsi/web/guides/fedcm-migration?s=dc#display_moment and https://developers.google.com/identity/gsi/web/guides/fedcm-migration?s=dc#skipped_moment @ https://accounts.google.com/gsi/client:84
[    4362ms] [WARNING] [GPT] Slot.setTargeting is deprecated, use Slot.setConfig({targeting: ...}) instead.
https://goo.gle/gpt-message#171 @ https://securepubads.g.doubleclick.net/pagead/managed/js/gpt/m202605280101/pubads_impl.js?cb=31098850:18
[    5031ms] [WARNING] An iframe which has both allow-scripts and allow-same-origin for its sandbox attribute can escape its sandboxing. @ https://ssm.codes/smart-tag/flaticoncomv2.js:85
[    7197ms] [TIMEEND] a: 0.010009765625 ms @ https://static.adsafeprotected.com/sca.17.6.4.js:31
[    7430ms] [ERROR] Failed to load resource: the server responded with a status of 400 () @ https://eb2.3lift.com/xuid?idenv=:0
[    7500ms] [ERROR] Attestation check for Shared Storage on https://www.googleadservices.com failed. @ https://www.googleadservices.com/pagead/managed/js/activeview/current/reach_worklet.html:0
[    8054ms] [ERROR] Failed to load resource: the server responded with a status of 404 () @ https://cs.admanmedia.com/c899400112bd5b9243b3993d9a074653.gif?puid=[UID]&redir=https%3A%2F%2Fcsync.smilewanted.com%2Fset_partner_userid_get%2Fillumin%2F%5BUID%5D&gdpr=0&gdpr_consent=:0
[    8161ms] [ERROR] Failed to load resource: net::ERR_CERT_DATE_INVALID @ https://measureadv.com/user?gdpr=0&gdpr_consent=&usp_consent=&p=4:0
[    8197ms] [WARNING] The resource https://media.flaticon.com/dist/min/img/logo/flaticon_negative.svg was preloaded using link preload but not used within a few seconds from the window's load event. Please make sure it has an appropriate `as` value and it is preloaded intentionally. @ https://www.flaticon.com/search?word=test%20exam&style=lineal-color&type=standard:0
[    8161ms] [ERROR] Failed to load resource: net::ERR_CERT_DATE_INVALID @ https://measureadv.com/user?gdpr=0&gdpr_consent=&usp_consent=&p=4:0
[    8636ms] [ERROR] Failed to load resource: the server responded with a status of 451 () @ https://idsync.rlcdn.com/403896.gif?partner_uid=0-e8969e9b-f942-5ff0-5c1b-9d665d813c38$ip$181.27.10.235&gdpr=&gdpr_consent=:0
[    8833ms] [ERROR] Failed to load resource: the server responded with a status of 451 () @ https://idsync.rlcdn.com/403896.gif?partner_uid=0-e8969e9b-f942-5ff0-5c1b-9d665d813c38$ip$181.27.10.235&gdpr=&gdpr_consent=:0
[   10239ms] [ERROR] Failed to load resource: net::ERR_CONNECTION_REFUSED @ https://cs.playdigo.com/dd3f91b3168664e47ebd1aec9512abd4.gif?puid=ID5-5-73c6d096-2b70-4482-9e98-0d1dcf1c5b6d&redir=https%3A%2F%2Fsync.inmobi.com%2Fsetuid%3FbidderID%3D1302%26dspUserId%3D%5BUID%5D&gdpr=0&gdpr_consent=:0
[   14162ms] [ERROR] Failed to load resource: net::ERR_TOO_MANY_REDIRECTS @ https://bh.contextweb.com/bh/rtset?pid=561914&ev=1&us_privacy=&gdpr=0&gdpr_consent=&rurl=https%3A%2F%2Fuser-sync.fwmrm.net%2Fad%2Fu%3Fmode%3Duser-register%26dspid%3D80%26dspuid%3D%25%25VGUID%25%25%26gdpr%3D0%26gdpr_consent%3D%26us_privacy%3D%26gpp%3D%26gpp_sid%3D%26_fw_is_lat%3D%26_fw_atts%3D%26_fw_coppa%3D:0
[   17171ms] [WARNING] The resource https://media.flaticon.com/dist/min/img/logo/flaticon_negative.svg was preloaded using link preload but not used within a few seconds from the window's load event. Please make sure it has an appropriate `as` value and it is preloaded intentionally. @ https://www.flaticon.com/search?word=test%20exam&style=lineal-color&type=standard:0
[   26454ms] [WARNING] The resource https://media.flaticon.com/dist/min/img/logo/flaticon_negative.svg was preloaded using link preload but not used within a few seconds from the window's load event. Please make sure it has an appropriate `as` value and it is preloaded intentionally. @ https://www.flaticon.com/search?word=test%20exam&style=lineal-color&type=standard:0
[   38661ms] [WARNING] The resource https://media.flaticon.com/dist/min/img/logo/flaticon_negative.svg was preloaded using link preload but not used within a few seconds from the window's load event. Please make sure it has an appropriate `as` value and it is preloaded intentionally. @ https://www.flaticon.com/search?word=test%20exam&style=lineal-color&type=standard:0
